[INFO|CRAWLER.py] 2020-11-17 12:50:49,872 > 작업완료된 강의 객체 목록 다운로드 시작
[INFO|CRAWLER.py] 2020-11-17 12:51:16,692 > 작업완료된 강의 객체 목록 다운로드 완료
[INFO|CRAWLER.py] 2020-11-17 12:51:22,986 > 20202-문과대학-문과대학 공통 수집 시작
[INFO|CRAWLER.py] 2020-11-17 12:51:23,629 > 9 rows in 1-9 of 9
[INFO|CRAWLER.py] 2020-11-17 12:51:23,671 > 유의사항 기준 탐색 완료
[INFO|CRAWLER.py] 2020-11-17 12:51:24,191 > 9 rows in 1-9 of 9
[INFO|CRAWLER.py] 2020-11-17 12:51:26,245 > TTP3829-01-00 cleared
[INFO|CRAWLER.py] 2020-11-17 12:51:28,325 > HUM2037-01-00 cleared
[INFO|CRAWLER.py] 2020-11-17 12:51:30,411 > HUM2038-01-00 cleared
[INFO|CRAWLER.py] 2020-11-17 12:51:32,483 > HUM2046-01-00 cleared
[INFO|CRAWLER.py] 2020-11-17 12:51:34,562 > HUM2047-01-00 cleared
[INFO|CRAWLER.py] 2020-11-17 12:51:36,622 > HUM2048-01-00 cleared
[INFO|CRAWLER.py] 2020-11-17 12:51:38,688 > HUM2049-01-00 cleared
[INFO|CRAWLER.py] 2020-11-17 12:51:40,775 > HUM3001-01-00 cleared
[INFO|CRAWLER.py] 2020-11-17 12:51:42,857 > HUM3007-01-00 cleared
[INFO|CRAWLER.py] 2020-11-17 12:51:44,883 > 문과대학 공통 탐색 완료
[INFO|CRAWLER.py] 2020-11-17 12:51:44,884 > 20202-문과대학-국어국문학전공 수집 시작
[INFO|CRAWLER.py] 2020-11-17 12:51:45,475 > 15 rows in 1-15 of 33
[INFO|CRAWLER.py] 2020-11-17 12:51:45,501 > 유의사항 기준 탐색 완료
[INFO|CRAWLER.py] 2020-11-17 12:51:46,018 > 15 rows in 1-15 of 33
[INFO|CRAWLER.py] 2020-11-17 12:51:48,092 > KOR1001-01-00 cleared
[INFO|CRAWLER.py] 2020-11-17 12:51:50,178 > KOR1101-01-00 cleared
[INFO|CRAWLER.py] 2020-11-17 12:51:52,289 > KOR1102-01-00 cleared
[INFO|CRAWLER.py] 2020-11-17 12:51:54,369 > KOR1106-01-00 cleared
[INFO|CRAWLER.py] 2020-11-17 12:51:56,432 > KOR2002-01-00 cleared
[INFO|CRAWLER.py] 2020-11-17 12:51:58,490 > KOR2002-02-00 cleared
[INFO|CRAWLER.py] 2020-11-17 12:52:00,546 > KOR2002-03-00 cleared
[INFO|CRAWLER.py] 2020-11-17 12:52:02,610 > KOR2002-04-00 cleared
[INFO|CRAWLER.py] 2020-11-17 12:52:04,669 > KOR2002-05-00 cleared
[INFO|CRAWLER.py] 2020-11-17 12:52:06,734 > KOR2002-06-00 cleared
[INFO|CRAWLER.py] 2020-11-17 12:52:08,791 > KOR2002-07-00 cleared
[INFO|CRAWLER.py] 2020-11-17 12:52:10,852 > KOR2301-01-00 cleared
[INFO|CRAWLER.py] 2020-11-17 12:52:12,914 > KOR2306-01-00 cleared
[INFO|CRAWLER.py] 2020-11-17 12:52:14,993 > KOR2308-01-00 cleared
[INFO|CRAWLER.py] 2020-11-17 12:52:17,054 > KOR2309-01-00 cleared
[INFO|CRAWLER.py] 2020-11-17 12:52:19,651 > 15 rows in 16-30 of 33
[INFO|CRAWLER.py] 2020-11-17 12:52:21,732 > KOR2312-01-00 cleared
[INFO|CRAWLER.py] 2020-11-17 12:52:23,815 > KOR2509-01-00 cleared
[INFO|CRAWLER.py] 2020-11-17 12:52:25,888 > KOR3301-01-00 cleared
[INFO|CRAWLER.py] 2020-11-17 12:52:27,996 > KOR3310-01-00 cleared
[INFO|CRAWLER.py] 2020-11-17 12:52:30,049 > KOR3315-01-00 cleared
[INFO|CRAWLER.py] 2020-11-17 12:52:32,110 > KOR3402-01-00 cleared
[INFO|CRAWLER.py] 2020-11-17 12:52:34,185 > KOR3414-01-00 cleared
[INFO|CRAWLER.py] 2020-11-17 12:52:36,238 > KOR3501-01-00 cleared
[INFO|CRAWLER.py] 2020-11-17 12:52:38,299 > KOR3512-01-00 cleared
[INFO|CRAWLER.py] 2020-11-17 12:52:40,368 > KOR3513-01-00 cleared
[INFO|CRAWLER.py] 2020-11-17 12:52:42,440 > KOR3516-01-00 cleared
[INFO|CRAWLER.py] 2020-11-17 12:52:44,502 > KOR3521-01-00 cleared
[INFO|CRAWLER.py] 2020-11-17 12:52:46,565 > KOR3525-01-00 cleared
[INFO|CRAWLER.py] 2020-11-17 12:52:48,638 > KOR3526-01-00 cleared
[INFO|CRAWLER.py] 2020-11-17 12:52:50,740 > KOR3529-01-00 cleared
[INFO|CRAWLER.py] 2020-11-17 12:52:53,286 > 3 rows in 31-33 of 33
[INFO|CRAWLER.py] 2020-11-17 12:52:55,351 > KOR4601-01-00 cleared
[INFO|CRAWLER.py] 2020-11-17 12:52:57,409 > TTP3801-01-00 cleared
[INFO|CRAWLER.py] 2020-11-17 12:52:59,480 > KOR4410-01-00 cleared
[INFO|CRAWLER.py] 2020-11-17 12:53:01,526 > 국어국문학전공 탐색 완료
[INFO|CRAWLER.py] 2020-11-17 12:53:01,527 > 20202-문과대학-사학전공 수집 시작
[INFO|CRAWLER.py] 2020-11-17 12:53:02,178 > 15 rows in 1-15 of 22
[INFO|CRAWLER.py] 2020-11-17 12:53:02,209 > 유의사항 기준 탐색 완료
[INFO|CRAWLER.py] 2020-11-17 12:53:02,726 > 15 rows in 1-15 of 22
[INFO|CRAWLER.py] 2020-11-17 12:53:04,791 > HIS2702-01-00 cleared
[INFO|CRAWLER.py] 2020-11-17 12:53:06,880 > HIS2401-01-00 cleared
[INFO|CRAWLER.py] 2020-11-17 12:53:08,944 > HIS2701-01-00 cleared
[INFO|CRAWLER.py] 2020-11-17 12:53:11,025 > HIS2003-01-00 cleared
[INFO|CRAWLER.py] 2020-11-17 12:53:13,090 > HIS2103-01-00 cleared
[INFO|CRAWLER.py] 2020-11-17 12:53:15,163 > HIS2703-01-00 cleared
[INFO|CRAWLER.py] 2020-11-17 12:53:17,235 > HIS3110-01-00 cleared
[INFO|CRAWLER.py] 2020-11-17 12:53:19,323 > HIS3111-01-00 cleared
[INFO|CRAWLER.py] 2020-11-17 12:53:21,396 > HIS3117-01-00 cleared
[INFO|CRAWLER.py] 2020-11-17 12:53:23,476 > HIS3402-01-00 cleared
[INFO|CRAWLER.py] 2020-11-17 12:53:25,549 > HIS3403-01-00 cleared
[INFO|CRAWLER.py] 2020-11-17 12:53:27,624 > HIS3416-01-00 cleared
[INFO|CRAWLER.py] 2020-11-17 12:53:29,704 > HIS3426-01-00 cleared
[INFO|CRAWLER.py] 2020-11-17 12:53:31,787 > HIS3701-01-00 cleared
[INFO|CRAWLER.py] 2020-11-17 12:53:33,860 > HIS3733-01-00 cleared
[INFO|CRAWLER.py] 2020-11-17 12:53:36,443 > 7 rows in 16-22 of 22
[INFO|CRAWLER.py] 2020-11-17 12:53:38,536 > HIS3986-01-00 cleared
[INFO|CRAWLER.py] 2020-11-17 12:53:40,604 > HIS3991-01-00 cleared
[INFO|CRAWLER.py] 2020-11-17 12:53:42,666 > HIS4402-01-00 cleared
[INFO|CRAWLER.py] 2020-11-17 12:53:44,730 > HIS4804-01-00 cleared
[INFO|CRAWLER.py] 2020-11-17 12:53:46,789 > HIS4807-01-00 cleared
[INFO|CRAWLER.py] 2020-11-17 12:53:48,863 > HIS4810-01-00 cleared
[INFO|CRAWLER.py] 2020-11-17 12:53:50,946 > HIS4811-01-00 cleared
[INFO|CRAWLER.py] 2020-11-17 12:53:52,985 > 사학전공 탐색 완료
[INFO|CRAWLER.py] 2020-11-17 12:53:52,985 > 20202-문과대학-철학전공 수집 시작
[INFO|CRAWLER.py] 2020-11-17 12:53:53,616 > 15 rows in 1-15 of 18
[INFO|CRAWLER.py] 2020-11-17 12:53:53,641 > 유의사항 기준 탐색 완료
[INFO|CRAWLER.py] 2020-11-17 12:53:54,158 > 15 rows in 1-15 of 18
[INFO|CRAWLER.py] 2020-11-17 12:53:56,236 > PHI1001-01-00 cleared
[INFO|CRAWLER.py] 2020-11-17 12:53:58,304 > PHI1002-01-00 cleared
[INFO|CRAWLER.py] 2020-11-17 12:54:00,369 > PHI2151-01-00 cleared
[INFO|CRAWLER.py] 2020-11-17 12:54:02,468 > PHI2259-01-00 cleared
[INFO|CRAWLER.py] 2020-11-17 12:54:04,559 > PHI2261-01-00 cleared
[INFO|CRAWLER.py] 2020-11-17 12:54:06,614 > PHI2260-01-00 cleared
[INFO|CRAWLER.py] 2020-11-17 12:54:08,723 > PHI3274-01-00 cleared
[INFO|CRAWLER.py] 2020-11-17 12:54:10,828 > PHI3281-01-00 cleared
[INFO|CRAWLER.py] 2020-11-17 12:54:12,923 > PHI4266-01-00 cleared
[INFO|CRAWLER.py] 2020-11-17 12:54:14,990 > PHI3208-01-00 cleared
[INFO|CRAWLER.py] 2020-11-17 12:54:17,083 > PHI3264-01-00 cleared
[INFO|CRAWLER.py] 2020-11-17 12:54:19,151 > PHI3270-01-00 cleared
[INFO|CRAWLER.py] 2020-11-17 12:54:21,221 > PHI3271-01-00 cleared
[INFO|CRAWLER.py] 2020-11-17 12:54:23,279 > PHI4209-01-00 cleared
[INFO|CRAWLER.py] 2020-11-17 12:54:25,346 > PHI4256-01-00 cleared
[INFO|CRAWLER.py] 2020-11-17 12:54:27,894 > 3 rows in 16-18 of 18
[INFO|CRAWLER.py] 2020-11-17 12:54:29,958 > PHI4262-01-00 cleared
[INFO|CRAWLER.py] 2020-11-17 12:54:32,050 > PHI4265-01-00 cleared
[INFO|CRAWLER.py] 2020-11-17 12:54:34,118 > PHI4267-01-00 cleared
[INFO|CRAWLER.py] 2020-11-17 12:54:36,155 > 철학전공 탐색 완료
[INFO|CRAWLER.py] 2020-11-17 12:54:36,155 > 20202-문과대학-문헌정보학전공 수집 시작
[INFO|CRAWLER.py] 2020-11-17 12:54:36,774 > 14 rows in 1-14 of 14
[INFO|CRAWLER.py] 2020-11-17 12:54:36,801 > 유의사항 기준 탐색 완료
[INFO|CRAWLER.py] 2020-11-17 12:54:37,318 > 14 rows in 1-14 of 14
[INFO|CRAWLER.py] 2020-11-17 12:54:39,406 > LIS1102-01-00 cleared
[INFO|CRAWLER.py] 2020-11-17 12:54:41,459 > LIS2001-01-00 cleared
[INFO|CRAWLER.py] 2020-11-17 12:54:43,528 > LIS2601-01-00 cleared
[INFO|CRAWLER.py] 2020-11-17 12:54:45,590 > LIS2805-01-00 cleared
[INFO|CRAWLER.py] 2020-11-17 12:54:47,667 > LIS2806-01-00 cleared
[INFO|CRAWLER.py] 2020-11-17 12:54:49,727 > LIS3304-01-00 cleared
[INFO|CRAWLER.py] 2020-11-17 12:54:51,794 > LIS3605-01-00 cleared
[INFO|CRAWLER.py] 2020-11-17 12:54:53,879 > LIS3612-01-00 cleared
[INFO|CRAWLER.py] 2020-11-17 12:54:55,948 > LIS3806-01-00 cleared
[INFO|CRAWLER.py] 2020-11-17 12:54:58,019 > LIS3814-01-00 cleared
[INFO|CRAWLER.py] 2020-11-17 12:55:00,097 > LIS4302-01-00 cleared
[INFO|CRAWLER.py] 2020-11-17 12:55:02,158 > LIS4701-01-00 cleared
[INFO|CRAWLER.py] 2020-11-17 12:55:04,229 > LIS4704-01-00 cleared
[INFO|CRAWLER.py] 2020-11-17 12:55:06,291 > LIS4801-01-00 cleared
[INFO|CRAWLER.py] 2020-11-17 12:55:08,319 > 문헌정보학전공 탐색 완료
[INFO|CRAWLER.py] 2020-11-17 12:55:08,319 > 20202-문과대학-심리학전공 수집 시작
[INFO|CRAWLER.py] 2020-11-17 12:55:08,949 > 15 rows in 1-15 of 19
[INFO|CRAWLER.py] 2020-11-17 12:55:08,981 > 유의사항 기준 탐색 완료
[INFO|CRAWLER.py] 2020-11-17 12:55:09,499 > 15 rows in 1-15 of 19
[INFO|CRAWLER.py] 2020-11-17 12:55:11,560 > PSY4125-01-00 cleared
[INFO|CRAWLER.py] 2020-11-17 12:55:13,707 > PSY2103-01-00 cleared
[INFO|CRAWLER.py] 2020-11-17 12:55:15,788 > PSY2104-01-00 cleared
[INFO|CRAWLER.py] 2020-11-17 12:55:17,855 > PSY2104-02-00 cleared
[INFO|CRAWLER.py] 2020-11-17 12:55:19,916 > PSY2001-01-00 cleared
[INFO|CRAWLER.py] 2020-11-17 12:55:22,024 > PSY3113-01-00 cleared
[INFO|CRAWLER.py] 2020-11-17 12:55:24,109 > PSY3122-01-00 cleared
[INFO|CRAWLER.py] 2020-11-17 12:55:26,187 > PSY3122-02-00 cleared
[INFO|CRAWLER.py] 2020-11-17 12:55:28,265 > PSY3122-03-00 cleared
[INFO|CRAWLER.py] 2020-11-17 12:55:30,345 > PSY3103-01-00 cleared
[INFO|CRAWLER.py] 2020-11-17 12:55:32,467 > PSY3126-01-00 cleared
[INFO|CRAWLER.py] 2020-11-17 12:55:34,582 > PSY3133-01-00 cleared
[INFO|CRAWLER.py] 2020-11-17 12:55:36,678 > PSY3163-01-00 cleared
[INFO|CRAWLER.py] 2020-11-17 12:55:38,757 > PSY3168-01-00 cleared
[INFO|CRAWLER.py] 2020-11-17 12:55:40,910 > PSY4121-01-00 cleared
[INFO|CRAWLER.py] 2020-11-17 12:55:43,481 > 4 rows in 16-19 of 19
[INFO|CRAWLER.py] 2020-11-17 12:55:45,567 > PSY4127-01-00 cleared
[INFO|CRAWLER.py] 2020-11-17 12:55:47,650 > PSY4141-01-00 cleared
[INFO|CRAWLER.py] 2020-11-17 12:55:49,705 > PSY4132-01-00 cleared
[INFO|CRAWLER.py] 2020-11-17 12:55:51,784 > PSY4130-01-00 cleared
[INFO|CRAWLER.py] 2020-11-17 12:55:53,828 > 심리학전공 탐색 완료
[INFO|CRAWLER.py] 2020-11-17 12:55:53,828 > 20202-문과대학-중어중문학전공 수집 시작
[INFO|CRAWLER.py] 2020-11-17 12:55:54,456 > 15 rows in 1-15 of 22
[INFO|CRAWLER.py] 2020-11-17 12:55:54,479 > 유의사항 기준 탐색 완료
[INFO|CRAWLER.py] 2020-11-17 12:55:54,995 > 15 rows in 1-15 of 22
[INFO|CRAWLER.py] 2020-11-17 12:55:57,079 > CLL2101-01-00 cleared
[INFO|CRAWLER.py] 2020-11-17 12:55:59,158 > CLL2002-01-00 cleared
[INFO|CRAWLER.py] 2020-11-17 12:56:01,217 > CLL2306-01-00 cleared
[INFO|CRAWLER.py] 2020-11-17 12:56:03,288 > CLL2401-01-00 cleared
[INFO|CRAWLER.py] 2020-11-17 12:56:05,361 > CLL2603-01-00 cleared
[INFO|CRAWLER.py] 2020-11-17 12:56:07,450 > CLL3302-01-00 cleared
[INFO|CRAWLER.py] 2020-11-17 12:56:09,525 > CLL3302-02-00 cleared
[INFO|CRAWLER.py] 2020-11-17 12:56:11,592 > CLL3406-01-00 cleared
[INFO|CRAWLER.py] 2020-11-17 12:56:13,653 > CLL3409-01-00 cleared
[INFO|CRAWLER.py] 2020-11-17 12:56:15,751 > CLL3410-01-00 cleared
[INFO|CRAWLER.py] 2020-11-17 12:56:17,812 > CLL3502-01-00 cleared
[INFO|CRAWLER.py] 2020-11-17 12:56:19,878 > CLL3605-01-00 cleared
[INFO|CRAWLER.py] 2020-11-17 12:56:21,949 > CLL3607-01-00 cleared
[INFO|CRAWLER.py] 2020-11-17 12:56:24,012 > CLL3603-01-00 cleared
[INFO|CRAWLER.py] 2020-11-17 12:56:26,572 > 7 rows in 16-22 of 22
[INFO|CRAWLER.py] 2020-11-17 12:56:28,632 > CLL3611-01-00 cleared
[INFO|CRAWLER.py] 2020-11-17 12:56:30,699 > CLL4301-01-00 cleared
[INFO|CRAWLER.py] 2020-11-17 12:56:32,763 > CLL4304-01-00 cleared
[INFO|CRAWLER.py] 2020-11-17 12:56:34,834 > CLL4304-02-00 cleared
[INFO|CRAWLER.py] 2020-11-17 12:56:36,908 > CLL4604-01-00 cleared
[INFO|CRAWLER.py] 2020-11-17 12:56:39,022 > CLL4608-01-00 cleared
[INFO|CRAWLER.py] 2020-11-17 12:56:41,076 > TTP3802-01-00 cleared
[INFO|CRAWLER.py] 2020-11-17 12:56:43,132 > 중어중문학전공 탐색 완료
[INFO|CRAWLER.py] 2020-11-17 12:56:43,132 > 20202-문과대학-영어영문학전공 수집 시작
[INFO|CRAWLER.py] 2020-11-17 12:56:43,760 > 15 rows in 1-15 of 47
[INFO|CRAWLER.py] 2020-11-17 12:56:43,793 > 유의사항 기준 탐색 완료
[INFO|CRAWLER.py] 2020-11-17 12:56:44,312 > 15 rows in 1-15 of 47
[INFO|CRAWLER.py] 2020-11-17 12:56:46,413 > ELL2101-02-00 cleared
[INFO|CRAWLER.py] 2020-11-17 12:56:48,504 > ELL2501-01-00 cleared
[INFO|CRAWLER.py] 2020-11-17 12:56:50,595 > ELL2001-01-00 cleared
[INFO|CRAWLER.py] 2020-11-17 12:56:52,662 > ELL2001-02-00 cleared
[INFO|CRAWLER.py] 2020-11-17 12:56:54,723 > ELL2001-03-00 cleared
[INFO|CRAWLER.py] 2020-11-17 12:56:56,799 > ELL2002-01-00 cleared
[INFO|CRAWLER.py] 2020-11-17 12:56:58,876 > ELL2002-02-00 cleared
[INFO|CRAWLER.py] 2020-11-17 12:57:00,954 > ELL2002-03-00 cleared
[INFO|CRAWLER.py] 2020-11-17 12:57:03,027 > ELL2003-01-00 cleared
[INFO|CRAWLER.py] 2020-11-17 12:57:05,097 > ELL2003-02-00 cleared
[INFO|CRAWLER.py] 2020-11-17 12:57:07,162 > ELL2003-03-00 cleared
[INFO|CRAWLER.py] 2020-11-17 12:57:09,224 > ELL2004-01-00 cleared
[INFO|CRAWLER.py] 2020-11-17 12:57:11,285 > ELL2005-01-00 cleared
[INFO|CRAWLER.py] 2020-11-17 12:57:13,339 > ELL2005-02-00 cleared
[INFO|CRAWLER.py] 2020-11-17 12:57:15,921 > 15 rows in 16-30 of 47
[INFO|CRAWLER.py] 2020-11-17 12:57:17,981 > ELL2005-03-00 cleared
[INFO|CRAWLER.py] 2020-11-17 12:57:20,033 > ELL2005-04-00 cleared
[INFO|CRAWLER.py] 2020-11-17 12:57:22,103 > ELL2504-01-00 cleared
[INFO|CRAWLER.py] 2020-11-17 12:57:24,198 > ELL3701-01-00 cleared
[INFO|CRAWLER.py] 2020-11-17 12:57:26,261 > ELL3302-01-00 cleared
[INFO|CRAWLER.py] 2020-11-17 12:57:28,308 > ELL3308-01-00 cleared
[INFO|CRAWLER.py] 2020-11-17 12:57:30,375 > ELL3601-01-00 cleared
[INFO|CRAWLER.py] 2020-11-17 12:57:32,437 > ELL3707-01-00 cleared
[INFO|CRAWLER.py] 2020-11-17 12:57:34,498 > ELL3802-01-00 cleared
[INFO|CRAWLER.py] 2020-11-17 12:57:36,559 > ELL3902-01-00 cleared
[INFO|CRAWLER.py] 2020-11-17 12:57:38,630 > ELL4305-01-00 cleared
[INFO|CRAWLER.py] 2020-11-17 12:57:40,690 > ELL3407-01-00 cleared
[INFO|CRAWLER.py] 2020-11-17 12:57:42,802 > ELL3909-01-00 cleared
[INFO|CRAWLER.py] 2020-11-17 12:57:44,864 > ELL3912-01-00 cleared
[INFO|CRAWLER.py] 2020-11-17 12:57:47,454 > 15 rows in 31-45 of 47
[INFO|CRAWLER.py] 2020-11-17 12:57:49,511 > ELL3913-01-00 cleared
[INFO|CRAWLER.py] 2020-11-17 12:57:51,573 > ELL3914-01-00 cleared
[INFO|CRAWLER.py] 2020-11-17 12:57:53,652 > ELL3918-01-00 cleared
[INFO|CRAWLER.py] 2020-11-17 12:57:55,721 > ELL3921-01-00 cleared
[INFO|CRAWLER.py] 2020-11-17 12:57:57,806 > ELL4302-01-00 cleared
[INFO|CRAWLER.py] 2020-11-17 12:57:59,887 > ELL4909-01-00 cleared
[INFO|CRAWLER.py] 2020-11-17 12:58:01,956 > ELL4911-01-00 cleared
[INFO|CRAWLER.py] 2020-11-17 12:58:04,035 > ELL4912-01-00 cleared
[INFO|CRAWLER.py] 2020-11-17 12:58:06,114 > ELL4913-01-00 cleared
[INFO|CRAWLER.py] 2020-11-17 12:58:08,181 > ELL4919-01-00 cleared
[INFO|CRAWLER.py] 2020-11-17 12:58:10,239 > ELL4921-01-00 cleared
[INFO|CRAWLER.py] 2020-11-17 12:58:12,319 > ELL3401-01-00 cleared
[INFO|CRAWLER.py] 2020-11-17 12:58:14,382 > ELL3603-01-00 cleared
[INFO|CRAWLER.py] 2020-11-17 12:58:16,446 > ELL4301-01-00 cleared
[INFO|CRAWLER.py] 2020-11-17 12:58:18,498 > ELL4904-01-00 cleared
[INFO|CRAWLER.py] 2020-11-17 12:58:21,042 > 2 rows in 46-47 of 47
[INFO|CRAWLER.py] 2020-11-17 12:58:23,118 > ELL4915-01-00 cleared
[INFO|CRAWLER.py] 2020-11-17 12:58:25,187 > TTP3803-01-00 cleared
[INFO|CRAWLER.py] 2020-11-17 12:58:27,235 > 영어영문학전공 탐색 완료
[INFO|CRAWLER.py] 2020-11-17 12:58:27,235 > 20202-문과대학-독어독문학전공 수집 시작
[INFO|CRAWLER.py] 2020-11-17 12:58:27,873 > 14 rows in 1-14 of 14
[INFO|CRAWLER.py] 2020-11-17 12:58:27,901 > 유의사항 기준 탐색 완료
[INFO|CRAWLER.py] 2020-11-17 12:58:28,418 > 14 rows in 1-14 of 14
[INFO|CRAWLER.py] 2020-11-17 12:58:30,474 > GER2118-01-00 cleared
[INFO|CRAWLER.py] 2020-11-17 12:58:32,556 > GER2115-01-00 cleared
[INFO|CRAWLER.py] 2020-11-17 12:58:34,647 > GER3139-01-00 cleared
[INFO|CRAWLER.py] 2020-11-17 12:58:36,746 > GER3140-01-00 cleared
[INFO|CRAWLER.py] 2020-11-17 12:58:38,820 > GER2109-01-00 cleared
[INFO|CRAWLER.py] 2020-11-17 12:58:40,889 > GER2112-01-00 cleared
[INFO|CRAWLER.py] 2020-11-17 12:58:42,962 > GER3138-01-00 cleared
[INFO|CRAWLER.py] 2020-11-17 12:58:45,022 > GER3107-01-00 cleared
[INFO|CRAWLER.py] 2020-11-17 12:58:47,086 > GER3113-01-00 cleared
[INFO|CRAWLER.py] 2020-11-17 12:58:49,151 > GER3121-01-00 cleared
[INFO|CRAWLER.py] 2020-11-17 12:58:51,229 > GER3124-01-00 cleared
[INFO|CRAWLER.py] 2020-11-17 12:58:53,288 > GER3129-01-00 cleared
[INFO|CRAWLER.py] 2020-11-17 12:58:55,349 > GER3144-01-00 cleared
[INFO|CRAWLER.py] 2020-11-17 12:59:07,953 > GER4117-01-00 cleared
[INFO|CRAWLER.py] 2020-11-17 12:59:09,980 > 독어독문학전공 탐색 완료
[INFO|CRAWLER.py] 2020-11-17 12:59:09,980 > 20202-문과대학-불어불문학전공 수집 시작
[INFO|CRAWLER.py] 2020-11-17 12:59:10,607 > 15 rows in 1-15 of 16
[INFO|CRAWLER.py] 2020-11-17 12:59:10,639 > 유의사항 기준 탐색 완료
[INFO|CRAWLER.py] 2020-11-17 12:59:11,157 > 15 rows in 1-15 of 16
[INFO|CRAWLER.py] 2020-11-17 12:59:13,236 > FRE2102-01-00 cleared
[INFO|CRAWLER.py] 2020-11-17 12:59:15,322 > FRE2108-01-00 cleared
[INFO|CRAWLER.py] 2020-11-17 12:59:17,391 > FRE2109-01-00 cleared
[INFO|CRAWLER.py] 2020-11-17 12:59:19,459 > FRE2109-02-00 cleared
[INFO|CRAWLER.py] 2020-11-17 12:59:32,055 > FRE2110-01-00 cleared
[INFO|CRAWLER.py] 2020-11-17 12:59:34,112 > FRE2111-01-00 cleared
[INFO|CRAWLER.py] 2020-11-17 12:59:36,174 > FRE2112-01-00 cleared
[INFO|CRAWLER.py] 2020-11-17 12:59:38,232 > FRE3107-01-00 cleared
[INFO|CRAWLER.py] 2020-11-17 12:59:40,309 > FRE3110-01-00 cleared
[INFO|CRAWLER.py] 2020-11-17 12:59:42,369 > FRE3114-01-00 cleared
[INFO|CRAWLER.py] 2020-11-17 12:59:44,435 > FRE3115-01-00 cleared
[INFO|CRAWLER.py] 2020-11-17 12:59:46,500 > FRE3120-01-00 cleared
[INFO|CRAWLER.py] 2020-11-17 12:59:48,562 > FRE4103-01-00 cleared
[INFO|CRAWLER.py] 2020-11-17 12:59:50,623 > FRE4109-01-00 cleared
[INFO|CRAWLER.py] 2020-11-17 12:59:52,685 > FRE4117-01-00 cleared
[INFO|CRAWLER.py] 2020-11-17 12:59:55,233 > 1 rows in 16-16 of 16
[INFO|CRAWLER.py] 2020-11-17 13:00:07,834 > TTP3805-01-00 cleared
[INFO|CRAWLER.py] 2020-11-17 13:00:09,884 > 불어불문학전공 탐색 완료
[INFO|CRAWLER.py] 2020-11-17 13:00:09,884 > 20202-문과대학-노어노문학전공 수집 시작
[INFO|CRAWLER.py] 2020-11-17 13:00:10,527 > 15 rows in 1-15 of 16
[INFO|CRAWLER.py] 2020-11-17 13:00:10,557 > 유의사항 기준 탐색 완료
[INFO|CRAWLER.py] 2020-11-17 13:00:11,077 > 15 rows in 1-15 of 16
[INFO|CRAWLER.py] 2020-11-17 13:00:13,135 > RUS2106-01-00 cleared
[INFO|CRAWLER.py] 2020-11-17 13:00:15,198 > RUS2106-02-00 cleared
[INFO|CRAWLER.py] 2020-11-17 13:00:17,302 > RUS2112-01-00 cleared
[INFO|CRAWLER.py] 2020-11-17 13:00:19,364 > RUS2104-01-00 cleared
[INFO|CRAWLER.py] 2020-11-17 13:00:21,425 > RUS2104-02-00 cleared
[INFO|CRAWLER.py] 2020-11-17 13:00:23,492 > RUS2130-01-00 cleared
[INFO|CRAWLER.py] 2020-11-17 13:00:25,569 > RUS2135-01-00 cleared
[INFO|CRAWLER.py] 2020-11-17 13:00:27,630 > RUS2136-01-00 cleared
[INFO|CRAWLER.py] 2020-11-17 13:00:29,697 > RUS3106-01-00 cleared
[INFO|CRAWLER.py] 2020-11-17 13:00:31,768 > RUS3104-01-00 cleared
[INFO|CRAWLER.py] 2020-11-17 13:00:33,847 > RUS3110-01-00 cleared
[INFO|CRAWLER.py] 2020-11-17 13:00:35,920 > RUS3113-01-00 cleared
[INFO|CRAWLER.py] 2020-11-17 13:00:37,996 > RUS3136-01-00 cleared
[INFO|CRAWLER.py] 2020-11-17 13:00:40,058 > RUS4108-01-00 cleared
[INFO|CRAWLER.py] 2020-11-17 13:00:42,121 > RUS4115-01-00 cleared
[INFO|CRAWLER.py] 2020-11-17 13:00:44,670 > 1 rows in 16-16 of 16
[INFO|CRAWLER.py] 2020-11-17 13:00:46,724 > RUS4116-01-00 cleared
[INFO|CRAWLER.py] 2020-11-17 13:00:48,763 > 노어노문학전공 탐색 완료
[INFO|CRAWLER.py] 2020-11-17 13:00:48,763 > 문과대학 수집 완료
[INFO|CRAWLER.py] 2020-11-17 13:00:48,763 > 20202-상경대학-상경대학 공통 수집 시작
[INFO|CRAWLER.py] 2020-11-17 13:00:49,375 > 0 rows in 1-0 of 0
[INFO|CRAWLER.py] 2020-11-17 13:00:59,907 > No caution link in 0th row
[INFO|CRAWLER.py] 2020-11-17 13:01:00,419 > 0 rows in 1-0 of 0
[INFO|CRAWLER.py] 2020-11-17 13:01:00,419 > No caution in pages
[INFO|CRAWLER.py] 2020-11-17 13:01:00,938 > 0 rows in 1-0 of 0
[INFO|CRAWLER.py] 2020-11-17 13:01:02,963 > 상경대학 공통 탐색 완료
[INFO|CRAWLER.py] 2020-11-17 13:01:02,963 > 20202-상경대학-경제학전공 수집 시작
[INFO|CRAWLER.py] 2020-11-17 13:01:03,585 > 15 rows in 1-15 of 70
[INFO|CRAWLER.py] 2020-11-17 13:01:03,615 > 유의사항 기준 탐색 완료
[INFO|CRAWLER.py] 2020-11-17 13:01:04,130 > 15 rows in 1-15 of 70
[INFO|CRAWLER.py] 2020-11-17 13:01:06,249 > ECO1101-01-00 cleared
[INFO|CRAWLER.py] 2020-11-17 13:01:08,337 > ECO1101-02-00 cleared
[INFO|CRAWLER.py] 2020-11-17 13:01:10,432 > ECO1101-03-00 cleared
[INFO|CRAWLER.py] 2020-11-17 13:01:12,499 > ECO1101-04-00 cleared
[INFO|CRAWLER.py] 2020-11-17 13:01:14,586 > ECO1101-05-00 cleared
[INFO|CRAWLER.py] 2020-11-17 13:01:16,660 > ECO1101-06-00 cleared
[INFO|CRAWLER.py] 2020-11-17 13:01:18,781 > ECO1103-01-00 cleared
[INFO|CRAWLER.py] 2020-11-17 13:01:20,862 > ECO1103-02-00 cleared
[INFO|CRAWLER.py] 2020-11-17 13:01:22,974 > ECO1103-03-00 cleared
[INFO|CRAWLER.py] 2020-11-17 13:01:25,064 > ECO1103-04-00 cleared
[INFO|CRAWLER.py] 2020-11-17 13:01:27,139 > ECO1103-05-00 cleared
[INFO|CRAWLER.py] 2020-11-17 13:01:29,212 > ECO1103-06-00 cleared
[INFO|CRAWLER.py] 2020-11-17 13:01:31,266 > ECO1103-07-00 cleared
[INFO|CRAWLER.py] 2020-11-17 13:01:33,378 > ECO1104-01-00 cleared
[INFO|CRAWLER.py] 2020-11-17 13:01:35,953 > 15 rows in 16-30 of 70
[INFO|CRAWLER.py] 2020-11-17 13:01:38,019 > ECO1104-02-00 cleared
[INFO|CRAWLER.py] 2020-11-17 13:01:40,140 > ECO1104-03-00 cleared
[INFO|CRAWLER.py] 2020-11-17 13:01:42,224 > ECO1104-04-00 cleared
[INFO|CRAWLER.py] 2020-11-17 13:01:44,311 > ECO1104-05-00 cleared
[INFO|CRAWLER.py] 2020-11-17 13:01:46,371 > ECO1104-06-00 cleared
[INFO|CRAWLER.py] 2020-11-17 13:01:48,427 > ECO1104-07-00 cleared
[INFO|CRAWLER.py] 2020-11-17 13:01:50,505 > ECO2101-01-00 cleared
[INFO|CRAWLER.py] 2020-11-17 13:01:52,636 > ECO2101-02-00 cleared
[INFO|CRAWLER.py] 2020-11-17 13:01:54,724 > ECO2101-03-00 cleared
[INFO|CRAWLER.py] 2020-11-17 13:01:56,806 > ECO2101-04-00 cleared
[INFO|CRAWLER.py] 2020-11-17 13:01:58,884 > ECO2101-05-00 cleared
[INFO|CRAWLER.py] 2020-11-17 13:02:00,972 > ECO2101-06-00 cleared
[INFO|CRAWLER.py] 2020-11-17 13:02:03,034 > ECO2101-07-00 cleared
[INFO|CRAWLER.py] 2020-11-17 13:02:05,120 > ECO2101-09-00 cleared
[INFO|CRAWLER.py] 2020-11-17 13:02:07,210 > ECO2102-01-00 cleared
[INFO|CRAWLER.py] 2020-11-17 13:02:09,797 > 15 rows in 31-45 of 70
[INFO|CRAWLER.py] 2020-11-17 13:02:11,900 > ECO2102-02-00 cleared
[INFO|CRAWLER.py] 2020-11-17 13:02:13,990 > ECO2102-03-00 cleared
[INFO|CRAWLER.py] 2020-11-17 13:02:16,103 > ECO2102-04-00 cleared
[INFO|CRAWLER.py] 2020-11-17 13:02:18,214 > ECO2102-05-00 cleared
[INFO|CRAWLER.py] 2020-11-17 13:02:20,306 > ECO2102-06-00 cleared
[INFO|CRAWLER.py] 2020-11-17 13:02:22,406 > ECO2102-07-00 cleared
[INFO|CRAWLER.py] 2020-11-17 13:02:24,472 > ECO2002-01-00 cleared
[INFO|CRAWLER.py] 2020-11-17 13:02:26,553 > ECO2114-01-00 cleared
[INFO|CRAWLER.py] 2020-11-17 13:02:28,699 > ECO3132-01-00 cleared
[INFO|CRAWLER.py] 2020-11-17 13:02:30,846 > ECO3101-01-00 cleared
[INFO|CRAWLER.py] 2020-11-17 13:02:33,066 > ECO3101-02-00 cleared
[INFO|CRAWLER.py] 2020-11-17 13:02:35,128 > ECO3101-03-00 cleared
[INFO|CRAWLER.py] 2020-11-17 13:02:37,226 > ECO3103-01-00 cleared
[INFO|CRAWLER.py] 2020-11-17 13:02:39,326 > ECO3104-01-00 cleared
[INFO|CRAWLER.py] 2020-11-17 13:02:41,439 > ECO3104-02-00 cleared
[INFO|CRAWLER.py] 2020-11-17 13:02:44,004 > 15 rows in 46-60 of 70
[INFO|CRAWLER.py] 2020-11-17 13:02:46,099 > ECO3108-01-00 cleared
[INFO|CRAWLER.py] 2020-11-17 13:02:48,183 > ECO3110-01-00 cleared
[INFO|CRAWLER.py] 2020-11-17 13:02:50,298 > ECO3110-02-00 cleared
[INFO|CRAWLER.py] 2020-11-17 13:02:52,426 > ECO3114-01-00 cleared
[INFO|CRAWLER.py] 2020-11-17 13:02:54,511 > ECO3116-01-00 cleared
[INFO|CRAWLER.py] 2020-11-17 13:02:56,637 > ECO3119-01-00 cleared
[INFO|CRAWLER.py] 2020-11-17 13:02:58,812 > ECO3123-01-00 cleared
[INFO|CRAWLER.py] 2020-11-17 13:03:00,887 > ECO3128-01-00 cleared
[INFO|CRAWLER.py] 2020-11-17 13:03:03,040 > ECO3130-01-00 cleared
[INFO|CRAWLER.py] 2020-11-17 13:03:05,196 > ECO3130-02-00 cleared
[INFO|CRAWLER.py] 2020-11-17 13:03:07,353 > ECO3131-01-00 cleared
[INFO|CRAWLER.py] 2020-11-17 13:03:09,468 > ECO3133-01-00 cleared
[INFO|CRAWLER.py] 2020-11-17 13:03:11,581 > ECO3133-02-00 cleared
[INFO|CRAWLER.py] 2020-11-17 13:03:13,756 > ECO3134-01-00 cleared
[INFO|CRAWLER.py] 2020-11-17 13:03:15,821 > ECO3134-02-00 cleared
[INFO|CRAWLER.py] 2020-11-17 13:03:18,379 > 10 rows in 61-70 of 70
[INFO|CRAWLER.py] 2020-11-17 13:03:20,443 > ECO3137-01-00 cleared
[INFO|CRAWLER.py] 2020-11-17 13:03:22,561 > ECO3140-01-00 cleared
[INFO|CRAWLER.py] 2020-11-17 13:03:24,665 > ECO3164-01-00 cleared
[INFO|CRAWLER.py] 2020-11-17 13:03:26,728 > ECO4104-01-00 cleared
[INFO|CRAWLER.py] 2020-11-17 13:03:28,846 > ECO4110-01-00 cleared
[INFO|CRAWLER.py] 2020-11-17 13:03:30,997 > ECO4115-01-00 cleared
[INFO|CRAWLER.py] 2020-11-17 13:03:33,103 > ECO4116-01-00 cleared
[INFO|CRAWLER.py] 2020-11-17 13:03:35,198 > ECO4118-01-00 cleared
[INFO|CRAWLER.py] 2020-11-17 13:03:37,288 > ECO4122-01-00 cleared
[INFO|CRAWLER.py] 2020-11-17 13:03:39,406 > ECO4862-01-00 cleared
[INFO|CRAWLER.py] 2020-11-17 13:03:41,466 > 경제학전공 탐색 완료
[INFO|CRAWLER.py] 2020-11-17 13:03:41,466 > 20202-상경대학-응용통계학전공 수집 시작
[INFO|CRAWLER.py] 2020-11-17 13:03:42,096 > 15 rows in 1-15 of 26
[INFO|CRAWLER.py] 2020-11-17 13:03:42,131 > 유의사항 기준 탐색 완료
[INFO|CRAWLER.py] 2020-11-17 13:03:42,648 > 15 rows in 1-15 of 26
[INFO|CRAWLER.py] 2020-11-17 13:03:44,742 > STA1002-01-00 cleared
[INFO|CRAWLER.py] 2020-11-17 13:03:46,832 > STA1002-02-00 cleared
[INFO|CRAWLER.py] 2020-11-17 13:03:48,937 > STA2102-01-00 cleared
[INFO|CRAWLER.py] 2020-11-17 13:03:51,041 > STA2102-02-00 cleared
[INFO|CRAWLER.py] 2020-11-17 13:03:53,210 > STA2104-01-00 cleared
[INFO|CRAWLER.py] 2020-11-17 13:03:55,314 > STA2104-02-00 cleared
[INFO|CRAWLER.py] 2020-11-17 13:03:57,429 > STA2105-01-00 cleared
[INFO|CRAWLER.py] 2020-11-17 13:03:59,538 > STA2105-02-00 cleared
[INFO|CRAWLER.py] 2020-11-17 13:04:01,612 > STA2105-03-00 cleared
[INFO|CRAWLER.py] 2020-11-17 13:04:03,696 > STA2005-01-00 cleared
[INFO|CRAWLER.py] 2020-11-17 13:04:05,762 > STA2005-02-00 cleared
[INFO|CRAWLER.py] 2020-11-17 13:04:07,893 > STA3109-01-00 cleared
[INFO|CRAWLER.py] 2020-11-17 13:04:10,462 > 11 rows in 16-26 of 26
[INFO|CRAWLER.py] 2020-11-17 13:04:12,754 > STA3126-01-00 cleared
[INFO|CRAWLER.py] 2020-11-17 13:04:14,862 > STA3107-01-00 cleared
[INFO|CRAWLER.py] 2020-11-17 13:04:16,999 > STA3111-01-00 cleared
[INFO|CRAWLER.py] 2020-11-17 13:04:19,131 > STA3125-01-00 cleared
[INFO|CRAWLER.py] 2020-11-17 13:04:21,282 > STA3140-01-00 cleared
[INFO|CRAWLER.py] 2020-11-17 13:04:23,377 > STA4116-01-00 cleared
[INFO|CRAWLER.py] 2020-11-17 13:04:25,455 > STA3102-01-00 cleared
[INFO|CRAWLER.py] 2020-11-17 13:04:27,560 > STA3105-01-00 cleared
[INFO|CRAWLER.py] 2020-11-17 13:04:29,671 > STA3108-01-00 cleared
[INFO|CRAWLER.py] 2020-11-17 13:04:31,788 > STA3110-01-00 cleared
[INFO|CRAWLER.py] 2020-11-17 13:04:33,859 > STA4111-01-00 cleared
[INFO|CRAWLER.py] 2020-11-17 13:04:35,901 > 응용통계학전공 탐색 완료
[INFO|CRAWLER.py] 2020-11-17 13:04:35,901 > 20202-상경대학-상경계열 수집 시작
[INFO|CRAWLER.py] 2020-11-17 13:04:36,520 > 0 rows in 1-0 of 0
[INFO|CRAWLER.py] 2020-11-17 13:04:47,060 > No caution link in 0th row
[INFO|CRAWLER.py] 2020-11-17 13:04:47,572 > 0 rows in 1-0 of 0
[INFO|CRAWLER.py] 2020-11-17 13:04:47,572 > No caution in pages
[INFO|CRAWLER.py] 2020-11-17 13:04:48,090 > 0 rows in 1-0 of 0
[INFO|CRAWLER.py] 2020-11-17 13:04:50,116 > 상경계열 탐색 완료
[INFO|CRAWLER.py] 2020-11-17 13:04:50,116 > 상경대학 수집 완료
[INFO|CRAWLER.py] 2020-11-17 13:04:50,116 > 20202-경영대학-경영학전공 수집 시작
[INFO|CRAWLER.py] 2020-11-17 13:04:50,745 > 15 rows in 1-15 of 114
[INFO|CRAWLER.py] 2020-11-17 13:04:50,770 > 유의사항 기준 탐색 완료
[INFO|CRAWLER.py] 2020-11-17 13:04:51,298 > 15 rows in 1-15 of 114
[INFO|CRAWLER.py] 2020-11-17 13:04:53,439 > BIZ1101-01-00 cleared
[INFO|CRAWLER.py] 2020-11-17 13:04:55,531 > BIZ1101-02-00 cleared
[INFO|CRAWLER.py] 2020-11-17 13:04:57,598 > BIZ1101-03-00 cleared
[INFO|CRAWLER.py] 2020-11-17 13:04:59,719 > BIZ1101-04-00 cleared
[INFO|CRAWLER.py] 2020-11-17 13:05:01,886 > BIZ1101-05-00 cleared
[INFO|CRAWLER.py] 2020-11-17 13:05:04,073 > BIZ1101-06-00 cleared
[INFO|CRAWLER.py] 2020-11-17 13:05:06,222 > BIZ1102-01-00 cleared
[INFO|CRAWLER.py] 2020-11-17 13:05:08,304 > BIZ1102-02-00 cleared
[INFO|CRAWLER.py] 2020-11-17 13:05:10,397 > BIZ1102-03-00 cleared
[INFO|CRAWLER.py] 2020-11-17 13:05:12,529 > BIZ1102-04-00 cleared
[INFO|CRAWLER.py] 2020-11-17 13:05:14,596 > BIZ1102-05-00 cleared
[INFO|CRAWLER.py] 2020-11-17 13:05:16,660 > BIZ1102-06-00 cleared
[INFO|CRAWLER.py] 2020-11-17 13:05:19,238 > 15 rows in 16-30 of 114
[INFO|CRAWLER.py] 2020-11-17 13:05:21,357 > BIZ2119-01-00 cleared
[INFO|CRAWLER.py] 2020-11-17 13:05:23,452 > BIZ2119-02-00 cleared
[INFO|CRAWLER.py] 2020-11-17 13:05:25,588 > BIZ2119-03-00 cleared
[INFO|CRAWLER.py] 2020-11-17 13:05:27,655 > BIZ2119-04-00 cleared
[INFO|CRAWLER.py] 2020-11-17 13:05:29,791 > BIZ2119-05-00 cleared
[INFO|CRAWLER.py] 2020-11-17 13:05:31,887 > BIZ2119-06-00 cleared
[INFO|CRAWLER.py] 2020-11-17 13:05:33,980 > BIZ2120-01-00 cleared
[INFO|CRAWLER.py] 2020-11-17 13:05:36,069 > BIZ2120-02-00 cleared
[INFO|CRAWLER.py] 2020-11-17 13:05:38,186 > BIZ2120-03-00 cleared
[INFO|CRAWLER.py] 2020-11-17 13:05:40,304 > BIZ2120-04-00 cleared
[INFO|CRAWLER.py] 2020-11-17 13:05:42,389 > BIZ2120-05-00 cleared
[INFO|CRAWLER.py] 2020-11-17 13:05:44,492 > BIZ2121-01-00 cleared
[INFO|CRAWLER.py] 2020-11-17 13:05:46,579 > BIZ2121-02-00 cleared
[INFO|CRAWLER.py] 2020-11-17 13:05:49,165 > 15 rows in 31-45 of 114
[INFO|CRAWLER.py] 2020-11-17 13:05:51,240 > BIZ2121-03-00 cleared
[INFO|CRAWLER.py] 2020-11-17 13:05:53,375 > BIZ2121-04-00 cleared
[INFO|CRAWLER.py] 2020-11-17 13:05:55,488 > BIZ2121-05-00 cleared
[INFO|CRAWLER.py] 2020-11-17 13:05:57,584 > BIZ2121-06-00 cleared
[INFO|CRAWLER.py] 2020-11-17 13:05:59,651 > BIZ2122-01-00 cleared
[INFO|CRAWLER.py] 2020-11-17 13:06:01,749 > BIZ2122-02-00 cleared
[INFO|CRAWLER.py] 2020-11-17 13:06:03,839 > BIZ2122-03-00 cleared
[INFO|CRAWLER.py] 2020-11-17 13:06:05,919 > BIZ2122-04-00 cleared
[INFO|CRAWLER.py] 2020-11-17 13:06:07,990 > BIZ2122-05-00 cleared
[INFO|CRAWLER.py] 2020-11-17 13:06:10,098 > BIZ2122-06-00 cleared
[INFO|CRAWLER.py] 2020-11-17 13:06:12,155 > BIZ2001-01-00 cleared
[INFO|CRAWLER.py] 2020-11-17 13:06:14,215 > BIZ2003-01-00 cleared
[INFO|CRAWLER.py] 2020-11-17 13:06:16,271 > BIZ2003-02-00 cleared
[INFO|CRAWLER.py] 2020-11-17 13:06:28,823 > BIZ2003-03-00 cleared
[INFO|CRAWLER.py] 2020-11-17 13:06:30,887 > BIZ2003-04-00 cleared
[INFO|CRAWLER.py] 2020-11-17 13:06:33,466 > 15 rows in 46-60 of 114
[INFO|CRAWLER.py] 2020-11-17 13:06:35,552 > BIZ2003-05-00 cleared
[INFO|CRAWLER.py] 2020-11-17 13:06:37,681 > BIZ2125-01-00 cleared
[INFO|CRAWLER.py] 2020-11-17 13:06:39,783 > BIZ3108-01-00 cleared
[INFO|CRAWLER.py] 2020-11-17 13:06:41,940 > BIZ3108-04-00 cleared
[INFO|CRAWLER.py] 2020-11-17 13:06:44,057 > BIZ3108-05-00 cleared
[INFO|CRAWLER.py] 2020-11-17 13:06:46,143 > BIZ3147-01-00 cleared
[INFO|CRAWLER.py] 2020-11-17 13:06:48,233 > BIZ3147-02-00 cleared
[INFO|CRAWLER.py] 2020-11-17 13:06:50,316 > BIZ3147-03-00 cleared
[INFO|CRAWLER.py] 2020-11-17 13:06:52,427 > BIZ3147-04-00 cleared
[INFO|CRAWLER.py] 2020-11-17 13:06:54,500 > BIZ3147-05-00 cleared
[INFO|CRAWLER.py] 2020-11-17 13:06:56,622 > BIZ3147-06-00 cleared
[INFO|CRAWLER.py] 2020-11-17 13:06:58,694 > BIZ3189-01-00 cleared
[INFO|CRAWLER.py] 2020-11-17 13:07:00,790 > BIZ3189-02-00 cleared
[INFO|CRAWLER.py] 2020-11-17 13:07:03,369 > 15 rows in 61-75 of 114
[INFO|CRAWLER.py] 2020-11-17 13:07:05,452 > BIZ3189-03-00 cleared
[INFO|CRAWLER.py] 2020-11-17 13:07:07,528 > BIZ3189-04-00 cleared
[INFO|CRAWLER.py] 2020-11-17 13:07:09,682 > BIZ3189-05-00 cleared
[INFO|CRAWLER.py] 2020-11-17 13:07:11,768 > BIZ2113-01-00 cleared
[INFO|CRAWLER.py] 2020-11-17 13:07:13,908 > BIZ3105-01-00 cleared
[INFO|CRAWLER.py] 2020-11-17 13:07:16,060 > BIZ3105-02-00 cleared
[INFO|CRAWLER.py] 2020-11-17 13:07:18,198 > BIZ3107-01-00 cleared
[INFO|CRAWLER.py] 2020-11-17 13:07:20,329 > BIZ3109-01-00 cleared
[INFO|CRAWLER.py] 2020-11-17 13:07:22,445 > BIZ3109-02-00 cleared
[INFO|CRAWLER.py] 2020-11-17 13:07:24,584 > BIZ3110-01-00 cleared
[INFO|CRAWLER.py] 2020-11-17 13:07:26,666 > BIZ3119-01-00 cleared
[INFO|CRAWLER.py] 2020-11-17 13:07:28,765 > BIZ3119-02-00 cleared
[INFO|CRAWLER.py] 2020-11-17 13:07:30,895 > BIZ3120-01-00 cleared
[INFO|CRAWLER.py] 2020-11-17 13:07:32,991 > BIZ3120-02-00 cleared
[INFO|CRAWLER.py] 2020-11-17 13:07:35,054 > BIZ3125-01-00 cleared
[INFO|CRAWLER.py] 2020-11-17 13:07:37,641 > 15 rows in 76-90 of 114
[INFO|CRAWLER.py] 2020-11-17 13:07:39,698 > BIZ3125-02-00 cleared
[INFO|CRAWLER.py] 2020-11-17 13:07:41,790 > BIZ3126-01-00 cleared
[INFO|CRAWLER.py] 2020-11-17 13:07:43,920 > BIZ3126-02-00 cleared
[INFO|CRAWLER.py] 2020-11-17 13:07:46,005 > BIZ3134-01-00 cleared
[INFO|CRAWLER.py] 2020-11-17 13:07:48,066 > BIZ3134-02-00 cleared
[INFO|CRAWLER.py] 2020-11-17 13:07:50,145 > BIZ3134-03-00 cleared
[INFO|CRAWLER.py] 2020-11-17 13:07:52,205 > BIZ3134-04-00 cleared
[INFO|CRAWLER.py] 2020-11-17 13:07:54,280 > BIZ3135-01-00 cleared
[INFO|CRAWLER.py] 2020-11-17 13:07:56,388 > BIZ3136-01-00 cleared
[INFO|CRAWLER.py] 2020-11-17 13:07:58,489 > BIZ3136-02-00 cleared
[INFO|CRAWLER.py] 2020-11-17 13:08:00,568 > BIZ3136-03-00 cleared
[INFO|CRAWLER.py] 2020-11-17 13:08:02,679 > BIZ3148-01-00 cleared
[INFO|CRAWLER.py] 2020-11-17 13:08:04,817 > BIZ3155-01-00 cleared
[INFO|CRAWLER.py] 2020-11-17 13:08:06,894 > BIZ3158-01-00 cleared
[INFO|CRAWLER.py] 2020-11-17 13:08:08,998 > BIZ3162-01-00 cleared
[INFO|CRAWLER.py] 2020-11-17 13:08:11,582 > 15 rows in 91-105 of 114
[INFO|CRAWLER.py] 2020-11-17 13:08:13,721 > BIZ3175-01-00 cleared
[INFO|CRAWLER.py] 2020-11-17 13:08:15,801 > BIZ3197-01-00 cleared
[INFO|CRAWLER.py] 2020-11-17 13:08:17,901 > BIZ3198-01-00 cleared
[INFO|CRAWLER.py] 2020-11-17 13:08:19,984 > BIZ3198-02-00 cleared
[INFO|CRAWLER.py] 2020-11-17 13:08:22,076 > BIZ4115-01-00 cleared
[INFO|CRAWLER.py] 2020-11-17 13:08:24,184 > BIZ4122-01-00 cleared
[INFO|CRAWLER.py] 2020-11-17 13:08:26,300 > BIZ4123-01-00 cleared
[INFO|CRAWLER.py] 2020-11-17 13:08:28,398 > BIZ4129-01-00 cleared
[INFO|CRAWLER.py] 2020-11-17 13:08:30,485 > BIZ4139-01-00 cleared
[INFO|CRAWLER.py] 2020-11-17 13:08:32,586 > BIZ4147-01-00 cleared
[INFO|CRAWLER.py] 2020-11-17 13:08:34,653 > BIZ4148-01-00 cleared
[INFO|CRAWLER.py] 2020-11-17 13:08:36,787 > BIZ4150-01-00 cleared
[INFO|CRAWLER.py] 2020-11-17 13:08:38,877 > BIZ4151-01-00 cleared
[INFO|CRAWLER.py] 2020-11-17 13:08:40,974 > BIZ4157-01-00 cleared
[INFO|CRAWLER.py] 2020-11-17 13:08:43,060 > BIZ4159-01-00 cleared
[INFO|CRAWLER.py] 2020-11-17 13:08:45,637 > 9 rows in 106-114 of 114
[INFO|CRAWLER.py] 2020-11-17 13:08:47,700 > BIZ4167-01-00 cleared
[INFO|CRAWLER.py] 2020-11-17 13:08:49,782 > BIZ4180-01-00 cleared
[INFO|CRAWLER.py] 2020-11-17 13:08:51,856 > BIZ4183-01-00 cleared
[INFO|CRAWLER.py] 2020-11-17 13:08:53,917 > BIZ4183-02-00 cleared
[INFO|CRAWLER.py] 2020-11-17 13:08:56,005 > BIZ4189-01-00 cleared
[INFO|CRAWLER.py] 2020-11-17 13:08:58,069 > BIZ4190-01-00 cleared
[INFO|CRAWLER.py] 2020-11-17 13:09:00,165 > BIZ4194-01-00 cleared
[INFO|CRAWLER.py] 2020-11-17 13:09:02,259 > BIZ4197-01-00 cleared
[INFO|CRAWLER.py] 2020-11-17 13:09:04,344 > BIZ4177-01-00 cleared
[INFO|CRAWLER.py] 2020-11-17 13:09:06,392 > 경영학전공 탐색 완료
[INFO|CRAWLER.py] 2020-11-17 13:09:06,392 > 경영대학 수집 완료
[INFO|CRAWLER.py] 2020-11-17 13:09:06,392 > 20202-이과대학-이과대학 공통 수집 시작
[INFO|CRAWLER.py] 2020-11-17 13:09:07,031 > 5 rows in 1-5 of 5
[INFO|CRAWLER.py] 2020-11-17 13:09:07,060 > 유의사항 기준 탐색 완료
[INFO|CRAWLER.py] 2020-11-17 13:09:07,580 > 5 rows in 1-5 of 5
[INFO|CRAWLER.py] 2020-11-17 13:09:09,636 > SCI2001-01-00 cleared
[INFO|CRAWLER.py] 2020-11-17 13:09:11,710 > SCI2002-01-00 cleared
[INFO|CRAWLER.py] 2020-11-17 13:09:13,794 > MAT2002-01-00 cleared
[INFO|CRAWLER.py] 2020-11-17 13:09:15,884 > MAT2002-02-00 cleared
[INFO|CRAWLER.py] 2020-11-17 13:09:17,943 > SCI3005-01-00 cleared
[INFO|CRAWLER.py] 2020-11-17 13:09:19,974 > 이과대학 공통 탐색 완료
[INFO|CRAWLER.py] 2020-11-17 13:09:19,974 > 20202-이과대학-수학전공 수집 시작
[INFO|CRAWLER.py] 2020-11-17 13:09:20,588 > 15 rows in 1-15 of 22
[INFO|CRAWLER.py] 2020-11-17 13:09:20,619 > 유의사항 기준 탐색 완료
[INFO|CRAWLER.py] 2020-11-17 13:09:21,138 > 15 rows in 1-15 of 22
[INFO|CRAWLER.py] 2020-11-17 13:09:23,206 > MAT3104-01-00 cleared
[INFO|CRAWLER.py] 2020-11-17 13:09:25,263 > MAT3104-02-00 cleared
[INFO|CRAWLER.py] 2020-11-17 13:09:27,349 > MAT2103-01-00 cleared
[INFO|CRAWLER.py] 2020-11-17 13:09:29,443 > MAT3120-01-00 cleared
[INFO|CRAWLER.py] 2020-11-17 13:09:31,525 > MAT3120-02-00 cleared
[INFO|CRAWLER.py] 2020-11-17 13:09:33,598 > MAT3123-01-00 cleared
[INFO|CRAWLER.py] 2020-11-17 13:09:35,697 > MAT3105-01-00 cleared
[INFO|CRAWLER.py] 2020-11-17 13:09:37,764 > MAT2105-01-00 cleared
[INFO|CRAWLER.py] 2020-11-17 13:09:39,824 > MAT3101-01-00 cleared
[INFO|CRAWLER.py] 2020-11-17 13:09:41,889 > MAT3102-01-00 cleared
[INFO|CRAWLER.py] 2020-11-17 13:09:43,965 > MAT3110-01-00 cleared
[INFO|CRAWLER.py] 2020-11-17 13:09:46,039 > MAT3110-02-00 cleared
[INFO|CRAWLER.py] 2020-11-17 13:09:48,130 > MAT3985-01-00 cleared
[INFO|CRAWLER.py] 2020-11-17 13:09:50,201 > MAT3112-01-00 cleared
[INFO|CRAWLER.py] 2020-11-17 13:09:52,282 > MAT3113-01-00 cleared
[INFO|CRAWLER.py] 2020-11-17 13:09:54,858 > 7 rows in 16-22 of 22
[INFO|CRAWLER.py] 2020-11-17 13:09:56,919 > MAT3117-01-00 cleared
[INFO|CRAWLER.py] 2020-11-17 13:09:58,985 > MAT3118-01-00 cleared
[INFO|CRAWLER.py] 2020-11-17 13:10:01,055 > MAT3119-01-00 cleared
[INFO|CRAWLER.py] 2020-11-17 13:10:03,116 > MAT4106-01-00 cleared
[INFO|CRAWLER.py] 2020-11-17 13:10:05,179 > MAT4108-01-00 cleared
[INFO|CRAWLER.py] 2020-11-17 13:10:07,236 > MAT4120-01-00 cleared
[INFO|CRAWLER.py] 2020-11-17 13:10:09,300 > TTP4009-01-00 cleared
[INFO|CRAWLER.py] 2020-11-17 13:10:11,336 > 수학전공 탐색 완료
[INFO|CRAWLER.py] 2020-11-17 13:10:11,337 > 20202-이과대학-물리학전공 수집 시작
[INFO|CRAWLER.py] 2020-11-17 13:10:11,970 > 15 rows in 1-15 of 15
[INFO|CRAWLER.py] 2020-11-17 13:10:11,998 > 유의사항 기준 탐색 완료
[INFO|CRAWLER.py] 2020-11-17 13:10:12,515 > 15 rows in 1-15 of 15
[INFO|CRAWLER.py] 2020-11-17 13:10:14,623 > PHY3111-01-00 cleared
[INFO|CRAWLER.py] 2020-11-17 13:10:16,704 > PHY2104-01-00 cleared
[INFO|CRAWLER.py] 2020-11-17 13:10:18,766 > PHY2106-01-00 cleared
[INFO|CRAWLER.py] 2020-11-17 13:10:20,845 > PHY3113-01-00 cleared
[INFO|CRAWLER.py] 2020-11-17 13:10:22,923 > PHY3102-01-00 cleared
[INFO|CRAWLER.py] 2020-11-17 13:10:25,011 > PHY3104-01-00 cleared
[INFO|CRAWLER.py] 2020-11-17 13:10:27,105 > PHY3106-01-00 cleared
[INFO|CRAWLER.py] 2020-11-17 13:10:29,166 > PHY3108-01-00 cleared
[INFO|CRAWLER.py] 2020-11-17 13:10:31,223 > PHY3114-01-00 cleared
[INFO|CRAWLER.py] 2020-11-17 13:10:33,285 > PHY4102-01-00 cleared
[INFO|CRAWLER.py] 2020-11-17 13:10:35,342 > PHY4108-01-00 cleared
[INFO|CRAWLER.py] 2020-11-17 13:10:37,401 > PHY4109-01-00 cleared
[INFO|CRAWLER.py] 2020-11-17 13:10:39,460 > PHY4116-01-00 cleared
[INFO|CRAWLER.py] 2020-11-17 13:10:41,525 > PHY4117-01-00 cleared
[INFO|CRAWLER.py] 2020-11-17 13:10:43,587 > PHY4206-01-00 cleared
[INFO|CRAWLER.py] 2020-11-17 13:10:45,617 > 물리학전공 탐색 완료
[INFO|CRAWLER.py] 2020-11-17 13:10:45,617 > 20202-이과대학-화학전공 수집 시작
[INFO|CRAWLER.py] 2020-11-17 13:10:46,243 > 15 rows in 1-15 of 19
[INFO|CRAWLER.py] 2020-11-17 13:10:46,274 > 유의사항 기준 탐색 완료
[INFO|CRAWLER.py] 2020-11-17 13:10:46,793 > 15 rows in 1-15 of 19
[INFO|CRAWLER.py] 2020-11-17 13:10:48,859 > CHE3115-01-00 cleared
[INFO|CRAWLER.py] 2020-11-17 13:10:50,917 > CHE3115-02-00 cleared
[INFO|CRAWLER.py] 2020-11-17 13:10:52,986 > CHE3115-03-00 cleared
[INFO|CRAWLER.py] 2020-11-17 13:10:55,069 > CHE2103-01-00 cleared
[INFO|CRAWLER.py] 2020-11-17 13:10:57,136 > CHE3110-01-00 cleared
[INFO|CRAWLER.py] 2020-11-17 13:10:59,205 > CHE3110-02-00 cleared
[INFO|CRAWLER.py] 2020-11-17 13:11:11,761 > CHE3110-03-00 cleared
[INFO|CRAWLER.py] 2020-11-17 13:11:13,845 > CHE3110-04-00 cleared
[INFO|CRAWLER.py] 2020-11-17 13:11:15,935 > CHE3102-01-00 cleared
[INFO|CRAWLER.py] 2020-11-17 13:11:18,017 > CHE3117-01-00 cleared
[INFO|CRAWLER.py] 2020-11-17 13:11:20,086 > CHE3117-02-00 cleared
[INFO|CRAWLER.py] 2020-11-17 13:11:22,145 > CHE3117-03-00 cleared
[INFO|CRAWLER.py] 2020-11-17 13:11:24,238 > CHE3112-01-00 cleared
[INFO|CRAWLER.py] 2020-11-17 13:11:26,312 > CHE3103-01-00 cleared
[INFO|CRAWLER.py] 2020-11-17 13:11:28,382 > CHE3106-01-00 cleared
[INFO|CRAWLER.py] 2020-11-17 13:11:30,953 > 4 rows in 16-19 of 19
[INFO|CRAWLER.py] 2020-11-17 13:11:33,024 > CHE4107-01-00 cleared
[INFO|CRAWLER.py] 2020-11-17 13:11:35,097 > CHE4103-01-00 cleared
[INFO|CRAWLER.py] 2020-11-17 13:11:37,180 > CHE4105-01-00 cleared
[INFO|CRAWLER.py] 2020-11-17 13:11:39,244 > CHE4110-01-00 cleared
[INFO|CRAWLER.py] 2020-11-17 13:11:41,279 > 화학전공 탐색 완료
[INFO|CRAWLER.py] 2020-11-17 13:11:41,279 > 20202-이과대학-지구시스템과학전공 수집 시작
[INFO|CRAWLER.py] 2020-11-17 13:11:41,907 > 11 rows in 1-11 of 11
[INFO|CRAWLER.py] 2020-11-17 13:11:41,937 > 유의사항 기준 탐색 완료
[INFO|CRAWLER.py] 2020-11-17 13:11:42,456 > 11 rows in 1-11 of 11
[INFO|CRAWLER.py] 2020-11-17 13:11:44,518 > ESS1105-01-00 cleared
[INFO|CRAWLER.py] 2020-11-17 13:11:46,581 > ESS2110-01-00 cleared
[INFO|CRAWLER.py] 2020-11-17 13:11:48,640 > ESS2102-01-00 cleared
[INFO|CRAWLER.py] 2020-11-17 13:11:50,707 > ESS2112-01-00 cleared
[INFO|CRAWLER.py] 2020-11-17 13:11:52,767 > ESS3105-01-00 cleared
[INFO|CRAWLER.py] 2020-11-17 13:11:54,847 > ESS3115-01-00 cleared
[INFO|CRAWLER.py] 2020-11-17 13:11:56,914 > ESS3120-01-00 cleared
[INFO|CRAWLER.py] 2020-11-17 13:11:58,981 > ESS3122-01-00 cleared
[INFO|CRAWLER.py] 2020-11-17 13:12:01,083 > ESS3127-01-00 cleared
[INFO|CRAWLER.py] 2020-11-17 13:12:03,154 > ESS4126-01-00 cleared
[INFO|CRAWLER.py] 2020-11-17 13:12:05,217 > ESS4116-01-00 cleared
[INFO|CRAWLER.py] 2020-11-17 13:12:07,244 > 지구시스템과학전공 탐색 완료
[INFO|CRAWLER.py] 2020-11-17 13:12:07,244 > 20202-이과대학-천문우주학전공 수집 시작
[INFO|CRAWLER.py] 2020-11-17 13:12:07,873 > 11 rows in 1-11 of 11
[INFO|CRAWLER.py] 2020-11-17 13:12:07,901 > 유의사항 기준 탐색 완료
[INFO|CRAWLER.py] 2020-11-17 13:12:08,419 > 11 rows in 1-11 of 11
[INFO|CRAWLER.py] 2020-11-17 13:12:10,479 > AST1003-01-00 cleared
[INFO|CRAWLER.py] 2020-11-17 13:12:12,550 > AST2105-01-00 cleared
[INFO|CRAWLER.py] 2020-11-17 13:12:14,613 > AST2106-01-00 cleared
[INFO|CRAWLER.py] 2020-11-17 13:12:16,677 > AST3105-01-00 cleared
[INFO|CRAWLER.py] 2020-11-17 13:12:18,766 > AST3106-01-00 cleared
[INFO|CRAWLER.py] 2020-11-17 13:12:31,358 > AST3107-01-00 cleared
[INFO|CRAWLER.py] 2020-11-17 13:12:33,421 > AST3108-01-00 cleared
[INFO|CRAWLER.py] 2020-11-17 13:12:35,475 > AST4109-01-00 cleared
[INFO|CRAWLER.py] 2020-11-17 13:12:37,527 > AST4104-01-00 cleared
[INFO|CRAWLER.py] 2020-11-17 13:12:39,589 > AST4105-01-00 cleared
[INFO|CRAWLER.py] 2020-11-17 13:12:41,650 > AST4106-01-00 cleared
[INFO|CRAWLER.py] 2020-11-17 13:12:43,679 > 천문우주학전공 탐색 완료
[INFO|CRAWLER.py] 2020-11-17 13:12:43,679 > 20202-이과대학-대기과학전공 수집 시작
[INFO|CRAWLER.py] 2020-11-17 13:12:44,307 > 11 rows in 1-11 of 11
[INFO|CRAWLER.py] 2020-11-17 13:12:44,341 > 유의사항 기준 탐색 완료
[INFO|CRAWLER.py] 2020-11-17 13:12:44,860 > 11 rows in 1-11 of 11
[INFO|CRAWLER.py] 2020-11-17 13:12:46,939 > ATM2109-01-00 cleared
[INFO|CRAWLER.py] 2020-11-17 13:12:49,019 > ATM2102-01-00 cleared
[INFO|CRAWLER.py] 2020-11-17 13:12:51,081 > ATM2104-01-00 cleared
[INFO|CRAWLER.py] 2020-11-17 13:12:53,155 > ATM3108-01-00 cleared
[INFO|CRAWLER.py] 2020-11-17 13:12:55,223 > ATM4101-01-00 cleared
[INFO|CRAWLER.py] 2020-11-17 13:12:57,293 > ATM4102-01-00 cleared
[INFO|CRAWLER.py] 2020-11-17 13:12:59,374 > ATM4110-01-00 cleared
[INFO|CRAWLER.py] 2020-11-17 13:13:01,448 > ATM4111-01-00 cleared
[INFO|CRAWLER.py] 2020-11-17 13:13:03,518 > ATM3111-01-00 cleared
[INFO|CRAWLER.py] 2020-11-17 13:13:05,579 > ATM3113-01-00 cleared
[INFO|CRAWLER.py] 2020-11-17 13:13:07,648 > ATM4105-01-00 cleared
[INFO|CRAWLER.py] 2020-11-17 13:13:09,677 > 대기과학전공 탐색 완료
[INFO|CRAWLER.py] 2020-11-17 13:13:09,677 > 이과대학 수집 완료
[INFO|CRAWLER.py] 2020-11-17 13:13:09,677 > 20202-공과대학-공과대학공통 수집 시작
[INFO|CRAWLER.py] 2020-11-17 13:13:10,324 > 15 rows in 1-15 of 41
[INFO|CRAWLER.py] 2020-11-17 13:13:10,359 > 유의사항 기준 탐색 완료
[INFO|CRAWLER.py] 2020-11-17 13:13:10,876 > 15 rows in 1-15 of 41
[INFO|CRAWLER.py] 2020-11-17 13:13:12,961 > MAT2016-01-01 cleared
[INFO|CRAWLER.py] 2020-11-17 13:13:15,045 > MAT2016-01-02 cleared
[INFO|CRAWLER.py] 2020-11-17 13:13:17,144 > ENG2000-01-00 cleared
[INFO|CRAWLER.py] 2020-11-17 13:13:19,234 > ENG2009-01-00 cleared
[INFO|CRAWLER.py] 2020-11-17 13:13:21,321 > ENG2113-01-00 cleared
[INFO|CRAWLER.py] 2020-11-17 13:13:23,437 > ENG2114-01-00 cleared
[INFO|CRAWLER.py] 2020-11-17 13:13:36,006 > ENG2116-01-00 cleared
[INFO|CRAWLER.py] 2020-11-17 13:13:38,080 > ENG3405-01-00 cleared
[INFO|CRAWLER.py] 2020-11-17 13:13:40,202 > ENG1108-01-01 cleared
[INFO|CRAWLER.py] 2020-11-17 13:13:42,268 > ENG1108-01-02 cleared
[INFO|CRAWLER.py] 2020-11-17 13:13:44,347 > ENG1108-02-01 cleared
[INFO|CRAWLER.py] 2020-11-17 13:13:46,420 > ENG1108-02-02 cleared
[INFO|CRAWLER.py] 2020-11-17 13:13:48,481 > ENG1108-03-01 cleared
[INFO|CRAWLER.py] 2020-11-17 13:13:51,067 > 15 rows in 16-30 of 41
[INFO|CRAWLER.py] 2020-11-17 13:13:53,128 > ENG1108-03-02 cleared
[INFO|CRAWLER.py] 2020-11-17 13:13:55,189 > ENG1108-04-01 cleared
[INFO|CRAWLER.py] 2020-11-17 13:13:57,245 > ENG1108-04-02 cleared
[INFO|CRAWLER.py] 2020-11-17 13:13:59,339 > ENG1108-06-01 cleared
[INFO|CRAWLER.py] 2020-11-17 13:14:01,410 > ENG1108-06-02 cleared
[INFO|CRAWLER.py] 2020-11-17 13:14:03,617 > ENG3002-01-00 cleared
[INFO|CRAWLER.py] 2020-11-17 13:14:05,705 > ENG3007-01-00 cleared
[INFO|CRAWLER.py] 2020-11-17 13:14:07,779 > ENG3009-01-00 cleared
[INFO|CRAWLER.py] 2020-11-17 13:14:09,962 > ENG3011-01-00 cleared
[INFO|CRAWLER.py] 2020-11-17 13:14:22,528 > ENG2112-01-00 cleared
[INFO|CRAWLER.py] 2020-11-17 13:14:24,610 > MAT2011-01-01 cleared
[INFO|CRAWLER.py] 2020-11-17 13:14:26,695 > MAT2011-01-02 cleared
[INFO|CRAWLER.py] 2020-11-17 13:14:28,772 > MAT2011-02-01 cleared
[INFO|CRAWLER.py] 2020-11-17 13:14:30,856 > MAT2011-02-02 cleared
[INFO|CRAWLER.py] 2020-11-17 13:14:33,441 > 11 rows in 31-41 of 41
[INFO|CRAWLER.py] 2020-11-17 13:14:35,520 > MAT2013-01-01 cleared
[INFO|CRAWLER.py] 2020-11-17 13:14:37,604 > MAT2013-02-01 cleared
[INFO|CRAWLER.py] 2020-11-17 13:14:39,683 > MAT3114-01-01 cleared
[INFO|CRAWLER.py] 2020-11-17 13:14:41,764 > MAT3114-02-01 cleared
[INFO|CRAWLER.py] 2020-11-17 13:14:54,363 > ENG2005-01-00 cleared
[INFO|CRAWLER.py] 2020-11-17 13:14:56,433 > ENG2007-01-00 cleared
[INFO|CRAWLER.py] 2020-11-17 13:14:58,504 > ENG3016-01-00 cleared
[INFO|CRAWLER.py] 2020-11-17 13:15:00,580 > ENG3017-01-00 cleared
[INFO|CRAWLER.py] 2020-11-17 13:15:02,753 > ENG3014-01-00 cleared
[INFO|CRAWLER.py] 2020-11-17 13:15:04,869 > ENG4005-01-00 cleared
[INFO|CRAWLER.py] 2020-11-17 13:15:06,932 > 공과대학공통 탐색 완료
[INFO|CRAWLER.py] 2020-11-17 13:15:06,933 > 20202-공과대학-화공생명공학전공 수집 시작
[INFO|CRAWLER.py] 2020-11-17 13:15:07,559 > 15 rows in 1-15 of 29
[INFO|CRAWLER.py] 2020-11-17 13:15:07,594 > 유의사항 기준 탐색 완료
[INFO|CRAWLER.py] 2020-11-17 13:15:08,113 > 15 rows in 1-15 of 29
[INFO|CRAWLER.py] 2020-11-17 13:15:10,167 > DAA2210-01-00 cleared
[INFO|CRAWLER.py] 2020-11-17 13:15:12,222 > DAA2210-02-00 cleared
[INFO|CRAWLER.py] 2020-11-17 13:15:14,276 > DAA2210-03-00 cleared
[INFO|CRAWLER.py] 2020-11-17 13:15:16,349 > MAT2017-01-01 cleared
[INFO|CRAWLER.py] 2020-11-17 13:15:18,433 > MAT2017-01-02 cleared
[INFO|CRAWLER.py] 2020-11-17 13:15:20,494 > MAT2017-02-01 cleared
[INFO|CRAWLER.py] 2020-11-17 13:15:22,564 > MAT2017-02-02 cleared
[INFO|CRAWLER.py] 2020-11-17 13:15:24,672 > DAA2240-01-00 cleared
[INFO|CRAWLER.py] 2020-11-17 13:15:26,735 > DAA2240-02-00 cleared
[INFO|CRAWLER.py] 2020-11-17 13:15:28,816 > DAA3220-01-00 cleared
[INFO|CRAWLER.py] 2020-11-17 13:15:30,923 > DAA3220-02-00 cleared
[INFO|CRAWLER.py] 2020-11-17 13:15:32,998 > DAA3620-01-00 cleared
[INFO|CRAWLER.py] 2020-11-17 13:15:35,086 > DAA2130-01-00 cleared
[INFO|CRAWLER.py] 2020-11-17 13:15:37,156 > DAA4320-01-00 cleared
[INFO|CRAWLER.py] 2020-11-17 13:15:39,288 > DAA4320-02-00 cleared
[INFO|CRAWLER.py] 2020-11-17 13:15:41,877 > 14 rows in 16-29 of 29
[INFO|CRAWLER.py] 2020-11-17 13:15:43,938 > DAA2230-01-00 cleared
[INFO|CRAWLER.py] 2020-11-17 13:15:46,001 > DAA2230-02-00 cleared
[INFO|CRAWLER.py] 2020-11-17 13:15:48,063 > DAA2230-03-00 cleared
[INFO|CRAWLER.py] 2020-11-17 13:15:50,125 > DAA2230-04-00 cleared
[INFO|CRAWLER.py] 2020-11-17 13:15:52,190 > DAA3610-01-00 cleared
[INFO|CRAWLER.py] 2020-11-17 13:15:54,277 > DAA3660-01-00 cleared
[INFO|CRAWLER.py] 2020-11-17 13:15:56,356 > DAA3660-02-00 cleared
[INFO|CRAWLER.py] 2020-11-17 13:15:58,442 > DAA3720-01-00 cleared
[INFO|CRAWLER.py] 2020-11-17 13:16:00,580 > DAA4350-01-00 cleared
[INFO|CRAWLER.py] 2020-11-17 13:16:02,644 > DAA3740-01-00 cleared
[INFO|CRAWLER.py] 2020-11-17 13:16:04,742 > DAA3750-01-00 cleared
[INFO|CRAWLER.py] 2020-11-17 13:16:06,824 > DAA3790-01-00 cleared
[INFO|CRAWLER.py] 2020-11-17 13:16:08,941 > DAA3800-01-00 cleared
[INFO|CRAWLER.py] 2020-11-17 13:16:11,022 > DAA3820-01-00 cleared
[INFO|CRAWLER.py] 2020-11-17 13:16:13,088 > 화공생명공학전공 탐색 완료
[INFO|CRAWLER.py] 2020-11-17 13:16:13,088 > 20202-공과대학-전기전자공학전공 수집 시작
[INFO|CRAWLER.py] 2020-11-17 13:16:13,714 > 15 rows in 1-15 of 73
[INFO|CRAWLER.py] 2020-11-17 13:16:13,739 > 유의사항 기준 탐색 완료
[INFO|CRAWLER.py] 2020-11-17 13:16:14,258 > 15 rows in 1-15 of 73
[INFO|CRAWLER.py] 2020-11-17 13:16:16,351 > EEE2020-01-00 cleared
[INFO|CRAWLER.py] 2020-11-17 13:16:18,438 > MAT2017-03-01 cleared
[INFO|CRAWLER.py] 2020-11-17 13:16:20,513 > MAT2017-03-02 cleared
[INFO|CRAWLER.py] 2020-11-17 13:16:22,575 > MAT2017-04-01 cleared
[INFO|CRAWLER.py] 2020-11-17 13:16:24,655 > MAT2017-04-02 cleared
[INFO|CRAWLER.py] 2020-11-17 13:16:26,723 > MAT2017-05-01 cleared
[INFO|CRAWLER.py] 2020-11-17 13:16:28,806 > MAT2017-05-02 cleared
[INFO|CRAWLER.py] 2020-11-17 13:16:30,887 > EEE2010-01-00 cleared
[INFO|CRAWLER.py] 2020-11-17 13:16:33,030 > EEE2030-01-00 cleared
[INFO|CRAWLER.py] 2020-11-17 13:16:35,110 > EEE2030-02-00 cleared
[INFO|CRAWLER.py] 2020-11-17 13:16:37,191 > EEE2030-03-00 cleared
[INFO|CRAWLER.py] 2020-11-17 13:16:39,274 > EEE2040-01-00 cleared
[INFO|CRAWLER.py] 2020-11-17 13:16:41,398 > EEE2050-01-00 cleared
[INFO|CRAWLER.py] 2020-11-17 13:16:43,508 > EEE2050-02-00 cleared
[INFO|CRAWLER.py] 2020-11-17 13:16:45,600 > EEE2050-03-00 cleared
[INFO|CRAWLER.py] 2020-11-17 13:16:48,191 > 15 rows in 16-30 of 73
[INFO|CRAWLER.py] 2020-11-17 13:16:50,279 > EEE2060-01-00 cleared
[INFO|CRAWLER.py] 2020-11-17 13:16:52,372 > EEE2060-02-00 cleared
[INFO|CRAWLER.py] 2020-11-17 13:16:54,448 > EEE2060-03-00 cleared
[INFO|CRAWLER.py] 2020-11-17 13:16:56,509 > EEE2060-04-00 cleared
[INFO|CRAWLER.py] 2020-11-17 13:16:58,589 > EEE2060-05-00 cleared
[INFO|CRAWLER.py] 2020-11-17 13:17:00,663 > EEE2111-01-00 cleared
[INFO|CRAWLER.py] 2020-11-17 13:17:02,728 > EEE2111-02-00 cleared
[INFO|CRAWLER.py] 2020-11-17 13:17:04,797 > EEE2111-03-00 cleared
[INFO|CRAWLER.py] 2020-11-17 13:17:06,874 > EEE2111-05-00 cleared
[INFO|CRAWLER.py] 2020-11-17 13:17:08,945 > EEE2111-06-00 cleared
[INFO|CRAWLER.py] 2020-11-17 13:17:11,019 > EEE2111-07-00 cleared
[INFO|CRAWLER.py] 2020-11-17 13:17:13,093 > EEE2111-08-00 cleared
[INFO|CRAWLER.py] 2020-11-17 13:17:15,163 > EEE2001-01-00 cleared
[INFO|CRAWLER.py] 2020-11-17 13:17:17,228 > EEE2001-02-00 cleared
[INFO|CRAWLER.py] 2020-11-17 13:17:19,820 > 15 rows in 31-45 of 73
[INFO|CRAWLER.py] 2020-11-17 13:17:21,888 > EEE3313-01-00 cleared
[INFO|CRAWLER.py] 2020-11-17 13:17:23,956 > EEE3313-02-00 cleared
[INFO|CRAWLER.py] 2020-11-17 13:17:26,018 > EEE3313-03-00 cleared
[INFO|CRAWLER.py] 2020-11-17 13:17:28,083 > EEE3313-04-00 cleared
[INFO|CRAWLER.py] 2020-11-17 13:17:30,145 > EEE3313-05-00 cleared
[INFO|CRAWLER.py] 2020-11-17 13:17:32,217 > EEE3313-06-00 cleared
[INFO|CRAWLER.py] 2020-11-17 13:17:34,288 > EEE3313-07-00 cleared
[INFO|CRAWLER.py] 2020-11-17 13:17:36,348 > EEE3120-01-00 cleared
[INFO|CRAWLER.py] 2020-11-17 13:17:38,412 > EEE3150-01-00 cleared
[INFO|CRAWLER.py] 2020-11-17 13:17:40,492 > EEE3150-02-00 cleared
[INFO|CRAWLER.py] 2020-11-17 13:17:42,614 > EEE3220-01-00 cleared
[INFO|CRAWLER.py] 2020-11-17 13:17:44,698 > EEE3220-02-00 cleared
[INFO|CRAWLER.py] 2020-11-17 13:17:46,770 > EEE3220-04-00 cleared
[INFO|CRAWLER.py] 2020-11-17 13:17:48,858 > EEE3240-01-00 cleared
[INFO|CRAWLER.py] 2020-11-17 13:17:50,962 > EEE3240-02-00 cleared
[INFO|CRAWLER.py] 2020-11-17 13:17:53,555 > 15 rows in 46-60 of 73
[INFO|CRAWLER.py] 2020-11-17 13:17:55,652 > EEE3310-01-00 cleared
[INFO|CRAWLER.py] 2020-11-17 13:17:57,734 > EEE3314-01-00 cleared
[INFO|CRAWLER.py] 2020-11-17 13:17:59,838 > EEE3314-02-00 cleared
[INFO|CRAWLER.py] 2020-11-17 13:18:01,907 > EEE3314-03-00 cleared
[INFO|CRAWLER.py] 2020-11-17 13:18:04,006 > EEE3350-01-00 cleared
[INFO|CRAWLER.py] 2020-11-17 13:18:06,068 > EEE3350-02-00 cleared
[INFO|CRAWLER.py] 2020-11-17 13:18:08,150 > EEE3440-01-00 cleared
[INFO|CRAWLER.py] 2020-11-17 13:18:10,218 > EEE3440-02-00 cleared
[INFO|CRAWLER.py] 2020-11-17 13:18:12,290 > EEE3440-03-00 cleared
[INFO|CRAWLER.py] 2020-11-17 13:18:14,359 > EEE3450-01-00 cleared
[INFO|CRAWLER.py] 2020-11-17 13:18:16,478 > EEE3450-02-00 cleared
[INFO|CRAWLER.py] 2020-11-17 13:18:18,566 > EEE3511-01-00 cleared
[INFO|CRAWLER.py] 2020-11-17 13:18:20,665 > EEE3535-01-00 cleared
[INFO|CRAWLER.py] 2020-11-17 13:18:22,745 > EEE3540-01-00 cleared
[INFO|CRAWLER.py] 2020-11-17 13:18:24,815 > EEE3544-01-00 cleared
[INFO|CRAWLER.py] 2020-11-17 13:18:27,404 > 13 rows in 61-73 of 73
[INFO|CRAWLER.py] 2020-11-17 13:18:29,482 > EEE3545-01-00 cleared
[INFO|CRAWLER.py] 2020-11-17 13:18:31,560 > EEE3547-01-00 cleared
[INFO|CRAWLER.py] 2020-11-17 13:18:33,634 > EEE3547-02-00 cleared
[INFO|CRAWLER.py] 2020-11-17 13:18:35,756 > EEE4610-01-00 cleared
[INFO|CRAWLER.py] 2020-11-17 13:18:48,345 > EEE4140-01-00 cleared
[INFO|CRAWLER.py] 2020-11-17 13:18:50,407 > EEE4474-01-00 cleared
[INFO|CRAWLER.py] 2020-11-17 13:18:52,474 > EEE4474-02-00 cleared
[INFO|CRAWLER.py] 2020-11-17 13:18:54,525 > EEE4475-01-00 cleared
[INFO|CRAWLER.py] 2020-11-17 13:18:56,579 > EEE4475-02-00 cleared
[INFO|CRAWLER.py] 2020-11-17 13:18:58,640 > EEE4476-01-00 cleared
[INFO|CRAWLER.py] 2020-11-17 13:19:00,699 > EEE4476-02-00 cleared
[INFO|CRAWLER.py] 2020-11-17 13:19:02,766 > EEE4549-01-00 cleared
[INFO|CRAWLER.py] 2020-11-17 13:19:04,844 > EEE4549-02-00 cleared
[INFO|CRAWLER.py] 2020-11-17 13:19:06,904 > 전기전자공학전공 탐색 완료
[INFO|CRAWLER.py] 2020-11-17 13:19:06,905 > 20202-공과대학-건축공학전공 수집 시작
[INFO|CRAWLER.py] 2020-11-17 13:19:07,533 > 15 rows in 1-15 of 20
[INFO|CRAWLER.py] 2020-11-17 13:19:07,560 > 유의사항 기준 탐색 완료
[INFO|CRAWLER.py] 2020-11-17 13:19:08,079 > 15 rows in 1-15 of 20
[INFO|CRAWLER.py] 2020-11-17 13:19:10,134 > ARC2501-01-00 cleared
[INFO|CRAWLER.py] 2020-11-17 13:19:12,187 > ARC2501-05-00 cleared
[INFO|CRAWLER.py] 2020-11-17 13:19:14,237 > ARC2501-07-00 cleared
[INFO|CRAWLER.py] 2020-11-17 13:19:16,324 > MAT2017-06-01 cleared
[INFO|CRAWLER.py] 2020-11-17 13:19:18,382 > MAT2017-06-02 cleared
[INFO|CRAWLER.py] 2020-11-17 13:19:20,446 > ARC2103-01-00 cleared
[INFO|CRAWLER.py] 2020-11-17 13:19:22,502 > ARC2103-02-00 cleared
[INFO|CRAWLER.py] 2020-11-17 13:19:35,081 > ARC2103-03-00 cleared
[INFO|CRAWLER.py] 2020-11-17 13:19:37,136 > ARC2002-01-00 cleared
[INFO|CRAWLER.py] 2020-11-17 13:19:39,242 > ARC2203-01-00 cleared
[INFO|CRAWLER.py] 2020-11-17 13:19:41,323 > ARC3202-01-00 cleared
[INFO|CRAWLER.py] 2020-11-17 13:19:43,423 > ARC3306-01-00 cleared
[INFO|CRAWLER.py] 2020-11-17 13:19:45,521 > ARC4302-01-00 cleared
[INFO|CRAWLER.py] 2020-11-17 13:19:47,613 > ARC2202-01-00 cleared
[INFO|CRAWLER.py] 2020-11-17 13:19:49,709 > ARC3102-01-00 cleared
[INFO|CRAWLER.py] 2020-11-17 13:19:52,277 > 5 rows in 16-20 of 20
[INFO|CRAWLER.py] 2020-11-17 13:19:54,356 > ARC3203-01-00 cleared
[INFO|CRAWLER.py] 2020-11-17 13:19:56,423 > ARC3209-01-00 cleared
[INFO|CRAWLER.py] 2020-11-17 13:19:58,530 > ARC3406-01-00 cleared
[INFO|CRAWLER.py] 2020-11-17 13:20:00,637 > ARC3000-01-00 cleared
[INFO|CRAWLER.py] 2020-11-17 13:20:02,730 > ARC4204-01-00 cleared
[INFO|CRAWLER.py] 2020-11-17 13:20:04,768 > 건축공학전공 탐색 완료
[INFO|CRAWLER.py] 2020-11-17 13:20:04,768 > 20202-공과대학-건축학(설계) 수집 시작
[INFO|CRAWLER.py] 2020-11-17 13:20:05,395 > 15 rows in 1-15 of 33
[INFO|CRAWLER.py] 2020-11-17 13:20:05,427 > 유의사항 기준 탐색 완료
[INFO|CRAWLER.py] 2020-11-17 13:20:05,944 > 15 rows in 1-15 of 33
[INFO|CRAWLER.py] 2020-11-17 13:20:06,110 > ARC2203-01-00: 중복된 강의 객체. caution 수집 완료
[INFO|CRAWLER.py] 2020-11-17 13:20:08,197 > ARC3507-01-00 cleared
[INFO|CRAWLER.py] 2020-11-17 13:20:10,271 > ARC2104-01-00 cleared
[INFO|CRAWLER.py] 2020-11-17 13:20:12,416 > ARC3203-02-00 cleared
[INFO|CRAWLER.py] 2020-11-17 13:20:14,503 > ARC3306-02-00 cleared
[INFO|CRAWLER.py] 2020-11-17 13:20:14,548 > ARC3406-01-00: 중복된 강의 객체. caution 수집 완료
[INFO|CRAWLER.py] 2020-11-17 13:20:16,626 > ARC3106-01-00 cleared
[INFO|CRAWLER.py] 2020-11-17 13:20:19,212 > 15 rows in 16-30 of 33
[INFO|CRAWLER.py] 2020-11-17 13:20:21,351 > ARC3307-01-00 cleared
[INFO|CRAWLER.py] 2020-11-17 13:20:23,410 > ARC3404-01-00 cleared
[INFO|CRAWLER.py] 2020-11-17 13:20:25,484 > ARC3102-02-00 cleared
[INFO|CRAWLER.py] 2020-11-17 13:20:27,563 > ARC4208-01-00 cleared
[INFO|CRAWLER.py] 2020-11-17 13:20:29,635 > ARC4108-01-00 cleared
[INFO|CRAWLER.py] 2020-11-17 13:20:31,775 > ARC3511-01-00 cleared
[INFO|CRAWLER.py] 2020-11-17 13:20:33,838 > ARC4305-01-00 cleared
[INFO|CRAWLER.py] 2020-11-17 13:20:35,915 > ARC4110-01-00 cleared
[INFO|CRAWLER.py] 2020-11-17 13:20:38,505 > 3 rows in 31-33 of 33
[INFO|CRAWLER.py] 2020-11-17 13:20:40,618 > ARC3512-01-00 cleared
[INFO|CRAWLER.py] 2020-11-17 13:20:42,661 > 건축학(설계) 탐색 완료
[INFO|CRAWLER.py] 2020-11-17 13:20:42,662 > 20202-공과대학-도시공학전공 수집 시작
[INFO|CRAWLER.py] 2020-11-17 13:20:43,288 > 15 rows in 1-15 of 15
[INFO|CRAWLER.py] 2020-11-17 13:20:43,318 > 유의사항 기준 탐색 완료
[INFO|CRAWLER.py] 2020-11-17 13:20:43,837 > 15 rows in 1-15 of 15
[INFO|CRAWLER.py] 2020-11-17 13:20:45,920 > CRP2742-01-00 cleared
[INFO|CRAWLER.py] 2020-11-17 13:20:47,993 > CRP2103-01-00 cleared
[INFO|CRAWLER.py] 2020-11-17 13:20:50,084 > CRP2320-01-00 cleared
[INFO|CRAWLER.py] 2020-11-17 13:20:52,166 > CRP2350-01-00 cleared
[INFO|CRAWLER.py] 2020-11-17 13:20:54,247 > CRP2730-01-00 cleared
[INFO|CRAWLER.py] 2020-11-17 13:20:56,340 > CRP3760-01-00 cleared
[INFO|CRAWLER.py] 2020-11-17 13:20:58,397 > CRP2104-01-00 cleared
[INFO|CRAWLER.py] 2020-11-17 13:21:00,468 > CRP3430-01-00 cleared
[INFO|CRAWLER.py] 2020-11-17 13:21:02,548 > CRP3750-01-00 cleared
[INFO|CRAWLER.py] 2020-11-17 13:21:04,621 > CRP3770-01-00 cleared
[INFO|CRAWLER.py] 2020-11-17 13:21:06,686 > CRP3780-01-00 cleared
[INFO|CRAWLER.py] 2020-11-17 13:21:08,753 > CRP3102-01-00 cleared
[INFO|CRAWLER.py] 2020-11-17 13:21:10,824 > CRP3620-01-00 cleared
[INFO|CRAWLER.py] 2020-11-17 13:21:12,882 > CRP3792-01-00 cleared
[INFO|CRAWLER.py] 2020-11-17 13:21:14,955 > CRP4730-01-00 cleared
[INFO|CRAWLER.py] 2020-11-17 13:21:16,983 > 도시공학전공 탐색 완료
[INFO|CRAWLER.py] 2020-11-17 13:21:16,983 > 20202-공과대학-건설환경공학전공 수집 시작
[INFO|CRAWLER.py] 2020-11-17 13:21:17,612 > 15 rows in 1-15 of 21
[INFO|CRAWLER.py] 2020-11-17 13:21:17,642 > 유의사항 기준 탐색 완료
[INFO|CRAWLER.py] 2020-11-17 13:21:18,160 > 15 rows in 1-15 of 21
[INFO|CRAWLER.py] 2020-11-17 13:21:20,219 > CEE2002-01-00 cleared
[INFO|CRAWLER.py] 2020-11-17 13:21:22,280 > MAT2017-07-01 cleared
[INFO|CRAWLER.py] 2020-11-17 13:21:24,348 > MAT2017-07-02 cleared
[INFO|CRAWLER.py] 2020-11-17 13:21:26,426 > CEE3202-01-00 cleared
[INFO|CRAWLER.py] 2020-11-17 13:21:28,498 > CEE3202-02-00 cleared
[INFO|CRAWLER.py] 2020-11-17 13:21:30,578 > CEE3406-01-00 cleared
[INFO|CRAWLER.py] 2020-11-17 13:21:32,641 > CEE3408-01-00 cleared
[INFO|CRAWLER.py] 2020-11-17 13:21:34,710 > CEE3410-01-00 cleared
[INFO|CRAWLER.py] 2020-11-17 13:21:36,777 > CEE3412-01-00 cleared
[INFO|CRAWLER.py] 2020-11-17 13:21:38,861 > CEE4401-01-00 cleared
[INFO|CRAWLER.py] 2020-11-17 13:21:40,939 > CEE4401-02-00 cleared
[INFO|CRAWLER.py] 2020-11-17 13:21:42,998 > CEE4401-03-00 cleared
[INFO|CRAWLER.py] 2020-11-17 13:21:45,064 > CEE4406-01-00 cleared
[INFO|CRAWLER.py] 2020-11-17 13:21:47,161 > CEE4412-01-00 cleared
[INFO|CRAWLER.py] 2020-11-17 13:21:49,733 > 6 rows in 16-21 of 21
[INFO|CRAWLER.py] 2020-11-17 13:21:51,809 > CEE4201-01-00 cleared
[INFO|CRAWLER.py] 2020-11-17 13:21:53,885 > CEE3413-01-00 cleared
[INFO|CRAWLER.py] 2020-11-17 13:21:55,976 > CEE3415-01-00 cleared
[INFO|CRAWLER.py] 2020-11-17 13:21:58,040 > CEE3422-01-00 cleared
[INFO|CRAWLER.py] 2020-11-17 13:22:00,126 > CEE4411-01-00 cleared
[INFO|CRAWLER.py] 2020-11-17 13:22:02,230 > CEE4413-01-00 cleared
[INFO|CRAWLER.py] 2020-11-17 13:22:04,269 > 건설환경공학전공 탐색 완료
[INFO|CRAWLER.py] 2020-11-17 13:22:04,269 > 20202-공과대학-기계공학전공 수집 시작
[INFO|CRAWLER.py] 2020-11-17 13:22:04,898 > 15 rows in 1-15 of 44
[INFO|CRAWLER.py] 2020-11-17 13:22:04,930 > 유의사항 기준 탐색 완료
[INFO|CRAWLER.py] 2020-11-17 13:22:05,449 > 15 rows in 1-15 of 44
[INFO|CRAWLER.py] 2020-11-17 13:22:07,520 > MAT2017-08-01 cleared
[INFO|CRAWLER.py] 2020-11-17 13:22:09,606 > MAT2017-08-02 cleared
[INFO|CRAWLER.py] 2020-11-17 13:22:11,660 > MAT2017-09-01 cleared
[INFO|CRAWLER.py] 2020-11-17 13:22:13,717 > MAT2017-09-02 cleared
[INFO|CRAWLER.py] 2020-11-17 13:22:15,779 > MEU2105-01-00 cleared
[INFO|CRAWLER.py] 2020-11-17 13:22:17,841 > MEU2105-02-00 cleared
[INFO|CRAWLER.py] 2020-11-17 13:22:19,915 > MEU2105-03-00 cleared
[INFO|CRAWLER.py] 2020-11-17 13:22:21,987 > MEU2105-04-00 cleared
[INFO|CRAWLER.py] 2020-11-17 13:22:24,113 > MEU2640-01-00 cleared
[INFO|CRAWLER.py] 2020-11-17 13:22:26,243 > MEU2640-02-00 cleared
[INFO|CRAWLER.py] 2020-11-17 13:22:28,375 > MEU2650-01-00 cleared
[INFO|CRAWLER.py] 2020-11-17 13:22:30,480 > MEU2650-02-00 cleared
[INFO|CRAWLER.py] 2020-11-17 13:22:32,549 > MEU2001-01-00 cleared
[INFO|CRAWLER.py] 2020-11-17 13:22:34,610 > MEU2001-02-00 cleared
[INFO|CRAWLER.py] 2020-11-17 13:22:36,674 > MEU2001-03-00 cleared
[INFO|CRAWLER.py] 2020-11-17 13:22:39,262 > 15 rows in 16-30 of 44
[INFO|CRAWLER.py] 2020-11-17 13:22:41,329 > MEU2001-04-00 cleared
[INFO|CRAWLER.py] 2020-11-17 13:22:43,391 > MEU2002-02-00 cleared
[INFO|CRAWLER.py] 2020-11-17 13:22:45,451 > MEU2002-03-00 cleared
[INFO|CRAWLER.py] 2020-11-17 13:22:47,520 > MEU3300-01-00 cleared
[INFO|CRAWLER.py] 2020-11-17 13:22:49,610 > MEU3300-02-00 cleared
[INFO|CRAWLER.py] 2020-11-17 13:22:51,702 > MEU3300-03-00 cleared
[INFO|CRAWLER.py] 2020-11-17 13:22:53,773 > MEU3300-04-00 cleared
[INFO|CRAWLER.py] 2020-11-17 13:22:55,836 > MEU3003-01-00 cleared
[INFO|CRAWLER.py] 2020-11-17 13:22:57,896 > MEU3007-01-00 cleared
[INFO|CRAWLER.py] 2020-11-17 13:22:59,972 > MEU3011-01-00 cleared
[INFO|CRAWLER.py] 2020-11-17 13:23:02,043 > MEU3012-01-00 cleared
[INFO|CRAWLER.py] 2020-11-17 13:23:04,108 > MEU3014-01-00 cleared
[INFO|CRAWLER.py] 2020-11-17 13:23:06,192 > MEU3014-02-00 cleared
[INFO|CRAWLER.py] 2020-11-17 13:23:08,297 > MEU3600-01-00 cleared
[INFO|CRAWLER.py] 2020-11-17 13:23:10,361 > MEU3600-02-00 cleared
[INFO|CRAWLER.py] 2020-11-17 13:23:12,952 > 14 rows in 31-44 of 44
[INFO|CRAWLER.py] 2020-11-17 13:23:15,012 > MEU3610-01-00 cleared
[INFO|CRAWLER.py] 2020-11-17 13:23:17,081 > MEU3610-02-00 cleared
[INFO|CRAWLER.py] 2020-11-17 13:23:19,178 > MEU3630-01-00 cleared
[INFO|CRAWLER.py] 2020-11-17 13:23:21,282 > MEU3660-01-00 cleared
[INFO|CRAWLER.py] 2020-11-17 13:23:23,375 > MEU3680-01-00 cleared
[INFO|CRAWLER.py] 2020-11-17 13:23:25,474 > MEU3680-02-00 cleared
[INFO|CRAWLER.py] 2020-11-17 13:23:27,557 > MEU3700-01-00 cleared
[INFO|CRAWLER.py] 2020-11-17 13:23:29,656 > MEU3710-01-00 cleared
[INFO|CRAWLER.py] 2020-11-17 13:23:31,796 > MEU4002-01-00 cleared
[INFO|CRAWLER.py] 2020-11-17 13:23:33,870 > MEU4300-01-00 cleared
[INFO|CRAWLER.py] 2020-11-17 13:23:35,945 > MEU4300-02-00 cleared
[INFO|CRAWLER.py] 2020-11-17 13:23:38,012 > MEU4400-01-00 cleared
[INFO|CRAWLER.py] 2020-11-17 13:23:40,096 > MEU4400-02-00 cleared
[INFO|CRAWLER.py] 2020-11-17 13:23:42,169 > MEU4400-03-00 cleared
[INFO|CRAWLER.py] 2020-11-17 13:23:44,229 > 기계공학전공 탐색 완료
[INFO|CRAWLER.py] 2020-11-17 13:23:44,229 > 20202-공과대학-신소재공학전공 수집 시작
[INFO|CRAWLER.py] 2020-11-17 13:23:44,860 > 15 rows in 1-15 of 30
[INFO|CRAWLER.py] 2020-11-17 13:23:44,894 > 유의사항 기준 탐색 완료
[INFO|CRAWLER.py] 2020-11-17 13:23:45,412 > 15 rows in 1-15 of 30
[INFO|CRAWLER.py] 2020-11-17 13:23:47,463 > ENG1107-01-00 cleared
[INFO|CRAWLER.py] 2020-11-17 13:23:49,596 > MST2120-01-00 cleared
[INFO|CRAWLER.py] 2020-11-17 13:23:51,681 > MST2120-02-00 cleared
[INFO|CRAWLER.py] 2020-11-17 13:23:53,758 > MST3110-01-00 cleared
[INFO|CRAWLER.py] 2020-11-17 13:23:55,855 > MST2220-01-00 cleared
[INFO|CRAWLER.py] 2020-11-17 13:23:57,944 > MST2220-02-00 cleared
[INFO|CRAWLER.py] 2020-11-17 13:24:00,047 > MST2240-01-00 cleared
[INFO|CRAWLER.py] 2020-11-17 13:24:02,147 > MST2240-02-00 cleared
[INFO|CRAWLER.py] 2020-11-17 13:24:04,223 > MST2260-01-00 cleared
[INFO|CRAWLER.py] 2020-11-17 13:24:06,330 > MST2260-02-00 cleared
[INFO|CRAWLER.py] 2020-11-17 13:24:08,388 > MST2001-01-00 cleared
[INFO|CRAWLER.py] 2020-11-17 13:24:10,491 > MST3220-01-00 cleared
[INFO|CRAWLER.py] 2020-11-17 13:24:12,601 > MST3220-02-00 cleared
[INFO|CRAWLER.py] 2020-11-17 13:24:15,187 > 15 rows in 16-30 of 30
[INFO|CRAWLER.py] 2020-11-17 13:24:17,283 > MST3420-01-00 cleared
[INFO|CRAWLER.py] 2020-11-17 13:24:19,360 > MST3430-01-00 cleared
[INFO|CRAWLER.py] 2020-11-17 13:24:21,420 > MST3500-01-00 cleared
[INFO|CRAWLER.py] 2020-11-17 13:24:23,486 > MST3530-01-00 cleared
[INFO|CRAWLER.py] 2020-11-17 13:24:25,564 > MST3540-01-00 cleared
[INFO|CRAWLER.py] 2020-11-17 13:24:27,658 > MST3560-01-00 cleared
[INFO|CRAWLER.py] 2020-11-17 13:24:29,770 > MST3640-01-00 cleared
[INFO|CRAWLER.py] 2020-11-17 13:24:31,864 > MST3680-01-00 cleared
[INFO|CRAWLER.py] 2020-11-17 13:24:33,939 > MST4320-01-00 cleared
[INFO|CRAWLER.py] 2020-11-17 13:24:36,014 > MST4320-02-00 cleared
[INFO|CRAWLER.py] 2020-11-17 13:24:38,127 > MST4660-01-00 cleared
[INFO|CRAWLER.py] 2020-11-17 13:24:40,191 > MST4810-01-00 cleared
[INFO|CRAWLER.py] 2020-11-17 13:24:42,257 > MST4820-01-00 cleared
[INFO|CRAWLER.py] 2020-11-17 13:24:44,319 > MST4840-01-00 cleared
[INFO|CRAWLER.py] 2020-11-17 13:24:46,399 > MST4890-01-00 cleared
[INFO|CRAWLER.py] 2020-11-17 13:24:48,462 > 신소재공학전공 탐색 완료
[INFO|CRAWLER.py] 2020-11-17 13:24:48,462 > 20202-공과대학-산업공학전공 수집 시작
[INFO|CRAWLER.py] 2020-11-17 13:24:49,092 > 15 rows in 1-15 of 17
[INFO|CRAWLER.py] 2020-11-17 13:24:49,125 > 유의사항 기준 탐색 완료
[INFO|CRAWLER.py] 2020-11-17 13:24:49,644 > 15 rows in 1-15 of 17
[INFO|CRAWLER.py] 2020-11-17 13:24:51,747 > IIE2101-01-00 cleared
[INFO|CRAWLER.py] 2020-11-17 13:24:53,847 > IIE2110-01-00 cleared
[INFO|CRAWLER.py] 2020-11-17 13:25:06,407 > MAT2017-10-01 cleared
[INFO|CRAWLER.py] 2020-11-17 13:25:18,964 > MAT2017-10-02 cleared
[INFO|CRAWLER.py] 2020-11-17 13:25:21,021 > MAT2017-11-01 cleared
[INFO|CRAWLER.py] 2020-11-17 13:25:23,082 > MAT2017-11-02 cleared
[INFO|CRAWLER.py] 2020-11-17 13:25:25,186 > IIE2102-01-00 cleared
[INFO|CRAWLER.py] 2020-11-17 13:25:27,295 > IIE3102-01-00 cleared
[INFO|CRAWLER.py] 2020-11-17 13:25:29,370 > IIE3104-01-00 cleared
[INFO|CRAWLER.py] 2020-11-17 13:25:31,462 > IIE3107-01-00 cleared
[INFO|CRAWLER.py] 2020-11-17 13:25:33,539 > IIE3110-01-00 cleared
[INFO|CRAWLER.py] 2020-11-17 13:25:35,623 > IIE3116-01-00 cleared
[INFO|CRAWLER.py] 2020-11-17 13:25:37,713 > IIE3105-01-00 cleared
[INFO|CRAWLER.py] 2020-11-17 13:25:39,788 > IIE4101-01-00 cleared
[INFO|CRAWLER.py] 2020-11-17 13:25:41,886 > IIE4111-01-00 cleared
[INFO|CRAWLER.py] 2020-11-17 13:25:44,450 > 2 rows in 16-17 of 17
[INFO|CRAWLER.py] 2020-11-17 13:25:46,555 > IIE4117-01-00 cleared
[INFO|CRAWLER.py] 2020-11-17 13:25:48,637 > IIE4121-01-00 cleared
[INFO|CRAWLER.py] 2020-11-17 13:25:50,674 > 산업공학전공 탐색 완료
[INFO|CRAWLER.py] 2020-11-17 13:25:50,674 > 20202-공과대학-컴퓨터과학전공 수집 시작
[INFO|CRAWLER.py] 2020-11-17 13:25:51,305 > 15 rows in 1-15 of 26
[INFO|CRAWLER.py] 2020-11-17 13:25:51,340 > 유의사항 기준 탐색 완료
[INFO|CRAWLER.py] 2020-11-17 13:25:51,857 > 15 rows in 1-15 of 26
[INFO|CRAWLER.py] 2020-11-17 13:25:53,917 > CSI2102-01-00 cleared
[INFO|CRAWLER.py] 2020-11-17 13:25:56,062 > CSI2102-02-00 cleared
[INFO|CRAWLER.py] 2020-11-17 13:25:58,154 > CSI2100-01-00 cleared
[INFO|CRAWLER.py] 2020-11-17 13:26:00,285 > CSI2101-01-00 cleared
[INFO|CRAWLER.py] 2020-11-17 13:26:02,410 > CSI2103-01-00 cleared
[INFO|CRAWLER.py] 2020-11-17 13:26:04,518 > CSI2106-01-00 cleared
[INFO|CRAWLER.py] 2020-11-17 13:26:06,641 > CSI2111-01-00 cleared
[INFO|CRAWLER.py] 2020-11-17 13:26:08,748 > CSI2111-02-00 cleared
[INFO|CRAWLER.py] 2020-11-17 13:26:29,813 > Traceback (most recent call last):
  File "C:\Python38\lib\site-packages\urllib3\connection.py", line 159, in _new_conn
    conn = connection.create_connection(
  File "C:\Python38\lib\site-packages\urllib3\util\connection.py", line 84, in create_connection
    raise err
  File "C:\Python38\lib\site-packages\urllib3\util\connection.py", line 74, in create_connection
    sock.connect(sa)
TimeoutError: [WinError 10060] 연결된 구성원으로부터 응답이 없어 연결하지 못했거나, 호스트로부터 응답이 없어 연결이 끊어졌습니다

During handling of the above exception, another exception occurred:

Traceback (most recent call last):
  File "C:\Python38\lib\site-packages\urllib3\connectionpool.py", line 670, in urlopen
    httplib_response = self._make_request(
  File "C:\Python38\lib\site-packages\urllib3\connectionpool.py", line 392, in _make_request
    conn.request(method, url, **httplib_request_kw)
  File "C:\Python38\lib\http\client.py", line 1255, in request
    self._send_request(method, url, body, headers, encode_chunked)
  File "C:\Python38\lib\http\client.py", line 1301, in _send_request
    self.endheaders(body, encode_chunked=encode_chunked)
  File "C:\Python38\lib\http\client.py", line 1250, in endheaders
    self._send_output(message_body, encode_chunked=encode_chunked)
  File "C:\Python38\lib\http\client.py", line 1010, in _send_output
    self.send(msg)
  File "C:\Python38\lib\http\client.py", line 950, in send
    self.connect()
  File "C:\Python38\lib\site-packages\urllib3\connection.py", line 187, in connect
    conn = self._new_conn()
  File "C:\Python38\lib\site-packages\urllib3\connection.py", line 171, in _new_conn
    raise NewConnectionError(
urllib3.exceptions.NewConnectionError: <urllib3.connection.HTTPConnection object at 0x000001F86D940A30>: Failed to establish a new connection: [WinError 10060] 연결된 구성원으로부터 응답이 없어 연결하지 못했거나, 호스트로부터 응답이 없어 연결이 끊어졌습니다

During handling of the above exception, another exception occurred:

Traceback (most recent call last):
  File "C:\Python38\lib\site-packages\requests\adapters.py", line 439, in send
    resp = conn.urlopen(
  File "C:\Python38\lib\site-packages\urllib3\connectionpool.py", line 726, in urlopen
    retries = retries.increment(
  File "C:\Python38\lib\site-packages\urllib3\util\retry.py", line 439, in increment
    raise MaxRetryError(_pool, url, error or ResponseError(cause))
urllib3.exceptions.MaxRetryError: HTTPConnectionPool(host='ysweb.yonsei.ac.kr', port=8888): Max retries exceeded with url: /curri120601/curri_pop_mileage_result01.jsp (Caused by NewConnectionError('<urllib3.connection.HTTPConnection object at 0x000001F86D940A30>: Failed to establish a new connection: [WinError 10060] 연결된 구성원으로부터 응답이 없어 연결하지 못했거나, 호스트로부터 응답이 없어 연결이 끊어졌습니다'))

During handling of the above exception, another exception occurred:

Traceback (most recent call last):
  File "c:/Users/user/Desktop/ToyProject/YonseiTotto/DataCleanser/CRAWLER.py", line 391, in <module>
    req = requests.get(RESULT_URL, headers=HEADERS, data=data) # json=data로 할 때는 왜 안 될까.
  File "C:\Python38\lib\site-packages\requests\api.py", line 76, in get
    return request('get', url, params=params, **kwargs)
  File "C:\Python38\lib\site-packages\requests\api.py", line 61, in request
    return session.request(method=method, url=url, **kwargs)
  File "C:\Python38\lib\site-packages\requests\sessions.py", line 530, in request
    resp = self.send(prep, **send_kwargs)
  File "C:\Python38\lib\site-packages\requests\sessions.py", line 643, in send
    r = adapter.send(request, **kwargs)
  File "C:\Python38\lib\site-packages\requests\adapters.py", line 516, in send
    raise ConnectionError(e, request=request)
requests.exceptions.ConnectionError: HTTPConnectionPool(host='ysweb.yonsei.ac.kr', port=8888): Max retries exceeded with url: /curri120601/curri_pop_mileage_result01.jsp (Caused by NewConnectionError('<urllib3.connection.HTTPConnection object at 0x000001F86D940A30>: Failed to establish a new connection: [WinError 10060] 연결된 구성원으로부터 응답이 없어 연결하지 못했거나, 호스트로부터 응답이 없어 연결이 끊어졌습니다'))

[INFO|CRAWLER.py] 2020-11-17 13:26:29,830 > FINISHED_LECT_OBJs에 20202-ALL 전부 등록 완료
