[INFO|CRAWLER.py] 2020-11-18 11:16:55,322 > 작업완료된 강의 객체 목록 다운로드 시작
[INFO|CRAWLER.py] 2020-11-18 11:16:58,958 > 작업완료된 강의 객체 목록 다운로드 완료
[INFO|CRAWLER.py] 2020-11-18 11:17:09,971 > 20202-약학대학-약학전공 수집 시작
[INFO|CRAWLER.py] 2020-11-18 11:17:10,614 > 15 rows in 1-15 of 29
[INFO|CRAWLER.py] 2020-11-18 11:17:10,649 > 유의사항 기준 탐색 완료
[INFO|CRAWLER.py] 2020-11-18 11:17:11,168 > 15 rows in 1-15 of 29
[INFO|CRAWLER.py] 2020-11-18 11:17:11,239 > PHM3006-01-00: 중복된 강의 객체. caution 수집 완료
[INFO|CRAWLER.py] 2020-11-18 11:17:11,310 > PHM3008-01-00: 중복된 강의 객체. caution 수집 완료
[INFO|CRAWLER.py] 2020-11-18 11:17:11,358 > PHM3009-01-00: 중복된 강의 객체. caution 수집 완료
[INFO|CRAWLER.py] 2020-11-18 11:17:11,453 > PHM3015-01-00: 중복된 강의 객체. caution 수집 완료
[INFO|CRAWLER.py] 2020-11-18 11:17:11,500 > PHM3104-01-00: 중복된 강의 객체. caution 수집 완료
[INFO|CRAWLER.py] 2020-11-18 11:17:11,550 > PHM3023-01-00: 중복된 강의 객체. caution 수집 완료
[INFO|CRAWLER.py] 2020-11-18 11:17:11,598 > PHM3024-01-00: 중복된 강의 객체. caution 수집 완료
[INFO|CRAWLER.py] 2020-11-18 11:17:11,649 > PHM3025-01-00: 중복된 강의 객체. caution 수집 완료
[INFO|CRAWLER.py] 2020-11-18 11:17:11,698 > PHM3027-01-00: 중복된 강의 객체. caution 수집 완료
[INFO|CRAWLER.py] 2020-11-18 11:17:11,747 > PHM3028-01-00: 중복된 강의 객체. caution 수집 완료
[INFO|CRAWLER.py] 2020-11-18 11:17:11,795 > PHM3029-01-00: 중복된 강의 객체. caution 수집 완료
[INFO|CRAWLER.py] 2020-11-18 11:17:14,378 > 14 rows in 16-29 of 29
[INFO|CRAWLER.py] 2020-11-18 11:17:14,427 > PHM3026-01-00: 중복된 강의 객체. caution 수집 완료
[INFO|CRAWLER.py] 2020-11-18 11:17:14,473 > PHM3054-01-00: 중복된 강의 객체. caution 수집 완료
[INFO|CRAWLER.py] 2020-11-18 11:17:14,520 > PHM4130-01-00: 중복된 강의 객체. caution 수집 완료
[INFO|CRAWLER.py] 2020-11-18 11:17:14,567 > PHM4100-01-00: 중복된 강의 객체. caution 수집 완료
[INFO|CRAWLER.py] 2020-11-18 11:17:14,617 > PHM4100-02-00: 중복된 강의 객체. caution 수집 완료
[INFO|CRAWLER.py] 2020-11-18 11:17:14,664 > PHM4110-01-00: 중복된 강의 객체. caution 수집 완료
[INFO|CRAWLER.py] 2020-11-18 11:17:14,713 > PHM4110-02-00: 중복된 강의 객체. caution 수집 완료
[INFO|CRAWLER.py] 2020-11-18 11:17:14,761 > PHM4120-01-00: 중복된 강의 객체. caution 수집 완료
[INFO|CRAWLER.py] 2020-11-18 11:17:14,810 > PHM4320-01-00: 중복된 강의 객체. caution 수집 완료
[INFO|CRAWLER.py] 2020-11-18 11:17:14,858 > PHM3032-01-00: 중복된 강의 객체. caution 수집 완료
[INFO|CRAWLER.py] 2020-11-18 11:17:14,905 > PHM3058-01-00: 중복된 강의 객체. caution 수집 완료
[INFO|CRAWLER.py] 2020-11-18 11:17:14,951 > PHM3105-01-00: 중복된 강의 객체. caution 수집 완료
[INFO|CRAWLER.py] 2020-11-18 11:17:14,999 > PHM3049-01-00: 중복된 강의 객체. caution 수집 완료
[INFO|CRAWLER.py] 2020-11-18 11:17:25,593 > PHM3050-01-00: 중복된 강의 객체. caution 수집 완료
[INFO|CRAWLER.py] 2020-11-18 11:17:27,649 > 약학전공 탐색 완료
[INFO|CRAWLER.py] 2020-11-18 11:17:27,650 > 약학대학 수집 완료
[INFO|CRAWLER.py] 2020-11-18 11:17:27,650 > 20202-의과대학-의학전공 수집 시작
[INFO|CRAWLER.py] 2020-11-18 11:17:28,292 > 15 rows in 1-15 of 154
[INFO|CRAWLER.py] 2020-11-18 11:17:28,315 > 유의사항 기준 탐색 완료
[INFO|CRAWLER.py] 2020-11-18 11:17:28,836 > 15 rows in 1-15 of 154
[INFO|CRAWLER.py] 2020-11-18 11:17:31,795 > 15 rows in 16-30 of 154
[INFO|CRAWLER.py] 2020-11-18 11:17:34,713 > 15 rows in 31-45 of 154
[INFO|CRAWLER.py] 2020-11-18 11:17:37,616 > 15 rows in 46-60 of 154
[INFO|CRAWLER.py] 2020-11-18 11:17:40,542 > 15 rows in 61-75 of 154
[INFO|CRAWLER.py] 2020-11-18 11:17:43,489 > 15 rows in 76-90 of 154
[INFO|CRAWLER.py] 2020-11-18 11:17:46,406 > 15 rows in 91-105 of 154
[INFO|CRAWLER.py] 2020-11-18 11:17:49,349 > 15 rows in 106-120 of 154
[INFO|CRAWLER.py] 2020-11-18 11:17:52,305 > 15 rows in 121-135 of 154
[INFO|CRAWLER.py] 2020-11-18 11:17:55,252 > 15 rows in 136-150 of 154
[INFO|CRAWLER.py] 2020-11-18 11:17:58,177 > 4 rows in 151-154 of 154
[INFO|CRAWLER.py] 2020-11-18 11:18:00,316 > 의학전공 탐색 완료
[INFO|CRAWLER.py] 2020-11-18 11:18:00,316 > 20202-의과대학-의예과 수집 시작
[INFO|CRAWLER.py] 2020-11-18 11:18:00,943 > 15 rows in 1-15 of 21
[INFO|CRAWLER.py] 2020-11-18 11:18:01,055 > 유의사항 기준 탐색 완료
[INFO|CRAWLER.py] 2020-11-18 11:18:01,573 > 15 rows in 1-15 of 21
[INFO|CRAWLER.py] 2020-11-18 11:18:03,660 > MED2102-00-00 cleared
[INFO|CRAWLER.py] 2020-11-18 11:18:05,732 > MED2109-00-00 cleared
[INFO|CRAWLER.py] 2020-11-18 11:18:07,816 > MED2104-00-00 cleared
[INFO|CRAWLER.py] 2020-11-18 11:18:09,930 > MED2130-00-00 cleared
[INFO|CRAWLER.py] 2020-11-18 11:18:11,997 > MED2281-01-00 cleared
[INFO|CRAWLER.py] 2020-11-18 11:18:14,064 > MED2281-02-00 cleared
[INFO|CRAWLER.py] 2020-11-18 11:18:16,122 > MED2211-00-00 cleared
[INFO|CRAWLER.py] 2020-11-18 11:18:18,194 > MED2215-00-00 cleared
[INFO|CRAWLER.py] 2020-11-18 11:18:20,274 > MED2229-00-00 cleared
[INFO|CRAWLER.py] 2020-11-18 11:18:22,346 > MED2236-00-00 cleared
[INFO|CRAWLER.py] 2020-11-18 11:18:24,407 > MED2238-00-00 cleared
[INFO|CRAWLER.py] 2020-11-18 11:18:26,474 > MED2242-00-00 cleared
[INFO|CRAWLER.py] 2020-11-18 11:18:28,538 > MED2223-00-00 cleared
[INFO|CRAWLER.py] 2020-11-18 11:18:30,616 > MED2224-00-00 cleared
[INFO|CRAWLER.py] 2020-11-18 11:18:32,678 > MED2285-01-00 cleared
[INFO|CRAWLER.py] 2020-11-18 11:18:35,251 > 6 rows in 16-21 of 21
[INFO|CRAWLER.py] 2020-11-18 11:18:37,312 > MED2285-02-00 cleared
[INFO|CRAWLER.py] 2020-11-18 11:18:39,371 > MED2285-03-00 cleared
[INFO|CRAWLER.py] 2020-11-18 11:18:41,427 > MED2291-01-00 cleared
[INFO|CRAWLER.py] 2020-11-18 11:18:43,486 > MED2292-01-00 cleared
[INFO|CRAWLER.py] 2020-11-18 11:18:45,544 > MED2292-02-00 cleared
[INFO|CRAWLER.py] 2020-11-18 11:18:47,600 > 의예과 탐색 완료
[INFO|CRAWLER.py] 2020-11-18 11:18:47,600 > 의과대학 수집 완료
[INFO|CRAWLER.py] 2020-11-18 11:18:47,600 > 20202-치과대학-치의학전공 수집 시작
[INFO|CRAWLER.py] 2020-11-18 11:18:48,240 > 15 rows in 1-15 of 74
[INFO|CRAWLER.py] 2020-11-18 11:18:48,263 > 유의사항 기준 탐색 완료
[INFO|CRAWLER.py] 2020-11-18 11:18:48,781 > 15 rows in 1-15 of 74
[INFO|CRAWLER.py] 2020-11-18 11:18:51,717 > 15 rows in 16-30 of 74
[INFO|CRAWLER.py] 2020-11-18 11:18:54,625 > 15 rows in 31-45 of 74
[INFO|CRAWLER.py] 2020-11-18 11:18:57,525 > 15 rows in 46-60 of 74
[INFO|CRAWLER.py] 2020-11-18 11:19:00,427 > 14 rows in 61-74 of 74
[INFO|CRAWLER.py] 2020-11-18 11:19:02,786 > 치의학전공 탐색 완료
[INFO|CRAWLER.py] 2020-11-18 11:19:02,786 > 20202-치과대학-치의예과 수집 시작
[INFO|CRAWLER.py] 2020-11-18 11:19:03,414 > 7 rows in 1-7 of 7
[INFO|CRAWLER.py] 2020-11-18 11:19:03,437 > 유의사항 기준 탐색 완료
[INFO|CRAWLER.py] 2020-11-18 11:19:03,955 > 7 rows in 1-7 of 7
[INFO|CRAWLER.py] 2020-11-18 11:19:06,162 > 치의예과 탐색 완료
[INFO|CRAWLER.py] 2020-11-18 11:19:06,162 > 치과대학 수집 완료
[INFO|CRAWLER.py] 2020-11-18 11:19:06,163 > 20202-간호대학-간호학(2-4학년) 수집 시작
[INFO|CRAWLER.py] 2020-11-18 11:19:06,788 > 15 rows in 1-15 of 35
[INFO|CRAWLER.py] 2020-11-18 11:19:06,814 > 유의사항 기준 탐색 완료
[INFO|CRAWLER.py] 2020-11-18 11:19:07,333 > 15 rows in 1-15 of 35
[INFO|CRAWLER.py] 2020-11-18 11:19:09,443 > NUR2012-01-01 cleared
[INFO|CRAWLER.py] 2020-11-18 11:19:11,555 > NUR2006-01-00 cleared
[INFO|CRAWLER.py] 2020-11-18 11:19:13,665 > NUR2013-01-00 cleared
[INFO|CRAWLER.py] 2020-11-18 11:19:15,771 > NUR2024-01-01 cleared
[INFO|CRAWLER.py] 2020-11-18 11:19:17,876 > NUR2025-01-00 cleared
[INFO|CRAWLER.py] 2020-11-18 11:19:19,977 > NUR2026-01-00 cleared
[INFO|CRAWLER.py] 2020-11-18 11:19:22,039 > NUR2026-02-00 cleared
[INFO|CRAWLER.py] 2020-11-18 11:19:24,227 > NUR5113-01-00 cleared
[INFO|CRAWLER.py] 2020-11-18 11:19:26,283 > NUR4019-01-00 cleared
[INFO|CRAWLER.py] 2020-11-18 11:19:28,391 > NUR4008-01-00 cleared
[INFO|CRAWLER.py] 2020-11-18 11:19:30,455 > NUR4121-01-00 cleared
[INFO|CRAWLER.py] 2020-11-18 11:19:32,515 > NUR4123-01-00 cleared
[INFO|CRAWLER.py] 2020-11-18 11:19:34,589 > NUR4202-01-00 cleared
[INFO|CRAWLER.py] 2020-11-18 11:19:36,647 > NUR5116-01-00 cleared
[INFO|CRAWLER.py] 2020-11-18 11:19:38,716 > NUR2112-01-00 cleared
[INFO|CRAWLER.py] 2020-11-18 11:19:41,301 > 15 rows in 16-30 of 35
[INFO|CRAWLER.py] 2020-11-18 11:19:43,426 > NUR3006-01-00 cleared
[INFO|CRAWLER.py] 2020-11-18 11:19:45,510 > NUR3114-01-00 cleared
[INFO|CRAWLER.py] 2020-11-18 11:19:47,588 > NUR3114-02-00 cleared
[INFO|CRAWLER.py] 2020-11-18 11:19:49,673 > NUR3102-01-00 cleared
[INFO|CRAWLER.py] 2020-11-18 11:19:51,752 > NUR3102-02-00 cleared
[INFO|CRAWLER.py] 2020-11-18 11:19:53,856 > NUR3013-01-01 cleared
[INFO|CRAWLER.py] 2020-11-18 11:19:55,963 > NUR5011-01-00 cleared
[INFO|CRAWLER.py] 2020-11-18 11:19:58,027 > NUR4031-01-00 cleared
[INFO|CRAWLER.py] 2020-11-18 11:20:00,087 > NUR4031-02-00 cleared
[INFO|CRAWLER.py] 2020-11-18 11:20:02,156 > NUR4031-03-00 cleared
[INFO|CRAWLER.py] 2020-11-18 11:20:04,235 > NUR4031-04-00 cleared
[INFO|CRAWLER.py] 2020-11-18 11:20:06,336 > NUR4115-01-01 cleared
[INFO|CRAWLER.py] 2020-11-18 11:20:08,416 > NUR4118-01-00 cleared
[INFO|CRAWLER.py] 2020-11-18 11:20:10,494 > NUR4118-02-00 cleared
[INFO|CRAWLER.py] 2020-11-18 11:20:12,566 > NUR4119-01-00 cleared
[INFO|CRAWLER.py] 2020-11-18 11:20:15,133 > 5 rows in 31-35 of 35
[INFO|CRAWLER.py] 2020-11-18 11:20:17,200 > NUR4119-02-00 cleared
[INFO|CRAWLER.py] 2020-11-18 11:20:19,268 > NUR4119-03-00 cleared
[INFO|CRAWLER.py] 2020-11-18 11:20:21,349 > NUR4119-04-00 cleared
[INFO|CRAWLER.py] 2020-11-18 11:20:23,408 > NUR4006-01-01 cleared
[INFO|CRAWLER.py] 2020-11-18 11:20:25,514 > NUR4201-01-01 cleared
[INFO|CRAWLER.py] 2020-11-18 11:20:27,564 > 간호학(2-4학년) 탐색 완료
[INFO|CRAWLER.py] 2020-11-18 11:20:27,565 > 20202-간호대학-RN-BSN 수집 시작
[INFO|CRAWLER.py] 2020-11-18 11:20:28,200 > 8 rows in 1-8 of 8
[INFO|CRAWLER.py] 2020-11-18 11:20:28,226 > 유의사항 기준 탐색 완료
[INFO|CRAWLER.py] 2020-11-18 11:20:28,746 > 8 rows in 1-8 of 8
[INFO|CRAWLER.py] 2020-11-18 11:20:30,858 > NUR9421-01-00 cleared
[INFO|CRAWLER.py] 2020-11-18 11:20:32,959 > NUR9414-01-00 cleared
[INFO|CRAWLER.py] 2020-11-18 11:20:35,057 > NUR9422-01-00 cleared
[INFO|CRAWLER.py] 2020-11-18 11:20:37,163 > NUR9426-01-00 cleared
[INFO|CRAWLER.py] 2020-11-18 11:20:39,234 > NUR9501-01-00 cleared
[INFO|CRAWLER.py] 2020-11-18 11:20:41,334 > NUR9504-01-00 cleared
[INFO|CRAWLER.py] 2020-11-18 11:20:43,422 > NUR9505-01-00 cleared
[INFO|CRAWLER.py] 2020-11-18 11:20:45,518 > NUR9300-01-00 cleared
[INFO|CRAWLER.py] 2020-11-18 11:20:47,551 > RN-BSN 탐색 완료
[INFO|CRAWLER.py] 2020-11-18 11:20:47,551 > 간호대학 수집 완료
[INFO|CRAWLER.py] 2020-11-18 11:20:47,551 > 20202-연계전공-유럽지역학 수집 시작
[INFO|CRAWLER.py] 2020-11-18 11:20:48,178 > 2 rows in 1-2 of 2
[INFO|CRAWLER.py] 2020-11-18 11:20:48,210 > 유의사항 기준 탐색 완료
[INFO|CRAWLER.py] 2020-11-18 11:20:48,730 > 2 rows in 1-2 of 2
[INFO|CRAWLER.py] 2020-11-18 11:20:50,820 > EUR3101-01-00 cleared
[INFO|CRAWLER.py] 2020-11-18 11:20:52,883 > EUR3105-01-00 cleared
[INFO|CRAWLER.py] 2020-11-18 11:20:54,908 > 유럽지역학 탐색 완료
[INFO|CRAWLER.py] 2020-11-18 11:20:54,908 > 20202-연계전공-디지털예술학 수집 시작
[INFO|CRAWLER.py] 2020-11-18 11:20:55,521 > 2 rows in 1-2 of 2
[INFO|CRAWLER.py] 2020-11-18 11:20:55,551 > 유의사항 기준 탐색 완료
[INFO|CRAWLER.py] 2020-11-18 11:20:56,068 > 2 rows in 1-2 of 2
[INFO|CRAWLER.py] 2020-11-18 11:20:58,170 > FIL3109-01-00 cleared
[INFO|CRAWLER.py] 2020-11-18 11:21:00,259 > FIL4103-01-00 cleared
[INFO|CRAWLER.py] 2020-11-18 11:21:02,280 > 디지털예술학 탐색 완료
[INFO|CRAWLER.py] 2020-11-18 11:21:02,280 > 20202-연계전공-미국학 수집 시작
[INFO|CRAWLER.py] 2020-11-18 11:21:02,871 > 2 rows in 1-2 of 2
[INFO|CRAWLER.py] 2020-11-18 11:21:02,903 > 유의사항 기준 탐색 완료
[INFO|CRAWLER.py] 2020-11-18 11:21:03,419 > 2 rows in 1-2 of 2
[INFO|CRAWLER.py] 2020-11-18 11:21:05,477 > AMR3104-01-00 cleared
[INFO|CRAWLER.py] 2020-11-18 11:21:07,544 > AMR3105-01-00 cleared
[INFO|CRAWLER.py] 2020-11-18 11:21:09,568 > 미국학 탐색 완료
[INFO|CRAWLER.py] 2020-11-18 11:21:09,568 > 20202-연계전공-한국및동아시아학(중국학) 수집 시작
[INFO|CRAWLER.py] 2020-11-18 11:21:10,170 > 3 rows in 1-3 of 3
[INFO|CRAWLER.py] 2020-11-18 11:21:10,201 > 유의사항 기준 탐색 완료
[INFO|CRAWLER.py] 2020-11-18 11:21:10,718 > 3 rows in 1-3 of 3
[INFO|CRAWLER.py] 2020-11-18 11:21:12,783 > CHI3101-01-00 cleared
[INFO|CRAWLER.py] 2020-11-18 11:21:14,885 > CHI3103-01-00 cleared
[INFO|CRAWLER.py] 2020-11-18 11:21:16,948 > CHI3104-01-00 cleared
[INFO|CRAWLER.py] 2020-11-18 11:21:18,970 > 한국및동아시아학(중국학) 탐색 완료
[INFO|CRAWLER.py] 2020-11-18 11:21:18,970 > 20202-연계전공-한국및동아시아학(한국학) 수집 시작
[INFO|CRAWLER.py] 2020-11-18 11:21:19,558 > 2 rows in 1-2 of 2
[INFO|CRAWLER.py] 2020-11-18 11:21:19,589 > 유의사항 기준 탐색 완료
[INFO|CRAWLER.py] 2020-11-18 11:21:20,106 > 2 rows in 1-2 of 2
[INFO|CRAWLER.py] 2020-11-18 11:21:22,161 > KOS3107-01-00 cleared
[INFO|CRAWLER.py] 2020-11-18 11:21:24,230 > KOS3108-01-00 cleared
[INFO|CRAWLER.py] 2020-11-18 11:21:26,251 > 한국및동아시아학(한국학) 탐색 완료
[INFO|CRAWLER.py] 2020-11-18 11:21:26,251 > 20202-연계전공-한국및동아시아학(일본학) 수집 시작
[INFO|CRAWLER.py] 2020-11-18 11:21:26,841 > 2 rows in 1-2 of 2
[INFO|CRAWLER.py] 2020-11-18 11:21:26,870 > 유의사항 기준 탐색 완료
[INFO|CRAWLER.py] 2020-11-18 11:21:27,387 > 2 rows in 1-2 of 2
[INFO|CRAWLER.py] 2020-11-18 11:21:29,453 > JAP3105-01-00 cleared
[INFO|CRAWLER.py] 2020-11-18 11:21:31,516 > JAP3108-01-00 cleared
[INFO|CRAWLER.py] 2020-11-18 11:21:33,539 > 한국및동아시아학(일본학) 탐색 완료
[INFO|CRAWLER.py] 2020-11-18 11:21:33,539 > 20202-연계전공-외교통상학 수집 시작
[INFO|CRAWLER.py] 2020-11-18 11:21:34,128 > 3 rows in 1-3 of 3
[INFO|CRAWLER.py] 2020-11-18 11:21:34,158 > 유의사항 기준 탐색 완료
[INFO|CRAWLER.py] 2020-11-18 11:21:34,680 > 3 rows in 1-3 of 3
[INFO|CRAWLER.py] 2020-11-18 11:21:36,772 > TRA3103-01-00 cleared
[INFO|CRAWLER.py] 2020-11-18 11:21:38,834 > TRA3104-01-00 cleared
[INFO|CRAWLER.py] 2020-11-18 11:21:40,912 > TRA3105-01-00 cleared
[INFO|CRAWLER.py] 2020-11-18 11:21:42,938 > 외교통상학 탐색 완료
[INFO|CRAWLER.py] 2020-11-18 11:21:42,938 > 20202-연계전공-인지과학 수집 시작
[INFO|CRAWLER.py] 2020-11-18 11:21:43,553 > 2 rows in 1-2 of 2
[INFO|CRAWLER.py] 2020-11-18 11:21:43,582 > 유의사항 기준 탐색 완료
[INFO|CRAWLER.py] 2020-11-18 11:21:44,099 > 2 rows in 1-2 of 2
[INFO|CRAWLER.py] 2020-11-18 11:21:46,160 > COG3104-01-00 cleared
[INFO|CRAWLER.py] 2020-11-18 11:21:48,220 > COG4101-01-00 cleared
[INFO|CRAWLER.py] 2020-11-18 11:21:50,242 > 인지과학 탐색 완료
[INFO|CRAWLER.py] 2020-11-18 11:21:50,242 > 20202-연계전공-전자상거래학 수집 시작
[INFO|CRAWLER.py] 2020-11-18 11:21:50,833 > 0 rows in 1-0 of 0
[INFO|CRAWLER.py] 2020-11-18 11:22:01,356 > No caution link in 0th row
[INFO|CRAWLER.py] 2020-11-18 11:22:01,863 > 0 rows in 1-0 of 0
[INFO|CRAWLER.py] 2020-11-18 11:22:01,864 > No caution in pages
[INFO|CRAWLER.py] 2020-11-18 11:22:02,383 > 0 rows in 1-0 of 0
[INFO|CRAWLER.py] 2020-11-18 11:22:04,407 > 전자상거래학 탐색 완료
[INFO|CRAWLER.py] 2020-11-18 11:22:04,407 > 20202-연계전공-벤처학 수집 시작
[INFO|CRAWLER.py] 2020-11-18 11:22:05,027 > 2 rows in 1-2 of 2
[INFO|CRAWLER.py] 2020-11-18 11:22:05,054 > 유의사항 기준 탐색 완료
[INFO|CRAWLER.py] 2020-11-18 11:22:05,571 > 2 rows in 1-2 of 2
[INFO|CRAWLER.py] 2020-11-18 11:22:07,651 > VEN3103-01-00 cleared
[INFO|CRAWLER.py] 2020-11-18 11:22:09,741 > VEN3106-01-00 cleared
[INFO|CRAWLER.py] 2020-11-18 11:22:11,762 > 벤처학 탐색 완료
[INFO|CRAWLER.py] 2020-11-18 11:22:11,762 > 20202-연계전공-리더십 수집 시작
[INFO|CRAWLER.py] 2020-11-18 11:22:12,352 > 2 rows in 1-2 of 2
[INFO|CRAWLER.py] 2020-11-18 11:22:12,383 > 유의사항 기준 탐색 완료
[INFO|CRAWLER.py] 2020-11-18 11:22:12,899 > 2 rows in 1-2 of 2
[INFO|CRAWLER.py] 2020-11-18 11:22:15,446 > LEA3101-01-00 cleared
[INFO|CRAWLER.py] 2020-11-18 11:22:17,508 > LEA3103-01-00 cleared
[INFO|CRAWLER.py] 2020-11-18 11:22:19,530 > 리더십 탐색 완료
[INFO|CRAWLER.py] 2020-11-18 11:22:19,530 > 20202-연계전공-한국및동아시아학(동아시아학) 수집 시작
[INFO|CRAWLER.py] 2020-11-18 11:22:20,113 > 2 rows in 1-2 of 2
[INFO|CRAWLER.py] 2020-11-18 11:22:20,143 > 유의사항 기준 탐색 완료
[INFO|CRAWLER.py] 2020-11-18 11:22:20,660 > 2 rows in 1-2 of 2
[INFO|CRAWLER.py] 2020-11-18 11:22:22,732 > EAS3101-01-00 cleared
[INFO|CRAWLER.py] 2020-11-18 11:22:24,809 > EAS3104-01-00 cleared
[INFO|CRAWLER.py] 2020-11-18 11:22:26,830 > 한국및동아시아학(동아시아학) 탐색 완료
[INFO|CRAWLER.py] 2020-11-18 11:22:26,830 > 20202-연계전공-디지털인문학 수집 시작
[INFO|CRAWLER.py] 2020-11-18 11:22:27,421 > 0 rows in 1-0 of 0
[INFO|CRAWLER.py] 2020-11-18 11:22:37,944 > No caution link in 0th row
[INFO|CRAWLER.py] 2020-11-18 11:22:38,456 > 0 rows in 1-0 of 0
[INFO|CRAWLER.py] 2020-11-18 11:22:38,456 > No caution in pages
[INFO|CRAWLER.py] 2020-11-18 11:22:38,975 > 0 rows in 1-0 of 0
[INFO|CRAWLER.py] 2020-11-18 11:22:40,999 > 디지털인문학 탐색 완료
[INFO|CRAWLER.py] 2020-11-18 11:22:40,999 > 20202-연계전공-비교문학 수집 시작
[INFO|CRAWLER.py] 2020-11-18 11:22:41,611 > 2 rows in 1-2 of 2
[INFO|CRAWLER.py] 2020-11-18 11:22:41,642 > 유의사항 기준 탐색 완료
[INFO|CRAWLER.py] 2020-11-18 11:22:42,159 > 2 rows in 1-2 of 2
[INFO|CRAWLER.py] 2020-11-18 11:22:44,248 > CML3103-01-00 cleared
[INFO|CRAWLER.py] 2020-11-18 11:22:46,323 > CML3105-01-00 cleared
[INFO|CRAWLER.py] 2020-11-18 11:22:48,345 > 비교문학 탐색 완료
[INFO|CRAWLER.py] 2020-11-18 11:22:48,345 > 20202-연계전공-문화비평학 수집 시작
[INFO|CRAWLER.py] 2020-11-18 11:22:48,925 > 2 rows in 1-2 of 2
[INFO|CRAWLER.py] 2020-11-18 11:22:48,955 > 유의사항 기준 탐색 완료
[INFO|CRAWLER.py] 2020-11-18 11:22:49,472 > 2 rows in 1-2 of 2
[INFO|CRAWLER.py] 2020-11-18 11:22:51,551 > CUL4102-01-00 cleared
[INFO|CRAWLER.py] 2020-11-18 11:22:53,632 > CUL3104-01-00 cleared
[INFO|CRAWLER.py] 2020-11-18 11:22:55,655 > 문화비평학 탐색 완료
[INFO|CRAWLER.py] 2020-11-18 11:22:55,655 > 20202-연계전공-과학기술과 사회 수집 시작
[INFO|CRAWLER.py] 2020-11-18 11:22:56,245 > 0 rows in 1-0 of 0
[INFO|CRAWLER.py] 2020-11-18 11:23:06,759 > No caution link in 0th row
[INFO|CRAWLER.py] 2020-11-18 11:23:07,271 > 0 rows in 1-0 of 0
[INFO|CRAWLER.py] 2020-11-18 11:23:07,271 > No caution in pages
[INFO|CRAWLER.py] 2020-11-18 11:23:07,791 > 0 rows in 1-0 of 0
[INFO|CRAWLER.py] 2020-11-18 11:23:09,817 > 과학기술과 사회 탐색 완료
[INFO|CRAWLER.py] 2020-11-18 11:23:09,817 > 연계전공 수집 완료
[INFO|CRAWLER.py] 2020-11-18 11:23:09,817 > 20202-ROTC-군사학 수집 시작
[INFO|CRAWLER.py] 2020-11-18 11:23:10,456 > 4 rows in 1-4 of 4
[INFO|CRAWLER.py] 2020-11-18 11:23:10,487 > 유의사항 기준 탐색 완료
[INFO|CRAWLER.py] 2020-11-18 11:23:11,005 > 4 rows in 1-4 of 4
[INFO|CRAWLER.py] 2020-11-18 11:23:13,124 > 군사학 탐색 완료
[INFO|CRAWLER.py] 2020-11-18 11:23:13,124 > ROTC 수집 완료
[INFO|CRAWLER.py] 2020-11-18 11:23:13,125 > 20202-Study Abroad Course-Undergraduate 수집 시작
[INFO|CRAWLER.py] 2020-11-18 11:23:13,726 > 15 rows in 1-15 of 36
[INFO|CRAWLER.py] 2020-11-18 11:23:13,763 > 유의사항 기준 탐색 완료
[INFO|CRAWLER.py] 2020-11-18 11:23:14,278 > 15 rows in 1-15 of 36
[INFO|CRAWLER.py] 2020-11-18 11:23:16,373 > IEE1061-01-00 cleared
[INFO|CRAWLER.py] 2020-11-18 11:23:18,462 > IEE1062-01-00 cleared
[INFO|CRAWLER.py] 2020-11-18 11:23:20,539 > IEE1063-01-00 cleared
[INFO|CRAWLER.py] 2020-11-18 11:23:22,609 > IEE1101-01-00 cleared
[INFO|CRAWLER.py] 2020-11-18 11:23:24,779 > IEE1154-01-00 cleared
[INFO|CRAWLER.py] 2020-11-18 11:23:26,845 > IEE1154-02-00 cleared
[INFO|CRAWLER.py] 2020-11-18 11:23:39,449 > IEE2021-01-00 cleared
[INFO|CRAWLER.py] 2020-11-18 11:23:41,523 > IEE2060-01-00 cleared
[INFO|CRAWLER.py] 2020-11-18 11:23:43,587 > IEE2083-01-00 cleared
[INFO|CRAWLER.py] 2020-11-18 11:23:45,662 > IEE2084-01-00 cleared
[INFO|CRAWLER.py] 2020-11-18 11:23:47,740 > IEE2086-01-00 cleared
[INFO|CRAWLER.py] 2020-11-18 11:23:49,811 > IEE3103-01-00 cleared
[INFO|CRAWLER.py] 2020-11-18 11:24:02,420 > IEE3107-01-00 cleared
[INFO|CRAWLER.py] 2020-11-18 11:24:04,488 > IEE3108-01-00 cleared
[INFO|CRAWLER.py] 2020-11-18 11:24:06,550 > IEE3116-01-00 cleared
[INFO|CRAWLER.py] 2020-11-18 11:24:09,139 > 15 rows in 16-30 of 36
[INFO|CRAWLER.py] 2020-11-18 11:24:11,208 > IEE3121-01-00 cleared
[INFO|CRAWLER.py] 2020-11-18 11:24:13,273 > IEE3149-01-00 cleared
[INFO|CRAWLER.py] 2020-11-18 11:24:15,344 > IEE3300-01-00 cleared
[INFO|CRAWLER.py] 2020-11-18 11:24:17,409 > IEE3300-02-00 cleared
[INFO|CRAWLER.py] 2020-11-18 11:24:19,477 > IEE3300-03-00 cleared
[INFO|CRAWLER.py] 2020-11-18 11:24:21,542 > IEE3315-01-00 cleared
[INFO|CRAWLER.py] 2020-11-18 11:24:23,630 > IEE3317-01-00 cleared
[INFO|CRAWLER.py] 2020-11-18 11:24:25,687 > IEE3317-02-00 cleared
[INFO|CRAWLER.py] 2020-11-18 11:24:27,753 > IEE3325-01-00 cleared
[INFO|CRAWLER.py] 2020-11-18 11:24:29,822 > IEE3326-01-00 cleared
[INFO|CRAWLER.py] 2020-11-18 11:24:31,886 > IEE3329-01-00 cleared
[INFO|CRAWLER.py] 2020-11-18 11:24:33,953 > IEE3341-01-00 cleared
[INFO|CRAWLER.py] 2020-11-18 11:24:36,015 > IEE3341-02-00 cleared
[INFO|CRAWLER.py] 2020-11-18 11:24:38,077 > IEE3341-03-00 cleared
[INFO|CRAWLER.py] 2020-11-18 11:24:40,142 > IEE3371-01-00 cleared
[INFO|CRAWLER.py] 2020-11-18 11:24:42,703 > 6 rows in 31-36 of 36
[INFO|CRAWLER.py] 2020-11-18 11:24:44,765 > IEE3371-02-00 cleared
[INFO|CRAWLER.py] 2020-11-18 11:24:46,828 > IEE3372-01-00 cleared
[INFO|CRAWLER.py] 2020-11-18 11:24:48,902 > IEE3579-01-00 cleared
[INFO|CRAWLER.py] 2020-11-18 11:24:50,962 > IEE3581-01-00 cleared
[INFO|CRAWLER.py] 2020-11-18 11:24:53,032 > IEE3583-01-00 cleared
[INFO|CRAWLER.py] 2020-11-18 11:24:55,106 > IEE3159-01-00 cleared
[INFO|CRAWLER.py] 2020-11-18 11:24:57,144 > Undergraduate 탐색 완료
[INFO|CRAWLER.py] 2020-11-18 11:24:57,145 > 20202-Study Abroad Course-Graduate 수집 시작
[INFO|CRAWLER.py] 2020-11-18 11:24:57,778 > 15 rows in 1-15 of 127
[INFO|CRAWLER.py] 2020-11-18 11:24:57,811 > 유의사항 기준 탐색 완료
[INFO|CRAWLER.py] 2020-11-18 11:24:58,330 > 15 rows in 1-15 of 127
[INFO|CRAWLER.py] 2020-11-18 11:25:00,433 > ARC7000-01-00 cleared
[INFO|CRAWLER.py] 2020-11-18 11:25:02,739 > CLL7515-01-00 cleared
[INFO|CRAWLER.py] 2020-11-18 11:25:05,341 > 15 rows in 16-30 of 127
[INFO|CRAWLER.py] 2020-11-18 11:25:07,514 > CSE5810-01-00 cleared
[INFO|CRAWLER.py] 2020-11-18 11:25:09,567 > CSE5950-01-00 cleared
[INFO|CRAWLER.py] 2020-11-18 11:25:11,622 > ECO6101-01-00 cleared
[INFO|CRAWLER.py] 2020-11-18 11:25:13,674 > ECO6112-01-00 cleared
[INFO|CRAWLER.py] 2020-11-18 11:25:15,728 > ECO6771-01-00 cleared
[INFO|CRAWLER.py] 2020-11-18 11:25:17,840 > EEE6112-01-00 cleared
[INFO|CRAWLER.py] 2020-11-18 11:25:19,893 > ELL7282-01-00 cleared
[INFO|CRAWLER.py] 2020-11-18 11:25:22,497 > 15 rows in 31-45 of 127
[INFO|CRAWLER.py] 2020-11-18 11:25:25,440 > 15 rows in 46-60 of 127
[INFO|CRAWLER.py] 2020-11-18 11:25:27,514 > ISC6051-01-00 cleared
[INFO|CRAWLER.py] 2020-11-18 11:25:29,572 > ISC6076-01-00 cleared
[INFO|CRAWLER.py] 2020-11-18 11:25:31,699 > ISC6138-01-00 cleared
[INFO|CRAWLER.py] 2020-11-18 11:25:33,823 > ISC6157-01-00 cleared
[INFO|CRAWLER.py] 2020-11-18 11:25:35,875 > ISC6159-01-00 cleared
[INFO|CRAWLER.py] 2020-11-18 11:25:37,927 > ISC6167-01-00 cleared
[INFO|CRAWLER.py] 2020-11-18 11:25:40,006 > ISC6173-01-00 cleared
[INFO|CRAWLER.py] 2020-11-18 11:25:42,590 > 15 rows in 61-75 of 127
[INFO|CRAWLER.py] 2020-11-18 11:25:44,646 > ISC6179-01-00 cleared
[INFO|CRAWLER.py] 2020-11-18 11:25:46,700 > ISC6210-01-00 cleared
[INFO|CRAWLER.py] 2020-11-18 11:25:48,752 > ISE6002-01-00 cleared
[INFO|CRAWLER.py] 2020-11-18 11:25:50,804 > ISF6023-01-00 cleared
[INFO|CRAWLER.py] 2020-11-18 11:25:52,862 > ISF6035-01-00 cleared
[INFO|CRAWLER.py] 2020-11-18 11:25:54,919 > ISF6036-01-00 cleared
[INFO|CRAWLER.py] 2020-11-18 11:25:56,974 > ISF6037-01-00 cleared
[INFO|CRAWLER.py] 2020-11-18 11:25:59,056 > ISF6048-01-00 cleared
[INFO|CRAWLER.py] 2020-11-18 11:26:01,112 > ISF6049-01-00 cleared
[INFO|CRAWLER.py] 2020-11-18 11:26:03,168 > ISF6052-01-00 cleared
[INFO|CRAWLER.py] 2020-11-18 11:26:05,221 > ISK6017-01-00 cleared
[INFO|CRAWLER.py] 2020-11-18 11:26:07,885 > 15 rows in 76-90 of 127
[INFO|CRAWLER.py] 2020-11-18 11:26:09,944 > ISM6018-01-00 cleared
[INFO|CRAWLER.py] 2020-11-18 11:26:12,173 > MAT6010-01-00 cleared
[INFO|CRAWLER.py] 2020-11-18 11:26:14,899 > 15 rows in 91-105 of 127
[INFO|CRAWLER.py] 2020-11-18 11:26:17,025 > MEU5028-01-00 cleared
[INFO|CRAWLER.py] 2020-11-18 11:26:19,278 > MEU6505-01-00 cleared
[INFO|CRAWLER.py] 2020-11-18 11:26:21,912 > 15 rows in 106-120 of 127
[INFO|CRAWLER.py] 2020-11-18 11:26:23,989 > MUS6001-01-00 cleared
[INFO|CRAWLER.py] 2020-11-18 11:26:26,040 > MUS6001-05-00 cleared
[INFO|CRAWLER.py] 2020-11-18 11:26:28,092 > MUS6001-09-00 cleared
[INFO|CRAWLER.py] 2020-11-18 11:26:30,144 > MUS6001-11-00 cleared
[INFO|CRAWLER.py] 2020-11-18 11:26:32,197 > MUS6001-12-00 cleared
[INFO|CRAWLER.py] 2020-11-18 11:26:34,250 > MUS6001-14-00 cleared
[INFO|CRAWLER.py] 2020-11-18 11:26:36,304 > MUS6001-15-00 cleared
[INFO|CRAWLER.py] 2020-11-18 11:26:38,441 > POL7140-01-00 cleared
[INFO|CRAWLER.py] 2020-11-18 11:26:41,090 > 7 rows in 121-127 of 127
[INFO|CRAWLER.py] 2020-11-18 11:26:43,192 > STA6220-01-00 cleared
[INFO|CRAWLER.py] 2020-11-18 11:26:55,817 > YJD7414-01-00 cleared
[INFO|CRAWLER.py] 2020-11-18 11:26:57,877 > YJD7811-01-00 cleared
[INFO|CRAWLER.py] 2020-11-18 11:26:59,958 > Graduate 탐색 완료
[INFO|CRAWLER.py] 2020-11-18 11:26:59,958 > 20202-Study Abroad Course-Korean Language 수집 시작
[INFO|CRAWLER.py] 2020-11-18 11:27:00,583 > 10 rows in 1-10 of 10
[INFO|CRAWLER.py] 2020-11-18 11:27:11,088 > No caution link in 0th row
[INFO|CRAWLER.py] 2020-11-18 11:27:11,595 > 10 rows in 1-10 of 10
[INFO|CRAWLER.py] 2020-11-18 11:27:11,627 > 유의사항 기준 탐색 완료
[INFO|CRAWLER.py] 2020-11-18 11:27:12,145 > 10 rows in 1-10 of 10
[INFO|CRAWLER.py] 2020-11-18 11:27:14,246 > KLI1001-02-00 cleared
[INFO|CRAWLER.py] 2020-11-18 11:27:16,311 > KLI1002-01-00 cleared
[INFO|CRAWLER.py] 2020-11-18 11:27:18,375 > KLI1003-01-00 cleared
[INFO|CRAWLER.py] 2020-11-18 11:27:20,435 > KLI1004-01-00 cleared
[INFO|CRAWLER.py] 2020-11-18 11:27:22,493 > KLI1005-01-00 cleared
[INFO|CRAWLER.py] 2020-11-18 11:27:35,097 > KLI1006-01-00 cleared
[INFO|CRAWLER.py] 2020-11-18 11:27:37,154 > IEE1011-01-00 cleared
[INFO|CRAWLER.py] 2020-11-18 11:27:49,755 > IEE1012-01-00 cleared
[INFO|CRAWLER.py] 2020-11-18 11:28:02,320 > IEE1013-01-00 cleared
[INFO|CRAWLER.py] 2020-11-18 11:28:04,350 > Korean Language 탐색 완료
[INFO|CRAWLER.py] 2020-11-18 11:28:04,350 > Study Abroad Course 수집 완료
[INFO|CRAWLER.py] 2020-11-18 11:28:04,350 > 20202-교직과정-교직과정 수집 시작
[INFO|CRAWLER.py] 2020-11-18 11:28:04,986 > 15 rows in 1-15 of 31
[INFO|CRAWLER.py] 2020-11-18 11:28:05,019 > 유의사항 기준 탐색 완료
[INFO|CRAWLER.py] 2020-11-18 11:28:05,537 > 15 rows in 1-15 of 31
[INFO|CRAWLER.py] 2020-11-18 11:28:05,574 > TTP2008-01-00: 중복된 강의 객체. caution 수집 완료
[INFO|CRAWLER.py] 2020-11-18 11:28:05,612 > TTP2009-01-00: 중복된 강의 객체. caution 수집 완료
[INFO|CRAWLER.py] 2020-11-18 11:28:07,680 > TTP2001-01-00 cleared
[INFO|CRAWLER.py] 2020-11-18 11:28:09,777 > TTP2001-02-00 cleared
[INFO|CRAWLER.py] 2020-11-18 11:28:11,845 > TTP2002-01-00 cleared
[INFO|CRAWLER.py] 2020-11-18 11:28:13,916 > TTP2002-02-00 cleared
[INFO|CRAWLER.py] 2020-11-18 11:28:15,974 > TTP2004-01-00 cleared
[INFO|CRAWLER.py] 2020-11-18 11:28:18,037 > TTP2004-02-00 cleared
[INFO|CRAWLER.py] 2020-11-18 11:28:20,117 > TTP2005-01-00 cleared
[INFO|CRAWLER.py] 2020-11-18 11:28:22,194 > TTP2005-02-00 cleared
[INFO|CRAWLER.py] 2020-11-18 11:28:24,273 > TTP2006-01-00 cleared
[INFO|CRAWLER.py] 2020-11-18 11:28:26,357 > TTP2006-02-00 cleared
[INFO|CRAWLER.py] 2020-11-18 11:28:28,426 > TTP2007-01-00 cleared
[INFO|CRAWLER.py] 2020-11-18 11:28:30,501 > TTP2007-02-00 cleared
[INFO|CRAWLER.py] 2020-11-18 11:28:32,563 > TTP2010-01-00 cleared
[INFO|CRAWLER.py] 2020-11-18 11:28:35,146 > 15 rows in 16-30 of 31
[INFO|CRAWLER.py] 2020-11-18 11:28:37,208 > TTP2011-01-00 cleared
[INFO|CRAWLER.py] 2020-11-18 11:28:39,289 > TTP2012-01-00 cleared
[INFO|CRAWLER.py] 2020-11-18 11:28:41,362 > TTP2012-02-00 cleared
[INFO|CRAWLER.py] 2020-11-18 11:28:43,437 > TTP2013-01-00 cleared
[INFO|CRAWLER.py] 2020-11-18 11:28:45,509 > TTP2013-02-00 cleared
[INFO|CRAWLER.py] 2020-11-18 11:28:47,567 > TTP4001-01-00 cleared
[INFO|CRAWLER.py] 2020-11-18 11:28:49,772 > TTP4008-01-00 cleared
[INFO|CRAWLER.py] 2020-11-18 11:28:51,869 > TTP4008-02-00 cleared
[INFO|CRAWLER.py] 2020-11-18 11:28:53,947 > TTP4100-01-00 cleared
[INFO|CRAWLER.py] 2020-11-18 11:28:56,024 > TTP4100-02-00 cleared
[INFO|CRAWLER.py] 2020-11-18 11:28:58,585 > 1 rows in 31-31 of 31
[INFO|CRAWLER.py] 2020-11-18 11:29:00,639 > TTP3004-01-00 cleared
[INFO|CRAWLER.py] 2020-11-18 11:29:02,678 > 교직과정 탐색 완료
[INFO|CRAWLER.py] 2020-11-18 11:29:02,679 > 교직과정 수집 완료
[INFO|CRAWLER.py] 2020-11-18 11:29:02,679 > 20202-국내교환대학-이화여자대학교 수집 시작
[INFO|CRAWLER.py] 2020-11-18 11:29:03,317 > 0 rows in 1-0 of 0
[INFO|CRAWLER.py] 2020-11-18 11:29:13,820 > No caution link in 0th row
[INFO|CRAWLER.py] 2020-11-18 11:29:14,327 > 0 rows in 1-0 of 0
[INFO|CRAWLER.py] 2020-11-18 11:29:14,328 > No caution in pages
[INFO|CRAWLER.py] 2020-11-18 11:29:14,845 > 0 rows in 1-0 of 0
[INFO|CRAWLER.py] 2020-11-18 11:29:16,873 > 이화여자대학교 탐색 완료
[INFO|CRAWLER.py] 2020-11-18 11:29:16,873 > 20202-국내교환대학-서강대학교 수집 시작
[INFO|CRAWLER.py] 2020-11-18 11:29:17,486 > 0 rows in 1-0 of 0
[INFO|CRAWLER.py] 2020-11-18 11:29:27,994 > No caution link in 0th row
[INFO|CRAWLER.py] 2020-11-18 11:29:28,501 > 0 rows in 1-0 of 0
[INFO|CRAWLER.py] 2020-11-18 11:29:28,501 > No caution in pages
[INFO|CRAWLER.py] 2020-11-18 11:29:29,020 > 0 rows in 1-0 of 0
[INFO|CRAWLER.py] 2020-11-18 11:29:31,043 > 서강대학교 탐색 완료
[INFO|CRAWLER.py] 2020-11-18 11:29:31,044 > 20202-국내교환대학-고려대학교 수집 시작
[INFO|CRAWLER.py] 2020-11-18 11:29:31,628 > 0 rows in 1-0 of 0
[INFO|CRAWLER.py] 2020-11-18 11:29:42,171 > No caution link in 0th row
[INFO|CRAWLER.py] 2020-11-18 11:29:42,678 > 0 rows in 1-0 of 0
[INFO|CRAWLER.py] 2020-11-18 11:29:42,679 > No caution in pages
[INFO|CRAWLER.py] 2020-11-18 11:29:43,195 > 0 rows in 1-0 of 0
[INFO|CRAWLER.py] 2020-11-18 11:29:45,216 > 고려대학교 탐색 완료
[INFO|CRAWLER.py] 2020-11-18 11:29:45,217 > 국내교환대학 수집 완료
[INFO|CRAWLER.py] 2020-11-18 11:29:45,217 > 20202-공통-창업,현장실습 수집 시작
[INFO|CRAWLER.py] 2020-11-18 11:29:45,817 > 6 rows in 1-6 of 6
[INFO|CRAWLER.py] 2020-11-18 11:29:45,852 > 유의사항 기준 탐색 완료
[INFO|CRAWLER.py] 2020-11-18 11:29:46,369 > 6 rows in 1-6 of 6
[INFO|CRAWLER.py] 2020-11-18 11:29:48,536 > U0019-01-00 cleared
[INFO|CRAWLER.py] 2020-11-18 11:29:50,638 > U0020-01-00 cleared
[INFO|CRAWLER.py] 2020-11-18 11:29:52,715 > U0021-01-00 cleared
[INFO|CRAWLER.py] 2020-11-18 11:29:54,780 > U0022-01-00 cleared
[INFO|CRAWLER.py] 2020-11-18 11:29:56,802 > 창업,현장실습 탐색 완료
[INFO|CRAWLER.py] 2020-11-18 11:29:56,803 > 공통 수집 완료
[INFO|CRAWLER.py] 2020-11-18 11:29:56,803 > 20202-공통기초(10~18학번)-채플 수집 시작
[INFO|CRAWLER.py] 2020-11-18 11:29:57,415 > 6 rows in 1-6 of 6
[INFO|CRAWLER.py] 2020-11-18 11:29:57,451 > 유의사항 기준 탐색 완료
[INFO|CRAWLER.py] 2020-11-18 11:29:57,970 > 6 rows in 1-6 of 6
[INFO|CRAWLER.py] 2020-11-18 11:30:00,055 > YCA1004-01-00 cleared
[INFO|CRAWLER.py] 2020-11-18 11:30:00,104 > YCA1004-02-00: 중복된 강의 객체. caution 수집 완료
[INFO|CRAWLER.py] 2020-11-18 11:30:03,235 > YCA1008-01-00 cleared
[INFO|CRAWLER.py] 2020-11-18 11:30:03,292 > YCA1008-02-00: 중복된 강의 객체. caution 수집 완료
[INFO|CRAWLER.py] 2020-11-18 11:30:05,359 > YCA1010-01-00 cleared
[INFO|CRAWLER.py] 2020-11-18 11:30:07,385 > 채플 탐색 완료
[INFO|CRAWLER.py] 2020-11-18 11:30:07,385 > 20202-공통기초(10~18학번)-기독교의이해 수집 시작
[INFO|CRAWLER.py] 2020-11-18 11:30:08,001 > 3 rows in 1-3 of 3
[INFO|CRAWLER.py] 2020-11-18 11:30:08,043 > 유의사항 기준 탐색 완료
[INFO|CRAWLER.py] 2020-11-18 11:30:08,562 > 3 rows in 1-3 of 3
[INFO|CRAWLER.py] 2020-11-18 11:30:10,676 > YCA1101-11-00 cleared
[INFO|CRAWLER.py] 2020-11-18 11:30:12,817 > YCA1102-12-00 cleared
[INFO|CRAWLER.py] 2020-11-18 11:30:14,894 > YCA1103-07-00 cleared
[INFO|CRAWLER.py] 2020-11-18 11:30:16,918 > 기독교의이해 탐색 완료
[INFO|CRAWLER.py] 2020-11-18 11:30:16,918 > 20202-공통기초(10~18학번)-대학영어 수집 시작
[INFO|CRAWLER.py] 2020-11-18 11:30:17,537 > 10 rows in 1-10 of 10
[INFO|CRAWLER.py] 2020-11-18 11:30:17,562 > 유의사항 기준 탐색 완료
[INFO|CRAWLER.py] 2020-11-18 11:30:18,078 > 10 rows in 1-10 of 10
[INFO|CRAWLER.py] 2020-11-18 11:30:20,139 > YCC1001-01-00 cleared
[INFO|CRAWLER.py] 2020-11-18 11:30:22,214 > YCC1002-01-00 cleared
[INFO|CRAWLER.py] 2020-11-18 11:30:24,276 > YCC1101-01-00 cleared
[INFO|CRAWLER.py] 2020-11-18 11:30:26,340 > YCC1101-02-00 cleared
[INFO|CRAWLER.py] 2020-11-18 11:30:28,402 > YCC1101-03-00 cleared
[INFO|CRAWLER.py] 2020-11-18 11:30:30,466 > YCC1102-01-00 cleared
[INFO|CRAWLER.py] 2020-11-18 11:30:32,529 > YCC1102-02-00 cleared
[INFO|CRAWLER.py] 2020-11-18 11:30:34,591 > YCC1102-03-00 cleared
[INFO|CRAWLER.py] 2020-11-18 11:30:36,653 > YCC1201-01-00 cleared
[INFO|CRAWLER.py] 2020-11-18 11:30:38,719 > YCC1202-01-00 cleared
[INFO|CRAWLER.py] 2020-11-18 11:30:40,743 > 대학영어 탐색 완료
[INFO|CRAWLER.py] 2020-11-18 11:30:40,743 > 20202-공통기초(10~18학번)-글쓰기 수집 시작
[INFO|CRAWLER.py] 2020-11-18 11:30:41,371 > 8 rows in 1-8 of 8
[INFO|CRAWLER.py] 2020-11-18 11:30:41,401 > 유의사항 기준 탐색 완료
[INFO|CRAWLER.py] 2020-11-18 11:30:41,919 > 8 rows in 1-8 of 8
[INFO|CRAWLER.py] 2020-11-18 11:30:43,974 > YCB1101-51-00 cleared
[INFO|CRAWLER.py] 2020-11-18 11:30:46,030 > YCB1101-52-00 cleared
[INFO|CRAWLER.py] 2020-11-18 11:30:48,082 > YCB1101-53-00 cleared
[INFO|CRAWLER.py] 2020-11-18 11:30:50,141 > YCB1101-54-00 cleared
[INFO|CRAWLER.py] 2020-11-18 11:30:52,200 > YCB1101-55-00 cleared
[INFO|CRAWLER.py] 2020-11-18 11:30:54,267 > YCB1101-56-00 cleared
[INFO|CRAWLER.py] 2020-11-18 11:30:56,327 > YCB1101-57-00 cleared
[INFO|CRAWLER.py] 2020-11-18 11:30:58,386 > YCB1101-58-00 cleared
[INFO|CRAWLER.py] 2020-11-18 11:31:00,412 > 글쓰기 탐색 완료
[INFO|CRAWLER.py] 2020-11-18 11:31:00,412 > 공통기초(10~18학번) 수집 완료
[INFO|CRAWLER.py] 2020-11-18 11:31:00,412 > 20202-필수교양(10~18학번)-문학과예술 수집 시작
[INFO|CRAWLER.py] 2020-11-18 11:31:01,045 > 13 rows in 1-13 of 13
[INFO|CRAWLER.py] 2020-11-18 11:31:01,081 > 유의사항 기준 탐색 완료
[INFO|CRAWLER.py] 2020-11-18 11:31:01,600 > 13 rows in 1-13 of 13
[INFO|CRAWLER.py] 2020-11-18 11:31:03,746 > UCE1105-01-00 cleared
[INFO|CRAWLER.py] 2020-11-18 11:31:06,236 > UCE1105-02-00 cleared
[INFO|CRAWLER.py] 2020-11-18 11:31:08,322 > UCE1107-01-00 cleared
[INFO|CRAWLER.py] 2020-11-18 11:31:10,498 > UCE1108-01-00 cleared
[INFO|CRAWLER.py] 2020-11-18 11:31:12,599 > UCG1126-01-00 cleared
[INFO|CRAWLER.py] 2020-11-18 11:31:14,746 > UCJ1104-01-00 cleared
[INFO|CRAWLER.py] 2020-11-18 11:31:16,858 > YCD1001-01-00 cleared
[INFO|CRAWLER.py] 2020-11-18 11:31:19,031 > YCD1351-01-00 cleared
[INFO|CRAWLER.py] 2020-11-18 11:31:21,158 > YCD1601-01-00 cleared
[INFO|CRAWLER.py] 2020-11-18 11:31:23,322 > YCD1602-01-00 cleared
[INFO|CRAWLER.py] 2020-11-18 11:31:25,421 > YCD1653-01-00 cleared
[INFO|CRAWLER.py] 2020-11-18 11:31:27,497 > YCD1999-01-00 cleared
[INFO|CRAWLER.py] 2020-11-18 11:31:29,572 > YCD1999-02-00 cleared
[INFO|CRAWLER.py] 2020-11-18 11:31:31,600 > 문학과예술 탐색 완료
[INFO|CRAWLER.py] 2020-11-18 11:31:31,600 > 20202-필수교양(10~18학번)-인간과역사 수집 시작
[INFO|CRAWLER.py] 2020-11-18 11:31:32,229 > 15 rows in 1-15 of 19
[INFO|CRAWLER.py] 2020-11-18 11:31:32,259 > 유의사항 기준 탐색 완료
[INFO|CRAWLER.py] 2020-11-18 11:31:32,777 > 15 rows in 1-15 of 19
[INFO|CRAWLER.py] 2020-11-18 11:31:32,822 > ANT1001-01-00: 중복된 강의 객체. caution 수집 완료
[INFO|CRAWLER.py] 2020-11-18 11:31:32,868 > CFS2104-01-00: 중복된 강의 객체. caution 수집 완료
[INFO|CRAWLER.py] 2020-11-18 11:31:32,917 > PHI1001-01-00: 중복된 강의 객체. caution 수집 완료
[INFO|CRAWLER.py] 2020-11-18 11:31:32,970 > PSY2103-01-00: 중복된 강의 객체. caution 수집 완료
[INFO|CRAWLER.py] 2020-11-18 11:31:35,093 > UCB1101-01-00 cleared
[INFO|CRAWLER.py] 2020-11-18 11:31:37,175 > UCB1103-01-00 cleared
[INFO|CRAWLER.py] 2020-11-18 11:31:39,311 > UCB1105-01-00 cleared
[INFO|CRAWLER.py] 2020-11-18 11:31:41,524 > UCD1102-01-00 cleared
[INFO|CRAWLER.py] 2020-11-18 11:31:43,629 > UCD1107-01-00 cleared
[INFO|CRAWLER.py] 2020-11-18 11:31:45,810 > UCE1102-01-00 cleared
[INFO|CRAWLER.py] 2020-11-18 11:31:47,891 > YCE1251-01-00 cleared
[INFO|CRAWLER.py] 2020-11-18 11:31:49,956 > YCE1254-01-00 cleared
[INFO|CRAWLER.py] 2020-11-18 11:31:52,055 > YCE1255-01-00 cleared
[INFO|CRAWLER.py] 2020-11-18 11:31:54,151 > YCE1551-01-00 cleared
[INFO|CRAWLER.py] 2020-11-18 11:31:56,347 > YCE1601-01-00 cleared
[INFO|CRAWLER.py] 2020-11-18 11:31:58,912 > 4 rows in 16-19 of 19
[INFO|CRAWLER.py] 2020-11-18 11:32:01,014 > YCE1603-01-00 cleared
[INFO|CRAWLER.py] 2020-11-18 11:32:03,183 > YCE1604-01-00 cleared
[INFO|CRAWLER.py] 2020-11-18 11:32:05,375 > YCE1605-01-00 cleared
[INFO|CRAWLER.py] 2020-11-18 11:32:07,532 > YCE1607-01-00 cleared
[INFO|CRAWLER.py] 2020-11-18 11:32:09,561 > 인간과역사 탐색 완료
[INFO|CRAWLER.py] 2020-11-18 11:32:09,561 > 20202-필수교양(10~18학번)-언어와표현 수집 시작
[INFO|CRAWLER.py] 2020-11-18 11:32:10,190 > 15 rows in 1-15 of 78
[INFO|CRAWLER.py] 2020-11-18 11:32:10,226 > 유의사항 기준 탐색 완료
[INFO|CRAWLER.py] 2020-11-18 11:32:10,745 > 15 rows in 1-15 of 78
[INFO|CRAWLER.py] 2020-11-18 11:32:12,828 > YCF1201-01-00 cleared
[INFO|CRAWLER.py] 2020-11-18 11:32:14,910 > YCF1201-02-00 cleared
[INFO|CRAWLER.py] 2020-11-18 11:32:16,988 > YCF1201-03-00 cleared
[INFO|CRAWLER.py] 2020-11-18 11:32:19,068 > YCF1201-04-00 cleared
[INFO|CRAWLER.py] 2020-11-18 11:32:21,161 > YCF1201-05-00 cleared
[INFO|CRAWLER.py] 2020-11-18 11:32:23,262 > YCF1201-06-00 cleared
[INFO|CRAWLER.py] 2020-11-18 11:32:25,324 > YCF1202-01-00 cleared
[INFO|CRAWLER.py] 2020-11-18 11:32:27,408 > YCF1202-02-00 cleared
[INFO|CRAWLER.py] 2020-11-18 11:32:29,469 > YCF1203-01-00 cleared
[INFO|CRAWLER.py] 2020-11-18 11:32:31,551 > YCF1301-01-00 cleared
[INFO|CRAWLER.py] 2020-11-18 11:32:33,623 > YCF1301-02-00 cleared
[INFO|CRAWLER.py] 2020-11-18 11:32:35,698 > YCF1301-03-00 cleared
[INFO|CRAWLER.py] 2020-11-18 11:32:37,777 > YCF1301-04-00 cleared
[INFO|CRAWLER.py] 2020-11-18 11:32:39,846 > YCF1302-01-00 cleared
[INFO|CRAWLER.py] 2020-11-18 11:32:41,908 > YCF1302-02-00 cleared
[INFO|CRAWLER.py] 2020-11-18 11:32:44,500 > 15 rows in 16-30 of 78
[INFO|CRAWLER.py] 2020-11-18 11:32:46,563 > YCF1302-03-00 cleared
[INFO|CRAWLER.py] 2020-11-18 11:32:48,629 > YCF1303-01-00 cleared
[INFO|CRAWLER.py] 2020-11-18 11:32:50,715 > YCF1351-01-00 cleared
[INFO|CRAWLER.py] 2020-11-18 11:32:52,810 > YCF1351-02-00 cleared
[INFO|CRAWLER.py] 2020-11-18 11:32:54,892 > YCF1352-01-00 cleared
[INFO|CRAWLER.py] 2020-11-18 11:32:56,968 > YCF1353-01-00 cleared
[INFO|CRAWLER.py] 2020-11-18 11:32:59,025 > YCF1408-01-00 cleared
[INFO|CRAWLER.py] 2020-11-18 11:33:01,083 > YCF1408-02-00 cleared
[INFO|CRAWLER.py] 2020-11-18 11:33:03,148 > YCF1408-03-00 cleared
[INFO|CRAWLER.py] 2020-11-18 11:33:05,210 > YCF1409-01-00 cleared
[INFO|CRAWLER.py] 2020-11-18 11:33:07,270 > YCF1409-02-00 cleared
[INFO|CRAWLER.py] 2020-11-18 11:33:09,333 > YCF1409-03-00 cleared
[INFO|CRAWLER.py] 2020-11-18 11:33:21,933 > YCF1410-01-00 cleared
[INFO|CRAWLER.py] 2020-11-18 11:33:23,990 > YCF1410-02-00 cleared
[INFO|CRAWLER.py] 2020-11-18 11:33:26,043 > YCF1410-03-00 cleared
[INFO|CRAWLER.py] 2020-11-18 11:33:28,635 > 15 rows in 31-45 of 78
[INFO|CRAWLER.py] 2020-11-18 11:33:30,695 > YCF1411-01-00 cleared
[INFO|CRAWLER.py] 2020-11-18 11:33:32,753 > YCF1411-02-00 cleared
[INFO|CRAWLER.py] 2020-11-18 11:33:34,844 > YCF1412-01-00 cleared
[INFO|CRAWLER.py] 2020-11-18 11:33:36,907 > YCF1412-02-00 cleared
[INFO|CRAWLER.py] 2020-11-18 11:33:39,002 > YCF1414-01-00 cleared
[INFO|CRAWLER.py] 2020-11-18 11:33:41,090 > YCF1414-02-00 cleared
[INFO|CRAWLER.py] 2020-11-18 11:33:43,157 > YCF1414-03-00 cleared
[INFO|CRAWLER.py] 2020-11-18 11:33:45,220 > YCF1416-01-00 cleared
[INFO|CRAWLER.py] 2020-11-18 11:33:47,282 > YCF1416-02-00 cleared
[INFO|CRAWLER.py] 2020-11-18 11:33:49,333 > YCF1416-03-00 cleared
[INFO|CRAWLER.py] 2020-11-18 11:33:51,385 > YCF1417-01-00 cleared
[INFO|CRAWLER.py] 2020-11-18 11:33:53,438 > YCF1417-02-00 cleared
[INFO|CRAWLER.py] 2020-11-18 11:33:55,501 > YCF1417-03-00 cleared
[INFO|CRAWLER.py] 2020-11-18 11:33:58,082 > 15 rows in 46-60 of 78
[INFO|CRAWLER.py] 2020-11-18 11:34:00,137 > YCF1418-01-00 cleared
[INFO|CRAWLER.py] 2020-11-18 11:34:02,193 > YCF1418-02-00 cleared
[INFO|CRAWLER.py] 2020-11-18 11:34:04,246 > YCF1418-03-00 cleared
[INFO|CRAWLER.py] 2020-11-18 11:34:06,303 > YCF1419-01-00 cleared
[INFO|CRAWLER.py] 2020-11-18 11:34:08,365 > YCF1419-02-00 cleared
[INFO|CRAWLER.py] 2020-11-18 11:34:10,431 > YCF1420-01-00 cleared
[INFO|CRAWLER.py] 2020-11-18 11:34:12,489 > YCF1420-02-00 cleared
[INFO|CRAWLER.py] 2020-11-18 11:34:14,548 > YCF1420-03-00 cleared
[INFO|CRAWLER.py] 2020-11-18 11:34:27,144 > YCF1421-01-00 cleared
[INFO|CRAWLER.py] 2020-11-18 11:34:29,219 > YCF1451-01-00 cleared
[INFO|CRAWLER.py] 2020-11-18 11:34:31,298 > YCF1451-02-00 cleared
[INFO|CRAWLER.py] 2020-11-18 11:34:33,371 > YCF1452-01-00 cleared
[INFO|CRAWLER.py] 2020-11-18 11:34:35,429 > YCF1453-01-00 cleared
[INFO|CRAWLER.py] 2020-11-18 11:34:37,506 > YCF1501-01-00 cleared
[INFO|CRAWLER.py] 2020-11-18 11:34:39,589 > YCF1501-02-00 cleared
[INFO|CRAWLER.py] 2020-11-18 11:34:42,178 > 15 rows in 61-75 of 78
[INFO|CRAWLER.py] 2020-11-18 11:34:44,254 > YCF1502-01-00 cleared
[INFO|CRAWLER.py] 2020-11-18 11:34:46,314 > YCF1502-02-00 cleared
[INFO|CRAWLER.py] 2020-11-18 11:34:48,388 > YCF1503-01-00 cleared
[INFO|CRAWLER.py] 2020-11-18 11:34:50,466 > YCF1551-01-00 cleared
[INFO|CRAWLER.py] 2020-11-18 11:34:52,537 > YCF1551-02-00 cleared
[INFO|CRAWLER.py] 2020-11-18 11:34:54,598 > YCF1551-03-00 cleared
[INFO|CRAWLER.py] 2020-11-18 11:34:56,659 > YCF1552-01-00 cleared
[INFO|CRAWLER.py] 2020-11-18 11:35:09,265 > YCF1553-01-00 cleared
[INFO|CRAWLER.py] 2020-11-18 11:35:11,346 > YCF1601-01-00 cleared
[INFO|CRAWLER.py] 2020-11-18 11:35:13,406 > YCF1602-01-00 cleared
[INFO|CRAWLER.py] 2020-11-18 11:35:15,495 > YCF1603-01-00 cleared
[INFO|CRAWLER.py] 2020-11-18 11:35:17,597 > YCF1603-02-00 cleared
[INFO|CRAWLER.py] 2020-11-18 11:35:19,679 > YCF1604-01-00 cleared
[INFO|CRAWLER.py] 2020-11-18 11:35:21,759 > YCF1607-01-00 cleared
[INFO|CRAWLER.py] 2020-11-18 11:35:23,836 > YCF1651-01-00 cleared
[INFO|CRAWLER.py] 2020-11-18 11:35:26,404 > 3 rows in 76-78 of 78
[INFO|CRAWLER.py] 2020-11-18 11:35:28,490 > YCF1652-01-00 cleared
[INFO|CRAWLER.py] 2020-11-18 11:35:30,585 > YCF1652-02-00 cleared
[INFO|CRAWLER.py] 2020-11-18 11:35:32,653 > YCF1753-01-00 cleared
[INFO|CRAWLER.py] 2020-11-18 11:35:34,698 > 언어와표현 탐색 완료
[INFO|CRAWLER.py] 2020-11-18 11:35:34,698 > 20202-필수교양(10~18학번)-가치와윤리 수집 시작
[INFO|CRAWLER.py] 2020-11-18 11:35:35,330 > 6 rows in 1-6 of 6
[INFO|CRAWLER.py] 2020-11-18 11:35:35,368 > 유의사항 기준 탐색 완료
[INFO|CRAWLER.py] 2020-11-18 11:35:35,886 > 6 rows in 1-6 of 6
[INFO|CRAWLER.py] 2020-11-18 11:35:38,189 > UCB1104-01-00 cleared
[INFO|CRAWLER.py] 2020-11-18 11:35:40,320 > YCG1004-01-00 cleared
[INFO|CRAWLER.py] 2020-11-18 11:35:42,400 > YCG1702-01-00 cleared
[INFO|CRAWLER.py] 2020-11-18 11:35:44,508 > YCG1703-01-00 cleared
[INFO|CRAWLER.py] 2020-11-18 11:35:46,662 > YCG1704-01-00 cleared
[INFO|CRAWLER.py] 2020-11-18 11:35:48,883 > YCG1853-01-00 cleared
[INFO|CRAWLER.py] 2020-11-18 11:35:50,914 > 가치와윤리 탐색 완료
[INFO|CRAWLER.py] 2020-11-18 11:35:50,914 > 20202-필수교양(10~18학번)-국가와사회공동체 수집 시작
[INFO|CRAWLER.py] 2020-11-18 11:35:51,533 > 10 rows in 1-10 of 10
[INFO|CRAWLER.py] 2020-11-18 11:35:51,567 > 유의사항 기준 탐색 완료
[INFO|CRAWLER.py] 2020-11-18 11:35:52,086 > 10 rows in 1-10 of 10
[INFO|CRAWLER.py] 2020-11-18 11:35:52,136 > SOC1002-02-00: 중복된 강의 객체. caution 수집 완료
[INFO|CRAWLER.py] 2020-11-18 11:35:54,277 > UCD1101-01-00 cleared
[INFO|CRAWLER.py] 2020-11-18 11:35:56,371 > UCD1105-01-00 cleared
[INFO|CRAWLER.py] 2020-11-18 11:35:58,462 > YCH1002-01-00 cleared
[INFO|CRAWLER.py] 2020-11-18 11:36:00,605 > YCH1201-01-00 cleared
[INFO|CRAWLER.py] 2020-11-18 11:36:02,724 > YCH1203-01-00 cleared
[INFO|CRAWLER.py] 2020-11-18 11:36:04,956 > YCH1302-01-00 cleared
[INFO|CRAWLER.py] 2020-11-18 11:36:07,291 > YCH1603-01-00 cleared
[INFO|CRAWLER.py] 2020-11-18 11:36:09,447 > YCH1604-01-00 cleared
[INFO|CRAWLER.py] 2020-11-18 11:36:11,705 > YCH1607-01-00 cleared
[INFO|CRAWLER.py] 2020-11-18 11:36:13,733 > 국가와사회공동체 탐색 완료
[INFO|CRAWLER.py] 2020-11-18 11:36:13,733 > 20202-필수교양(10~18학번)-지역사회와세계 수집 시작
[INFO|CRAWLER.py] 2020-11-18 11:36:14,360 > 11 rows in 1-11 of 11
[INFO|CRAWLER.py] 2020-11-18 11:36:14,393 > 유의사항 기준 탐색 완료
[INFO|CRAWLER.py] 2020-11-18 11:36:14,912 > 11 rows in 1-11 of 11
[INFO|CRAWLER.py] 2020-11-18 11:36:14,950 > ANT2105-01-00: 중복된 강의 객체. caution 수집 완료
[INFO|CRAWLER.py] 2020-11-18 11:36:17,080 > ECO1001-01-00 cleared
[INFO|CRAWLER.py] 2020-11-18 11:36:19,232 > ECO1001-02-00 cleared
[INFO|CRAWLER.py] 2020-11-18 11:36:21,326 > ECO1001-03-00 cleared
[INFO|CRAWLER.py] 2020-11-18 11:36:23,452 > ECO1002-01-00 cleared
[INFO|CRAWLER.py] 2020-11-18 11:36:25,663 > UCD1103-01-00 cleared
[INFO|CRAWLER.py] 2020-11-18 11:36:27,784 > UCD1106-01-00 cleared
[INFO|CRAWLER.py] 2020-11-18 11:36:29,989 > UCF1101-01-00 cleared
[INFO|CRAWLER.py] 2020-11-18 11:36:32,077 > YCI1002-01-00 cleared
[INFO|CRAWLER.py] 2020-11-18 11:36:34,208 > YCI1701-01-00 cleared
[INFO|CRAWLER.py] 2020-11-18 11:36:36,362 > YCI1853-01-00 cleared
[INFO|CRAWLER.py] 2020-11-18 11:36:38,390 > 지역사회와세계 탐색 완료
[INFO|CRAWLER.py] 2020-11-18 11:36:38,390 > 20202-필수교양(10~18학번)-논리와수리 수집 시작
[INFO|CRAWLER.py] 2020-11-18 11:36:39,014 > 15 rows in 1-15 of 32
[INFO|CRAWLER.py] 2020-11-18 11:36:39,051 > 유의사항 기준 탐색 완료
[INFO|CRAWLER.py] 2020-11-18 11:36:39,570 > 15 rows in 1-15 of 32
[INFO|CRAWLER.py] 2020-11-18 11:36:39,623 > BIZ1101-01-00: 중복된 강의 객체. caution 수집 완료
[INFO|CRAWLER.py] 2020-11-18 11:36:39,669 > BIZ1101-02-00: 중복된 강의 객체. caution 수집 완료
[INFO|CRAWLER.py] 2020-11-18 11:36:39,714 > BIZ1101-03-00: 중복된 강의 객체. caution 수집 완료
[INFO|CRAWLER.py] 2020-11-18 11:36:39,758 > BIZ1101-04-00: 중복된 강의 객체. caution 수집 완료
[INFO|CRAWLER.py] 2020-11-18 11:36:39,807 > BIZ1101-05-00: 중복된 강의 객체. caution 수집 완료
[INFO|CRAWLER.py] 2020-11-18 11:36:39,855 > BIZ1101-06-00: 중복된 강의 객체. caution 수집 완료
[INFO|CRAWLER.py] 2020-11-18 11:36:39,926 > LIS1102-01-00: 중복된 강의 객체. caution 수집 완료
[INFO|CRAWLER.py] 2020-11-18 11:36:41,997 > MAT1001-01-01 cleared
[INFO|CRAWLER.py] 2020-11-18 11:36:44,065 > MAT1001-01-02 cleared
[INFO|CRAWLER.py] 2020-11-18 11:36:46,137 > MAT1002-01-01 cleared
[INFO|CRAWLER.py] 2020-11-18 11:36:48,197 > MAT1002-01-02 cleared
[INFO|CRAWLER.py] 2020-11-18 11:36:50,269 > MAT1011-01-01 cleared
[INFO|CRAWLER.py] 2020-11-18 11:36:52,332 > MAT1011-01-02 cleared
[INFO|CRAWLER.py] 2020-11-18 11:36:54,423 > MAT1012-01-01 cleared
[INFO|CRAWLER.py] 2020-11-18 11:36:57,003 > 15 rows in 16-30 of 32
[INFO|CRAWLER.py] 2020-11-18 11:36:59,087 > MAT1012-01-02 cleared
[INFO|CRAWLER.py] 2020-11-18 11:37:01,192 > STA1001-01-01 cleared
[INFO|CRAWLER.py] 2020-11-18 11:37:03,274 > STA1001-01-02 cleared
[INFO|CRAWLER.py] 2020-11-18 11:37:05,357 > STA1001-02-01 cleared
[INFO|CRAWLER.py] 2020-11-18 11:37:07,454 > STA1001-02-02 cleared
[INFO|CRAWLER.py] 2020-11-18 11:37:09,552 > STA1001-03-01 cleared
[INFO|CRAWLER.py] 2020-11-18 11:37:11,636 > STA1001-03-02 cleared
[INFO|CRAWLER.py] 2020-11-18 11:37:11,683 > STA1001-04-01: 중복된 강의 객체. caution 수집 완료
[INFO|CRAWLER.py] 2020-11-18 11:37:11,732 > STA1001-04-02: 중복된 강의 객체. caution 수집 완료
[INFO|CRAWLER.py] 2020-11-18 11:37:13,821 > STA1001-05-01 cleared
[INFO|CRAWLER.py] 2020-11-18 11:37:15,905 > STA1001-05-02 cleared
[INFO|CRAWLER.py] 2020-11-18 11:37:17,983 > STA1001-06-01 cleared
[INFO|CRAWLER.py] 2020-11-18 11:37:20,077 > STA1001-06-02 cleared
[INFO|CRAWLER.py] 2020-11-18 11:37:20,125 > STA2105-01-00: 중복된 강의 객체. caution 수집 완료
[INFO|CRAWLER.py] 2020-11-18 11:37:20,180 > STA2105-02-00: 중복된 강의 객체. caution 수집 완료
[INFO|CRAWLER.py] 2020-11-18 11:37:22,746 > 2 rows in 31-32 of 32
[INFO|CRAWLER.py] 2020-11-18 11:37:22,803 > STA2105-03-00: 중복된 강의 객체. caution 수집 완료
[INFO|CRAWLER.py] 2020-11-18 11:37:25,034 > YCJ1001-01-00 cleared
[INFO|CRAWLER.py] 2020-11-18 11:37:27,078 > 논리와수리 탐색 완료
[INFO|CRAWLER.py] 2020-11-18 11:37:27,078 > 20202-필수교양(10~18학번)-자연과우주 수집 시작
[INFO|CRAWLER.py] 2020-11-18 11:37:27,707 > 14 rows in 1-14 of 14
[INFO|CRAWLER.py] 2020-11-18 11:37:27,739 > 유의사항 기준 탐색 완료
[INFO|CRAWLER.py] 2020-11-18 11:37:28,259 > 14 rows in 1-14 of 14
[INFO|CRAWLER.py] 2020-11-18 11:37:30,334 > CHE1002-01-00 cleared
[INFO|CRAWLER.py] 2020-11-18 11:37:32,417 > CHE1012-01-00 cleared
[INFO|CRAWLER.py] 2020-11-18 11:37:34,496 > PHY1002-01-00 cleared
[INFO|CRAWLER.py] 2020-11-18 11:37:36,576 > PHY1002-02-00 cleared
[INFO|CRAWLER.py] 2020-11-18 11:37:38,670 > PHY1012-01-00 cleared
[INFO|CRAWLER.py] 2020-11-18 11:37:40,750 > PHY1012-02-00 cleared
[INFO|CRAWLER.py] 2020-11-18 11:37:42,826 > PHY1012-03-00 cleared
[INFO|CRAWLER.py] 2020-11-18 11:37:44,912 > UCC1102-01-00 cleared
[INFO|CRAWLER.py] 2020-11-18 11:37:46,980 > UCC1103-01-00 cleared
[INFO|CRAWLER.py] 2020-11-18 11:37:49,090 > UCC1105-01-00 cleared
[INFO|CRAWLER.py] 2020-11-18 11:37:51,243 > UCC1106-01-00 cleared
[INFO|CRAWLER.py] 2020-11-18 11:37:53,413 > UCC1106-02-00 cleared
[INFO|CRAWLER.py] 2020-11-18 11:37:55,496 > 자연과우주 탐색 완료
[INFO|CRAWLER.py] 2020-11-18 11:37:55,497 > 20202-필수교양(10~18학번)-생명과환경 수집 시작
[INFO|CRAWLER.py] 2020-11-18 11:37:56,126 > 15 rows in 1-15 of 15
[INFO|CRAWLER.py] 2020-11-18 11:37:56,160 > 유의사항 기준 탐색 완료
[INFO|CRAWLER.py] 2020-11-18 11:37:56,679 > 15 rows in 1-15 of 15
[INFO|CRAWLER.py] 2020-11-18 11:37:58,744 > BIO1001-01-00 cleared
[INFO|CRAWLER.py] 2020-11-18 11:38:00,815 > BIO1002-01-00 cleared
[INFO|CRAWLER.py] 2020-11-18 11:38:02,877 > BIO1009-01-00 cleared
[INFO|CRAWLER.py] 2020-11-18 11:38:04,966 > BIO1011-01-00 cleared
[INFO|CRAWLER.py] 2020-11-18 11:38:07,051 > BIO1012-01-00 cleared
[INFO|CRAWLER.py] 2020-11-18 11:38:09,120 > UCC1104-01-00 cleared
[INFO|CRAWLER.py] 2020-11-18 11:38:11,220 > UCC1113-01-00 cleared
[INFO|CRAWLER.py] 2020-11-18 11:38:13,353 > UCH1103-01-00 cleared
[INFO|CRAWLER.py] 2020-11-18 11:38:15,454 > UCH1104-01-00 cleared
[INFO|CRAWLER.py] 2020-11-18 11:38:17,565 > YCL1003-01-00 cleared
[INFO|CRAWLER.py] 2020-11-18 11:38:19,655 > YCL1004-01-00 cleared
[INFO|CRAWLER.py] 2020-11-18 11:38:21,792 > YCL1201-01-00 cleared
[INFO|CRAWLER.py] 2020-11-18 11:38:23,929 > YCL1203-01-00 cleared
[INFO|CRAWLER.py] 2020-11-18 11:38:26,013 > YCL1601-01-01 cleared
[INFO|CRAWLER.py] 2020-11-18 11:38:28,090 > YCL1601-01-02 cleared
[INFO|CRAWLER.py] 2020-11-18 11:38:30,119 > 생명과환경 탐색 완료
[INFO|CRAWLER.py] 2020-11-18 11:38:30,119 > 20202-필수교양(10~18학번)-소프트웨어 수집 시작
[INFO|CRAWLER.py] 2020-11-18 11:38:30,748 > 10 rows in 1-10 of 10
[INFO|CRAWLER.py] 2020-11-18 11:38:30,780 > 유의사항 기준 탐색 완료
[INFO|CRAWLER.py] 2020-11-18 11:38:31,297 > 10 rows in 1-10 of 10
[INFO|CRAWLER.py] 2020-11-18 11:38:33,421 > YCS1002-01-00 cleared
[INFO|CRAWLER.py] 2020-11-18 11:38:35,508 > YCS1002-02-00 cleared
[INFO|CRAWLER.py] 2020-11-18 11:38:37,647 > YCS1002-03-00 cleared
[INFO|CRAWLER.py] 2020-11-18 11:38:39,775 > YCS1002-04-00 cleared
[INFO|CRAWLER.py] 2020-11-18 11:38:41,906 > YCS1003-01-00 cleared
[INFO|CRAWLER.py] 2020-11-18 11:38:44,071 > YCS1003-02-00 cleared
[INFO|CRAWLER.py] 2020-11-18 11:38:46,153 > YCS1006-01-00 cleared
[INFO|CRAWLER.py] 2020-11-18 11:38:48,261 > YCS1103-01-00 cleared
[INFO|CRAWLER.py] 2020-11-18 11:38:50,286 > 소프트웨어 탐색 완료
[INFO|CRAWLER.py] 2020-11-18 11:38:50,286 > 필수교양(10~18학번) 수집 완료
[INFO|CRAWLER.py] 2020-11-18 11:38:50,287 > 20202-선택교양(10~18학번)-Freshman Seminars 수집 시작
[INFO|CRAWLER.py] 2020-11-18 11:38:50,923 > 0 rows in 1-0 of 0
[INFO|CRAWLER.py] 2020-11-18 11:39:01,429 > No caution link in 0th row
[INFO|CRAWLER.py] 2020-11-18 11:39:01,935 > 0 rows in 1-0 of 0
[INFO|CRAWLER.py] 2020-11-18 11:39:01,935 > No caution in pages
[INFO|CRAWLER.py] 2020-11-18 11:39:02,454 > 0 rows in 1-0 of 0
[INFO|CRAWLER.py] 2020-11-18 11:39:04,478 > Freshman Seminars 탐색 완료
[INFO|CRAWLER.py] 2020-11-18 11:39:04,478 > 20202-선택교양(10~18학번)-Gateway to College 수집 시작
[INFO|CRAWLER.py] 2020-11-18 11:39:05,089 > 0 rows in 1-0 of 0
[INFO|CRAWLER.py] 2020-11-18 11:39:15,642 > No caution link in 0th row
[INFO|CRAWLER.py] 2020-11-18 11:39:16,149 > 0 rows in 1-0 of 0
[INFO|CRAWLER.py] 2020-11-18 11:39:16,149 > No caution in pages
[INFO|CRAWLER.py] 2020-11-18 11:39:16,668 > 0 rows in 1-0 of 0
[INFO|CRAWLER.py] 2020-11-18 11:39:18,691 > Gateway to College 탐색 완료
[INFO|CRAWLER.py] 2020-11-18 11:39:18,691 > 20202-선택교양(10~18학번)-Residential Education 수집 시작
[INFO|CRAWLER.py] 2020-11-18 11:39:19,303 > 0 rows in 1-0 of 0
[INFO|CRAWLER.py] 2020-11-18 11:39:29,852 > No caution link in 0th row
[INFO|CRAWLER.py] 2020-11-18 11:39:30,358 > 0 rows in 1-0 of 0
[INFO|CRAWLER.py] 2020-11-18 11:39:30,359 > No caution in pages
[INFO|CRAWLER.py] 2020-11-18 11:39:30,878 > 0 rows in 1-0 of 0
[INFO|CRAWLER.py] 2020-11-18 11:39:32,901 > Residential Education 탐색 완료
[INFO|CRAWLER.py] 2020-11-18 11:39:32,901 > 20202-선택교양(10~18학번)-역사·철학영역 수집 시작
[INFO|CRAWLER.py] 2020-11-18 11:39:33,512 > 4 rows in 1-4 of 4
[INFO|CRAWLER.py] 2020-11-18 11:39:33,545 > 유의사항 기준 탐색 완료
[INFO|CRAWLER.py] 2020-11-18 11:39:34,062 > 4 rows in 1-4 of 4
[INFO|CRAWLER.py] 2020-11-18 11:39:36,123 > UCG1105-01-00 cleared
[INFO|CRAWLER.py] 2020-11-18 11:39:38,201 > UCG1111-01-00 cleared
[INFO|CRAWLER.py] 2020-11-18 11:39:40,276 > UCG1125-01-00 cleared
[INFO|CRAWLER.py] 2020-11-18 11:39:42,413 > UCG1130-01-00 cleared
[INFO|CRAWLER.py] 2020-11-18 11:39:44,435 > 역사·철학영역 탐색 완료
[INFO|CRAWLER.py] 2020-11-18 11:39:44,435 > 20202-선택교양(10~18학번)-과학·기술영역 수집 시작
[INFO|CRAWLER.py] 2020-11-18 11:39:45,023 > 3 rows in 1-3 of 3
[INFO|CRAWLER.py] 2020-11-18 11:39:45,053 > 유의사항 기준 탐색 완료
[INFO|CRAWLER.py] 2020-11-18 11:39:45,572 > 3 rows in 1-3 of 3
[INFO|CRAWLER.py] 2020-11-18 11:39:47,658 > UCH1102-01-00 cleared
[INFO|CRAWLER.py] 2020-11-18 11:39:49,809 > UCH1105-01-00 cleared
[INFO|CRAWLER.py] 2020-11-18 11:39:51,877 > UCH1108-01-00 cleared
[INFO|CRAWLER.py] 2020-11-18 11:39:53,900 > 과학·기술영역 탐색 완료
[INFO|CRAWLER.py] 2020-11-18 11:39:53,901 > 20202-선택교양(10~18학번)-사회·윤리영역 수집 시작
[INFO|CRAWLER.py] 2020-11-18 11:39:54,527 > 14 rows in 1-14 of 14
[INFO|CRAWLER.py] 2020-11-18 11:39:54,561 > 유의사항 기준 탐색 완료
[INFO|CRAWLER.py] 2020-11-18 11:39:55,079 > 14 rows in 1-14 of 14
[INFO|CRAWLER.py] 2020-11-18 11:39:57,352 > UCI1175-01-00 cleared
[INFO|CRAWLER.py] 2020-11-18 11:39:59,429 > UCI2001-01-00 cleared
[INFO|CRAWLER.py] 2020-11-18 11:40:01,482 > UCI2001-02-00 cleared
[INFO|CRAWLER.py] 2020-11-18 11:40:03,565 > UCI2001-06-00 cleared
[INFO|CRAWLER.py] 2020-11-18 11:40:05,628 > UCI2001-07-00 cleared
[INFO|CRAWLER.py] 2020-11-18 11:40:07,688 > UCI2001-09-00 cleared
[INFO|CRAWLER.py] 2020-11-18 11:40:09,747 > UCI2001-13-00 cleared
[INFO|CRAWLER.py] 2020-11-18 11:40:11,817 > UCR1016-01-00 cleared
[INFO|CRAWLER.py] 2020-11-18 11:40:14,030 > UCI1166-01-00 cleared
[INFO|CRAWLER.py] 2020-11-18 11:40:16,122 > UCI1167-01-00 cleared
[INFO|CRAWLER.py] 2020-11-18 11:40:28,714 > UCI1176-01-00 cleared
[INFO|CRAWLER.py] 2020-11-18 11:40:30,864 > UCI1177-01-00 cleared
[INFO|CRAWLER.py] 2020-11-18 11:40:32,920 > UCI1183-01-00 cleared
[INFO|CRAWLER.py] 2020-11-18 11:40:34,953 > 사회·윤리영역 탐색 완료
[INFO|CRAWLER.py] 2020-11-18 11:40:34,953 > 20202-선택교양(10~18학번)-인문·예술영역 수집 시작
[INFO|CRAWLER.py] 2020-11-18 11:40:35,579 > 5 rows in 1-5 of 5
[INFO|CRAWLER.py] 2020-11-18 11:40:46,097 > No caution link in 0th row
[INFO|CRAWLER.py] 2020-11-18 11:40:46,608 > 5 rows in 1-5 of 5
[INFO|CRAWLER.py] 2020-11-18 11:40:46,640 > 유의사항 기준 탐색 완료
[INFO|CRAWLER.py] 2020-11-18 11:40:47,158 > 5 rows in 1-5 of 5
[INFO|CRAWLER.py] 2020-11-18 11:40:59,773 > UCJ1135-01-00 cleared
[INFO|CRAWLER.py] 2020-11-18 11:41:01,864 > UCJ1135-02-00 cleared
[INFO|CRAWLER.py] 2020-11-18 11:41:03,995 > UCJ1112-01-00 cleared
[INFO|CRAWLER.py] 2020-11-18 11:41:06,088 > UCJ1124-01-00 cleared
[INFO|CRAWLER.py] 2020-11-18 11:41:08,180 > UCJ1131-01-00 cleared
[INFO|CRAWLER.py] 2020-11-18 11:41:10,205 > 인문·예술영역 탐색 완료
[INFO|CRAWLER.py] 2020-11-18 11:41:10,205 > 20202-선택교양(10~18학번)-세계문화·언어영역 수집 시작
[INFO|CRAWLER.py] 2020-11-18 11:41:10,828 > 11 rows in 1-11 of 11
[INFO|CRAWLER.py] 2020-11-18 11:41:10,865 > 유의사항 기준 탐색 완료
[INFO|CRAWLER.py] 2020-11-18 11:41:11,384 > 11 rows in 1-11 of 11
[INFO|CRAWLER.py] 2020-11-18 11:41:13,452 > UCK1143-01-00 cleared
[INFO|CRAWLER.py] 2020-11-18 11:41:15,518 > UCK1143-02-00 cleared
[INFO|CRAWLER.py] 2020-11-18 11:41:17,577 > UCK1150-01-00 cleared
[INFO|CRAWLER.py] 2020-11-18 11:41:19,635 > UCK1158-01-00 cleared
[INFO|CRAWLER.py] 2020-11-18 11:41:21,702 > UCK1159-01-00 cleared
[INFO|CRAWLER.py] 2020-11-18 11:41:23,768 > UCK1159-02-00 cleared
[INFO|CRAWLER.py] 2020-11-18 11:41:25,935 > YCI1702-01-00 cleared
[INFO|CRAWLER.py] 2020-11-18 11:41:28,119 > YCI1703-01-00 cleared
[INFO|CRAWLER.py] 2020-11-18 11:41:30,292 > YCI1705-01-00 cleared
[INFO|CRAWLER.py] 2020-11-18 11:41:32,320 > 세계문화·언어영역 탐색 완료
[INFO|CRAWLER.py] 2020-11-18 11:41:32,321 > 20202-선택교양(10~18학번)-생활·건강영역 수집 시작
[INFO|CRAWLER.py] 2020-11-18 11:41:32,951 > 15 rows in 1-15 of 87
[INFO|CRAWLER.py] 2020-11-18 11:41:32,984 > 유의사항 기준 탐색 완료
[INFO|CRAWLER.py] 2020-11-18 11:41:33,503 > 15 rows in 1-15 of 87
[INFO|CRAWLER.py] 2020-11-18 11:41:35,587 > UCL1101-01-00 cleared
[INFO|CRAWLER.py] 2020-11-18 11:41:37,669 > UCL1101-02-00 cleared
[INFO|CRAWLER.py] 2020-11-18 11:41:39,752 > UCL1101-03-00 cleared
[INFO|CRAWLER.py] 2020-11-18 11:41:41,839 > UCL1102-01-00 cleared
[INFO|CRAWLER.py] 2020-11-18 11:41:43,923 > UCL1103-01-00 cleared
[INFO|CRAWLER.py] 2020-11-18 11:41:45,999 > UCL1103-02-00 cleared
[INFO|CRAWLER.py] 2020-11-18 11:41:48,065 > UCL1103-03-00 cleared
[INFO|CRAWLER.py] 2020-11-18 11:42:00,635 > UCL1103-04-00 cleared
[INFO|CRAWLER.py] 2020-11-18 11:42:02,704 > UCL1103-05-00 cleared
[INFO|CRAWLER.py] 2020-11-18 11:42:04,778 > UCL1103-06-00 cleared
[INFO|CRAWLER.py] 2020-11-18 11:42:06,849 > UCL1103-07-00 cleared
[INFO|CRAWLER.py] 2020-11-18 11:42:08,915 > UCL1103-08-00 cleared
[INFO|CRAWLER.py] 2020-11-18 11:42:10,988 > UCL1104-01-00 cleared
[INFO|CRAWLER.py] 2020-11-18 11:42:13,053 > UCL1104-02-00 cleared
[INFO|CRAWLER.py] 2020-11-18 11:42:15,124 > UCL1104-03-00 cleared
[INFO|CRAWLER.py] 2020-11-18 11:42:17,709 > 15 rows in 16-30 of 87
[INFO|CRAWLER.py] 2020-11-18 11:42:19,773 > UCL1105-01-00 cleared
[INFO|CRAWLER.py] 2020-11-18 11:42:21,865 > UCL1105-02-00 cleared
[INFO|CRAWLER.py] 2020-11-18 11:42:23,943 > UCL1105-03-00 cleared
[INFO|CRAWLER.py] 2020-11-18 11:42:26,010 > UCL1105-04-00 cleared
[INFO|CRAWLER.py] 2020-11-18 11:42:28,084 > UCL1105-05-00 cleared
[INFO|CRAWLER.py] 2020-11-18 11:42:30,154 > UCL1105-06-00 cleared
[INFO|CRAWLER.py] 2020-11-18 11:42:32,231 > UCL1105-07-00 cleared
[INFO|CRAWLER.py] 2020-11-18 11:42:34,296 > UCL1105-08-00 cleared
[INFO|CRAWLER.py] 2020-11-18 11:42:36,361 > UCL1105-09-00 cleared
[INFO|CRAWLER.py] 2020-11-18 11:42:38,426 > UCL1105-10-00 cleared
[INFO|CRAWLER.py] 2020-11-18 11:42:59,449 > Traceback (most recent call last):
  File "C:\Python38\lib\site-packages\urllib3\connection.py", line 159, in _new_conn
    conn = connection.create_connection(
  File "C:\Python38\lib\site-packages\urllib3\util\connection.py", line 84, in create_connection
    raise err
  File "C:\Python38\lib\site-packages\urllib3\util\connection.py", line 74, in create_connection
    sock.connect(sa)
TimeoutError: [WinError 10060] 연결된 구성원으로부터 응답이 없어 연결하지 못했거나, 호스트로부터 응답이 없어 연결이 끊어졌습니다

During handling of the above exception, another exception occurred:

Traceback (most recent call last):
  File "C:\Python38\lib\site-packages\urllib3\connectionpool.py", line 670, in urlopen
    httplib_response = self._make_request(
  File "C:\Python38\lib\site-packages\urllib3\connectionpool.py", line 392, in _make_request
    conn.request(method, url, **httplib_request_kw)
  File "C:\Python38\lib\http\client.py", line 1255, in request
    self._send_request(method, url, body, headers, encode_chunked)
  File "C:\Python38\lib\http\client.py", line 1301, in _send_request
    self.endheaders(body, encode_chunked=encode_chunked)
  File "C:\Python38\lib\http\client.py", line 1250, in endheaders
    self._send_output(message_body, encode_chunked=encode_chunked)
  File "C:\Python38\lib\http\client.py", line 1010, in _send_output
    self.send(msg)
  File "C:\Python38\lib\http\client.py", line 950, in send
    self.connect()
  File "C:\Python38\lib\site-packages\urllib3\connection.py", line 187, in connect
    conn = self._new_conn()
  File "C:\Python38\lib\site-packages\urllib3\connection.py", line 171, in _new_conn
    raise NewConnectionError(
urllib3.exceptions.NewConnectionError: <urllib3.connection.HTTPConnection object at 0x000001A7DE7642E0>: Failed to establish a new connection: [WinError 10060] 연결된 구성원으로부터 응답이 없어 연결하지 못했거나, 호스트로부터 응답이 없어 연결이 끊어졌습니다

During handling of the above exception, another exception occurred:

Traceback (most recent call last):
  File "C:\Python38\lib\site-packages\requests\adapters.py", line 439, in send
    resp = conn.urlopen(
  File "C:\Python38\lib\site-packages\urllib3\connectionpool.py", line 726, in urlopen
    retries = retries.increment(
  File "C:\Python38\lib\site-packages\urllib3\util\retry.py", line 439, in increment
    raise MaxRetryError(_pool, url, error or ResponseError(cause))
urllib3.exceptions.MaxRetryError: HTTPConnectionPool(host='ysweb.yonsei.ac.kr', port=8888): Max retries exceeded with url: /curri120601/curri_pop_mileage_result01.jsp (Caused by NewConnectionError('<urllib3.connection.HTTPConnection object at 0x000001A7DE7642E0>: Failed to establish a new connection: [WinError 10060] 연결된 구성원으로부터 응답이 없어 연결하지 못했거나, 호스트로부터 응답이 없어 연결이 끊어졌습니다'))

During handling of the above exception, another exception occurred:

Traceback (most recent call last):
  File "c:/Users/user/Desktop/ToyProject/YonseiTotto/DataCleanser/CRAWLER.py", line 393, in <module>
    req = requests.get(RESULT_URL, headers=HEADERS, data=data) # json=data로 할 때는 왜 안 될까.
  File "C:\Python38\lib\site-packages\requests\api.py", line 76, in get
    return request('get', url, params=params, **kwargs)
  File "C:\Python38\lib\site-packages\requests\api.py", line 61, in request
    return session.request(method=method, url=url, **kwargs)
  File "C:\Python38\lib\site-packages\requests\sessions.py", line 530, in request
    resp = self.send(prep, **send_kwargs)
  File "C:\Python38\lib\site-packages\requests\sessions.py", line 643, in send
    r = adapter.send(request, **kwargs)
  File "C:\Python38\lib\site-packages\requests\adapters.py", line 516, in send
    raise ConnectionError(e, request=request)
requests.exceptions.ConnectionError: HTTPConnectionPool(host='ysweb.yonsei.ac.kr', port=8888): Max retries exceeded with url: /curri120601/curri_pop_mileage_result01.jsp (Caused by NewConnectionError('<urllib3.connection.HTTPConnection object at 0x000001A7DE7642E0>: Failed to establish a new connection: [WinError 10060] 연결된 구성원으로부터 응답이 없어 연결하지 못했거나, 호스트로부터 응답이 없어 연결이 끊어졌습니다'))

[INFO|CRAWLER.py] 2020-11-18 11:42:59,463 > FINISHED_LECT_OBJs에 20202-ALL 전부 등록 완료
